<?xml version="1.0" encoding="utf-8"?><testsuites name="pytest tests"><testsuite name="pytest" errors="0" failures="1" skipped="0" tests="147" time="135.979" timestamp="2026-05-28T03:43:39.405115+01:00" hostname="DESKTOP-4PKG82K"><testcase classname="tests.security.test_attendance_session_security" name="test_only_censeur_can_create_session" time="1.289" /><testcase classname="tests.security.test_attendance_session_security" name="test_only_censeur_can_mark_attendance" time="1.559" /><testcase classname="tests.security.test_attendance_session_security" name="test_only_censeur_can_update_record" time="1.252" /><testcase classname="tests.security.test_attendance_session_security" name="test_unauthenticated_cannot_access" time="1.076" /><testcase classname="tests.security.test_attendance_session_security" name="test_cannot_mark_duplicate_attendance" time="1.217" /><testcase classname="tests.security.test_attendance_session_security" name="test_cannot_access_other_censeur_sessions" time="1.532" /><testcase classname="tests.security.test_attendance_session_security" name="test_sql_injection_protection" time="1.123" /><testcase classname="tests.security.test_attendance_session_security" name="test_xss_protection" time="1.098" /><testcase classname="tests.security.test_attendance_session_security" name="test_invalid_uuid_protection" time="0.961" /><testcase classname="tests.security.test_attendance_session_security" name="test_rate_limiting" time="1.737" /><testcase classname="tests.security.test_attendance_session_security" name="test_invalid_status_values" time="1.465" /><testcase classname="tests.security.test_attendance_session_security" name="test_invalid_date_format" time="1.106" /><testcase classname="tests.security.test_attendance_session_security" name="test_cannot_modify_past_sessions" time="0.914" /><testcase classname="tests.security.test_attendance_session_security" name="test_token_expiration" time="1.198" /><testcase classname="tests.security.test_attendance_session_security" name="test_censeur_adjoint_has_same_permissions" time="1.236" /><testcase classname="tests.security.test_contribution_security.TestContributionSecurity" name="test_sql_injection_in_filters" time="1.256" /><testcase classname="tests.security.test_contribution_security.TestContributionSecurity" name="test_xss_in_notes_field" time="1.218" /><testcase classname="tests.security.test_contribution_security.TestContributionSecurity" name="test_unauthorized_access_without_token" time="0.746" /><testcase classname="tests.security.test_contribution_security.TestContributionSecurity" name="test_unauthorized_access_with_invalid_token" time="0.713" /><testcase classname="tests.security.test_contribution_security.TestContributionSecurity" name="test_forbidden_access_for_servant" time="0.875" /><testcase classname="tests.security.test_contribution_security.TestContributionSecurity" name="test_cannot_access_other_servant_data_without_permission" time="0.691" /><testcase classname="tests.security.test_contribution_security.TestContributionSecurity" name="test_negative_amount_rejected" time="1.377" /><testcase classname="tests.security.test_contribution_security.TestContributionSecurity" name="test_zero_amount_rejected" time="1.269" /><testcase classname="tests.security.test_contribution_security.TestContributionSecurity" name="test_invalid_month_rejected" time="1.389" /><testcase classname="tests.security.test_contribution_security.TestContributionSecurity" name="test_invalid_year_rejected" time="1.303" /><testcase classname="tests.security.test_contribution_security.TestContributionSecurity" name="test_uuid_validation" time="1.120" /><testcase classname="tests.security.test_contribution_security.TestContributionSecurity" name="test_rate_limiting_protection" time="1.991" /><testcase classname="tests.security.test_contribution_security.TestContributionSecurity" name="test_data_leakage_in_error_messages" time="0.910" /><testcase classname="tests.security.test_contribution_security.TestContributionInputValidation" name="test_payment_mode_validation" time="1.441" /><testcase classname="tests.security.test_contribution_security.TestContributionInputValidation" name="test_date_format_validation" time="1.421" /><testcase classname="tests.security.test_contribution_security.TestContributionInputValidation" name="test_week_number_range_validation" time="1.222" /><testcase classname="tests.security.test_contribution_security.TestContributionInputValidation" name="test_very_long_notes_field" time="1.562" /><testcase classname="tests.security.test_financial_entry_security" name="test_only_commissaire_can_create_entry" time="0.965" /><testcase classname="tests.security.test_financial_entry_security" name="test_cannot_modify_verified_entry" time="1.183" /><testcase classname="tests.security.test_financial_entry_security" name="test_sql_injection_protection" time="1.112" /><testcase classname="tests.security.test_financial_entry_security" name="test_negative_amount_rejected" time="1.106" /><testcase classname="tests.security.test_financial_entry_security" name="test_token_expiration" time="0.920" /><testcase classname="tests.security.test_jwt_security.TestInvalidTokens" name="test_no_token_401" time="0.708" /><testcase classname="tests.security.test_jwt_security.TestInvalidTokens" name="test_empty_bearer_401" time="0.620" /><testcase classname="tests.security.test_jwt_security.TestInvalidTokens" name="test_garbage_token_401" time="0.665" /><testcase classname="tests.security.test_jwt_security.TestInvalidTokens" name="test_wrong_signature_401" time="0.792" /><testcase classname="tests.security.test_jwt_security.TestInvalidTokens" name="test_wrong_algorithm_401" time="1.069" /><testcase classname="tests.security.test_jwt_security.TestExpiredToken" name="test_expired_access_token_401" time="0.679" /><testcase classname="tests.security.test_jwt_security.TestTokenMissingRole" name="test_token_without_role_rejected" time="1.031" /><testcase classname="tests.security.test_jwt_security.TestTokenRoleMismatch" name="test_servant_token_claiming_admin_role" time="0.867" /><testcase classname="tests.security.test_jwt_security.TestTokenRoleMismatch" name="test_parent_token_claiming_admin_role" time="0.907" /><testcase classname="tests.security.test_jwt_security.TestTokenNonexistentUser" name="test_token_for_deleted_user_401" time="0.678" /><testcase classname="tests.security.test_jwt_security.TestInjectionAttempts" name="test_sql_injection_in_email_login[' OR 1=1 --]" time="0.777" /><testcase classname="tests.security.test_jwt_security.TestInjectionAttempts" name="test_sql_injection_in_email_login['; DROP TABLE users; --]" time="0.696" /><testcase classname="tests.security.test_jwt_security.TestInjectionAttempts" name="test_sql_injection_in_email_login[admin@test.com' OR '1'='1]" time="0.521" /><testcase classname="tests.security.test_jwt_security.TestInjectionAttempts" name="test_sql_injection_in_email_login[1; SELECT * FROM users]" time="0.864" /><testcase classname="tests.security.test_jwt_security.TestInjectionAttempts" name="test_sql_injection_in_phone_login[' OR 1=1 --]" time="0.495" /><testcase classname="tests.security.test_jwt_security.TestInjectionAttempts" name="test_sql_injection_in_phone_login['; DROP TABLE users; --]" time="0.869" /><testcase classname="tests.security.test_jwt_security.TestInjectionAttempts" name="test_sql_injection_in_phone_login[admin@test.com' OR '1'='1]" time="0.918" /><testcase classname="tests.security.test_jwt_security.TestInjectionAttempts" name="test_sql_injection_in_phone_login[1; SELECT * FROM users]" time="0.745" /><testcase classname="tests.security.test_jwt_security.TestInjectionAttempts" name="test_xss_in_registration[&lt;script&gt;alert('xss')&lt;/script&gt;]" time="0.714" /><testcase classname="tests.security.test_jwt_security.TestInjectionAttempts" name="test_xss_in_registration[javascript:alert(1)]" time="1.107" /><testcase classname="tests.security.test_jwt_security.TestInjectionAttempts" name="test_xss_in_registration[&lt;img src=x onerror=alert(1)&gt;]" time="0.899" /><testcase classname="tests.security.test_jwt_security.TestRefreshTokenMisuse" name="test_refresh_token_cannot_be_used_as_access" time="0.672" /><testcase classname="tests.security.test_jwt_security.TestRefreshTokenMisuse" name="test_reset_token_cannot_be_used_as_access" time="1.269" /><testcase classname="tests.security.test_pii_data_isolation.TestUsersTableHasNoPII" name="test_no_plaintext_first_name" time="0.468" /><testcase classname="tests.security.test_pii_data_isolation.TestUsersTableHasNoPII" name="test_no_plaintext_last_name" time="0.438" /><testcase classname="tests.security.test_pii_data_isolation.TestUsersTableHasNoPII" name="test_no_plaintext_email" time="0.505" /><testcase classname="tests.security.test_pii_data_isolation.TestUsersTableHasNoPII" name="test_no_plaintext_phone" time="0.478" /><testcase classname="tests.security.test_pii_data_isolation.TestUsersTableHasNoPII" name="test_email_hmac_is_not_email" time="0.437" /><testcase classname="tests.security.test_pii_data_isolation.TestUsersTableHasNoPII" name="test_phone_hmac_is_not_phone" time="0.475" /><testcase classname="tests.security.test_pii_data_isolation.TestUsersTableHasNoPII" name="test_sql_search_by_plaintext_email_finds_nothing" time="0.455" /><testcase classname="tests.security.test_pii_data_isolation.TestUsersTableHasNoPII" name="test_full_table_scan_reveals_no_names" time="0.910" /><testcase classname="tests.security.test_pii_data_isolation.TestHmacIndexIsolation" name="test_hmac_lookup_returns_only_correct_user" time="0.702" /><testcase classname="tests.security.test_pii_data_isolation.TestHmacIndexIsolation" name="test_similar_emails_have_different_hmac" time="0.231" /><testcase classname="tests.security.test_pii_data_isolation.TestHmacIndexIsolation" name="test_wrong_email_returns_none" time="0.453" /><testcase classname="tests.security.test_pii_data_isolation.TestDisciplineTableHasNoPII" name="test_offense_description_not_plaintext" time="0.713" /><testcase classname="tests.security.test_pii_data_isolation.TestDisciplineTableHasNoPII" name="test_verdict_notes_not_plaintext" time="0.667" /><testcase classname="tests.security.test_pii_data_isolation.TestAttendanceTableHasNoPII" name="test_medical_justification_not_plaintext" time="0.448" /><testcase classname="tests.security.test_pii_data_isolation.TestSundayAssignmentTableHasNoPII" name="test_servant_name_not_plaintext" time="0.483" /><testcase classname="tests.security.test_rbac.TestAdminEndpointsRBAC" name="test_servant_rejected[POST-/api/v1/admin/invitations-body0]" time="1.089" /><testcase classname="tests.security.test_rbac.TestAdminEndpointsRBAC" name="test_servant_rejected[GET-/api/v1/admin/invitations-None]" time="0.767" /><testcase classname="tests.security.test_rbac.TestAdminEndpointsRBAC" name="test_servant_rejected[POST-/api/v1/admin/users/parent-body2]" time="0.962" /><testcase classname="tests.security.test_rbac.TestAdminEndpointsRBAC" name="test_servant_rejected[POST-/api/v1/admin/users/aum%C3%B4nier-body3]" time="0.936" /><testcase classname="tests.security.test_rbac.TestAdminEndpointsRBAC" name="test_servant_rejected[POST-/api/v1/admin/users/admin-body4]" time="0.698" /><testcase classname="tests.security.test_rbac.TestAdminEndpointsRBAC" name="test_parent_rejected[POST-/api/v1/admin/invitations-body0]" time="0.899" /><testcase classname="tests.security.test_rbac.TestAdminEndpointsRBAC" name="test_parent_rejected[GET-/api/v1/admin/invitations-None]" time="0.927" /><testcase classname="tests.security.test_rbac.TestAdminEndpointsRBAC" name="test_parent_rejected[POST-/api/v1/admin/users/parent-body2]" time="1.053" /><testcase classname="tests.security.test_rbac.TestAdminEndpointsRBAC" name="test_parent_rejected[POST-/api/v1/admin/users/aum%C3%B4nier-body3]" time="1.047" /><testcase classname="tests.security.test_rbac.TestAdminEndpointsRBAC" name="test_parent_rejected[POST-/api/v1/admin/users/admin-body4]" time="0.987" /><testcase classname="tests.security.test_rbac.TestAdminEndpointsRBAC" name="test_aumonier_rejected[POST-/api/v1/admin/invitations-body0]" time="0.737" /><testcase classname="tests.security.test_rbac.TestAdminEndpointsRBAC" name="test_aumonier_rejected[GET-/api/v1/admin/invitations-None]" time="0.945" /><testcase classname="tests.security.test_rbac.TestAdminEndpointsRBAC" name="test_aumonier_rejected[POST-/api/v1/admin/users/parent-body2]" time="0.762" /><testcase classname="tests.security.test_rbac.TestAdminEndpointsRBAC" name="test_aumonier_rejected[POST-/api/v1/admin/users/aum%C3%B4nier-body3]" time="0.882" /><testcase classname="tests.security.test_rbac.TestAdminEndpointsRBAC" name="test_aumonier_rejected[POST-/api/v1/admin/users/admin-body4]" time="0.898" /><testcase classname="tests.security.test_rbac.TestAdminEndpointsRBAC" name="test_unauthenticated_rejected[POST-/api/v1/admin/invitations-body0]" time="0.518" /><testcase classname="tests.security.test_rbac.TestAdminEndpointsRBAC" name="test_unauthenticated_rejected[GET-/api/v1/admin/invitations-None]" time="0.795" /><testcase classname="tests.security.test_rbac.TestAdminEndpointsRBAC" name="test_unauthenticated_rejected[POST-/api/v1/admin/users/parent-body2]" time="0.721" /><testcase classname="tests.security.test_rbac.TestAdminEndpointsRBAC" name="test_unauthenticated_rejected[POST-/api/v1/admin/users/aum%C3%B4nier-body3]" time="0.602" /><testcase classname="tests.security.test_rbac.TestAdminEndpointsRBAC" name="test_unauthenticated_rejected[POST-/api/v1/admin/users/admin-body4]" time="0.800" /><testcase classname="tests.security.test_rbac.TestLoginMethodEnforcement" name="test_admin_cannot_use_phone_login" time="0.938" /><testcase classname="tests.security.test_rbac.TestLoginMethodEnforcement" name="test_servant_cannot_use_email_login" time="0.783" /><testcase classname="tests.security.test_rbac.TestLoginMethodEnforcement" name="test_parent_cannot_use_email_login" time="0.984" /><testcase classname="tests.security.test_rbac.TestSelfRegistrationRestrictions" name="test_cannot_register_as_admin" time="0.674" /><testcase classname="tests.security.test_rbac.TestSelfRegistrationRestrictions" name="test_cannot_register_as_aumonier" time="0.459" /><testcase classname="tests.security.test_rbac.TestSelfRegistrationRestrictions" name="test_invalid_role_value_422" time="0.835" /><testcase classname="tests.security.test_rbac_users.TestUsersRbac" name="test_servant_cannot_access_admin_endpoints" time="0.981" /><testcase classname="tests.security.test_rbac_users.TestUsersRbac" name="test_parent_cannot_access_admin_endpoints" time="1.134" /><testcase classname="tests.security.test_rbac_users.TestUsersRbac" name="test_unauthenticated_cannot_access_any_user_endpoint" time="0.669" /><testcase classname="tests.security.test_rbac_users.TestSelfServiceIsolation" name="test_servant_can_view_own_profile" time="0.693" /><testcase classname="tests.security.test_rbac_users.TestSelfServiceIsolation" name="test_parent_can_update_own_profile" time="1.005" /><testcase classname="tests.security.test_rbac_users.TestSelfServiceIsolation" name="test_inactive_user_cannot_access" time="1.001" /><testcase classname="tests.security.test_report_security" name="test_only_secretaire_can_create_report" time="0.934" /><testcase classname="tests.security.test_report_security" name="test_only_secretaire_can_modify_report" time="1.652" /><testcase classname="tests.security.test_report_security" name="test_only_secretaire_can_delete_report" time="1.433" /><testcase classname="tests.security.test_report_security" name="test_only_secretaire_can_publish_report" time="1.114" /><testcase classname="tests.security.test_report_security" name="test_unauthenticated_cannot_access" time="1.203" /><testcase classname="tests.security.test_report_security" name="test_non_secretaire_cannot_see_draft_reports" time="1.016" /><testcase classname="tests.security.test_report_security" name="test_sql_injection_protection" time="0.933" /><testcase classname="tests.security.test_report_security" name="test_xss_protection" time="1.432" /><testcase classname="tests.security.test_report_security" name="test_invalid_uuid_protection" time="1.224" /><testcase classname="tests.security.test_report_security" name="test_cannot_modify_other_secretaire_report" time="1.175" /><testcase classname="tests.security.test_report_security" name="test_rate_limiting" time="1.996" /><testcase classname="tests.security.test_report_security" name="test_invalid_report_type" time="1.091" /><testcase classname="tests.security.test_report_security" name="test_invalid_date_format" time="0.919" /><testcase classname="tests.security.test_report_security" name="test_empty_title_rejected" time="1.267" /><testcase classname="tests.security.test_report_security" name="test_empty_content_rejected" time="0.964" /><testcase classname="tests.security.test_report_security" name="test_token_expiration" time="1.322" /><testcase classname="tests.security.test_report_security" name="test_secretaire_adjoint_has_same_permissions" time="1.308" /><testcase classname="tests.security.test_report_security" name="test_large_file_attachment_rejected" time="0.992" /><testcase classname="tests.security.test_report_security" name="test_invalid_file_url" time="1.302" /><testcase classname="tests.security.test_report_security" name="test_cannot_delete_nonexistent_report" time="1.360" /><testcase classname="tests.security.test_security_hardening.TestJwtTokenId" name="test_access_token_has_jti" time="0.002" /><testcase classname="tests.security.test_security_hardening.TestJwtTokenId" name="test_refresh_token_has_jti" time="0.001" /><testcase classname="tests.security.test_security_hardening.TestJwtTokenId" name="test_reset_token_has_jti" time="0.001" /><testcase classname="tests.security.test_security_hardening.TestJwtTokenId" name="test_two_tokens_have_different_jti" time="0.001" /><testcase classname="tests.security.test_security_hardening.TestJwtTokenId" name="test_access_token_has_issuer" time="0.001" /><testcase classname="tests.security.test_security_hardening.TestJwtTokenId" name="test_access_token_has_iat" time="0.001" /><testcase classname="tests.security.test_security_hardening.TestBruteForceIntegration" name="test_email_login_lockout_after_failures" time="1.888"><failure message="AssertionError: assert 'locked' in 'compte temporairement bloqu\xe9 suite \xe0 trop de tentatives \xe9chou\xe9es. r\xe9essayez dans 60 secondes.'&#10; +  where 'compte temporairement bloqu\xe9 suite \xe0 trop de tentatives \xe9chou\xe9es. r\xe9essayez dans 60 secondes.' = &lt;built-in method lower of str object at 0x0000020AFD46A3D0&gt;()&#10; +    where &lt;built-in method lower of str object at 0x0000020AFD46A3D0&gt; = 'Compte temporairement bloqu\xe9 suite \xe0 trop de tentatives \xe9chou\xe9es. R\xe9essayez dans 60 secondes.'.lower">tests\security\test_security_hardening.py:112: in test_email_login_lockout_after_failures
    assert "locked" in resp.json()["detail"].lower()
E   AssertionError: assert 'locked' in 'compte temporairement bloqu\xe9 suite \xe0 trop de tentatives \xe9chou\xe9es. r\xe9essayez dans 60 secondes.'
E    +  where 'compte temporairement bloqu\xe9 suite \xe0 trop de tentatives \xe9chou\xe9es. r\xe9essayez dans 60 secondes.' = &lt;built-in method lower of str object at 0x0000020AFD46A3D0&gt;()
E    +    where &lt;built-in method lower of str object at 0x0000020AFD46A3D0&gt; = 'Compte temporairement bloqu\xe9 suite \xe0 trop de tentatives \xe9chou\xe9es. R\xe9essayez dans 60 secondes.'.lower</failure></testcase><testcase classname="tests.security.test_security_hardening.TestBruteForceIntegration" name="test_phone_login_lockout_after_failures" time="2.049" /><testcase classname="tests.security.test_security_hardening.TestBruteForceIntegration" name="test_successful_login_resets_lockout" time="2.654" /><testcase classname="tests.security.test_security_hardening.TestBruteForceIntegration" name="test_lockout_includes_retry_after_header" time="1.780" /><testcase classname="tests.security.test_security_hardening.TestBruteForceIntegration" name="test_different_users_independent_lockout" time="2.791" /><testcase classname="tests.security.test_security_hardening.TestSecurityHeaders" name="test_security_headers_middleware_exists" time="0.003" /><testcase classname="tests.security.test_security_hardening.TestSecurityHeaders" name="test_rate_limit_middleware_exists" time="0.002" /><testcase classname="tests.security.test_security_hardening.TestSecurityHeaders" name="test_error_handler_middleware_exists" time="0.003" /><testcase classname="tests.security.test_security_hardening.TestSecurityHeaders" name="test_logging_middleware_exists" time="0.001" /><testcase classname="tests.security.test_security_hardening.TestPasswordSecurity" name="test_bcrypt_hash_format" time="0.212" /><testcase classname="tests.security.test_security_hardening.TestPasswordSecurity" name="test_bcrypt_rounds" time="0.213" /><testcase classname="tests.security.test_security_hardening.TestPasswordSecurity" name="test_verify_password_timing_safe" time="0.433" /><testcase classname="tests.security.test_security_hardening.TestCorsConfiguration" name="test_cors_origins_not_wildcard" time="0.001" /><testcase classname="tests.security.test_security_hardening.TestCorsConfiguration" name="test_allowed_hosts_defined" time="0.002" /></testsuite></testsuites>