<?xml version="1.0" encoding="utf-8"?><testsuites name="pytest tests"><testsuite name="pytest" errors="0" failures="0" skipped="0" tests="334" time="30.203" timestamp="2026-05-28T03:42:57.738970+01:00" hostname="DESKTOP-4PKG82K"><testcase classname="tests.unit.test_assignment_service" name="test_create_assignment_success" time="0.230" /><testcase classname="tests.unit.test_assignment_service" name="test_update_my_status_success" time="0.006" /><testcase classname="tests.unit.test_assignment_service" name="test_mark_presence_success" time="0.008" /><testcase classname="tests.unit.test_attendance_session_service" name="test_create_session_success" time="0.007" /><testcase classname="tests.unit.test_attendance_session_service" name="test_mark_attendance_success" time="0.009" /><testcase classname="tests.unit.test_auth_service.TestAuthenticateEmail" name="test_admin_email_login_success" time="0.244" /><testcase classname="tests.unit.test_auth_service.TestAuthenticateEmail" name="test_aumonier_email_login_success" time="0.266" /><testcase classname="tests.unit.test_auth_service.TestAuthenticateEmail" name="test_servant_email_login_rejected_403" time="0.013" /><testcase classname="tests.unit.test_auth_service.TestAuthenticateEmail" name="test_parent_email_login_rejected_403" time="0.010" /><testcase classname="tests.unit.test_auth_service.TestAuthenticateEmail" name="test_nonexistent_email_401" time="0.007" /><testcase classname="tests.unit.test_auth_service.TestAuthenticateEmail" name="test_wrong_password_401" time="0.240" /><testcase classname="tests.unit.test_auth_service.TestAuthenticateEmail" name="test_inactive_user_403" time="0.236" /><testcase classname="tests.unit.test_auth_service.TestAuthenticatePhone" name="test_servant_phone_login_success" time="0.229" /><testcase classname="tests.unit.test_auth_service.TestAuthenticatePhone" name="test_parent_phone_login_success" time="0.217" /><testcase classname="tests.unit.test_auth_service.TestAuthenticatePhone" name="test_admin_phone_login_rejected_403" time="0.002" /><testcase classname="tests.unit.test_auth_service.TestAuthenticatePhone" name="test_aumonier_phone_login_rejected_403" time="0.003" /><testcase classname="tests.unit.test_auth_service.TestAuthenticatePhone" name="test_nonexistent_phone_401" time="0.003" /><testcase classname="tests.unit.test_auth_service.TestAuthenticatePhone" name="test_wrong_password_phone_401" time="0.218" /><testcase classname="tests.unit.test_auth_service.TestAuthenticatePhone" name="test_inactive_phone_user_403" time="0.220" /><testcase classname="tests.unit.test_auth_service.TestRegisterServant" name="test_servant_self_register_success" time="0.222" /><testcase classname="tests.unit.test_auth_service.TestRegisterServant" name="test_duplicate_email_400" time="0.002" /><testcase classname="tests.unit.test_auth_service.TestRegisterServant" name="test_duplicate_phone_400" time="0.005" /><testcase classname="tests.unit.test_auth_service.TestRegisterParent" name="test_parent_with_valid_invitation" time="0.218" /><testcase classname="tests.unit.test_auth_service.TestRegisterParent" name="test_parent_without_code_400" time="0.003" /><testcase classname="tests.unit.test_auth_service.TestRegisterParent" name="test_parent_with_invalid_code_400" time="0.004" /><testcase classname="tests.unit.test_auth_service.TestRegisterParent" name="test_parent_email_locked_invitation_mismatch_403" time="0.004" /><testcase classname="tests.unit.test_auth_service.TestRegisterParent" name="test_parent_phone_locked_invitation_mismatch_403" time="0.004" /><testcase classname="tests.unit.test_auth_service.TestRegisterParent" name="test_parent_created_by_admin_no_code_needed" time="0.222" /><testcase classname="tests.unit.test_auth_service.TestRegisterRestricted" name="test_admin_self_register_403" time="0.004" /><testcase classname="tests.unit.test_auth_service.TestRegisterRestricted" name="test_aumonier_self_register_403" time="0.004" /><testcase classname="tests.unit.test_auth_service.TestCreateTokens" name="test_returns_token_with_bearer_type" time="0.008" /><testcase classname="tests.unit.test_auth_service.TestCreateTokens" name="test_access_token_contains_role" time="0.008" /><testcase classname="tests.unit.test_auth_service.TestCreateTokens" name="test_refresh_token_contains_role_and_type" time="0.006" /><testcase classname="tests.unit.test_brute_force.TestBruteForceProtection" name="test_first_attempt_not_locked" time="0.003" /><testcase classname="tests.unit.test_brute_force.TestBruteForceProtection" name="test_single_failure_not_locked" time="0.004" /><testcase classname="tests.unit.test_brute_force.TestBruteForceProtection" name="test_four_failures_not_locked" time="0.003" /><testcase classname="tests.unit.test_brute_force.TestBruteForceProtection" name="test_five_failures_triggers_lockout" time="0.004" /><testcase classname="tests.unit.test_brute_force.TestBruteForceProtection" name="test_locked_account_detected" time="0.005" /><testcase classname="tests.unit.test_brute_force.TestBruteForceProtection" name="test_ten_failures_longer_lockout" time="0.005" /><testcase classname="tests.unit.test_brute_force.TestBruteForceProtection" name="test_success_resets_counter" time="0.005" /><testcase classname="tests.unit.test_brute_force.TestBruteForceProtection" name="test_different_identifiers_independent" time="0.004" /><testcase classname="tests.unit.test_brute_force.TestBruteForceProtection" name="test_remaining_attempts_decreases" time="0.004" /><testcase classname="tests.unit.test_brute_force.TestBruteForceProtection" name="test_cleanup_removes_old_entries" time="0.006" /><testcase classname="tests.unit.test_brute_force.TestBruteForceProtection" name="test_success_on_unknown_identifier_no_error" time="0.004" /><testcase classname="tests.unit.test_common_schemas.TestPageLinks" name="test_all_fields_optional" time="0.001" /><testcase classname="tests.unit.test_common_schemas.TestPageLinks" name="test_set_values" time="0.001" /><testcase classname="tests.unit.test_common_schemas.TestPageLinks" name="test_json_serializable" time="0.001" /><testcase classname="tests.unit.test_common_schemas.TestPaginatedResponse" name="test_basic_construction" time="0.003" /><testcase classname="tests.unit.test_common_schemas.TestPaginatedResponse" name="test_links_optional" time="0.003" /><testcase classname="tests.unit.test_common_schemas.TestPaginatedResponse" name="test_with_links" time="0.003" /><testcase classname="tests.unit.test_common_schemas.TestPaginatedResponse" name="test_model_dump_contains_links" time="0.002" /><testcase classname="tests.unit.test_common_schemas.TestPaginatedResponse" name="test_generic_type_works_with_dicts" time="0.003" /><testcase classname="tests.unit.test_common_schemas.TestBuildPaginatedResponse" name="test_returns_dict" time="0.001" /><testcase classname="tests.unit.test_common_schemas.TestBuildPaginatedResponse" name="test_required_keys_present" time="0.001" /><testcase classname="tests.unit.test_common_schemas.TestBuildPaginatedResponse" name="test_total_pages_computed" time="0.001" /><testcase classname="tests.unit.test_common_schemas.TestBuildPaginatedResponse" name="test_total_pages_exact" time="0.002" /><testcase classname="tests.unit.test_common_schemas.TestBuildPaginatedResponse" name="test_no_links_without_request" time="0.004" /><testcase classname="tests.unit.test_common_schemas.TestBuildPaginatedResponse" name="test_links_present_with_request" time="0.003" /><testcase classname="tests.unit.test_common_schemas.TestBuildPaginatedResponse" name="test_links_first_page" time="0.003" /><testcase classname="tests.unit.test_common_schemas.TestBuildPaginatedResponse" name="test_links_last_page" time="0.002" /><testcase classname="tests.unit.test_common_schemas.TestBuildPaginatedResponse" name="test_links_preserve_extra_query_params" time="0.003" /><testcase classname="tests.unit.test_common_schemas.TestBuildPaginatedResponse" name="test_links_self_has_current_page" time="0.002" /><testcase classname="tests.unit.test_common_schemas.TestResourceLink" name="test_default_method_is_get" time="0.002" /><testcase classname="tests.unit.test_common_schemas.TestResourceLink" name="test_custom_method" time="0.001" /><testcase classname="tests.unit.test_common_schemas.TestResourceLink" name="test_make_link_prepends_api_prefix" time="0.001" /><testcase classname="tests.unit.test_common_schemas.TestResourceLink" name="test_make_link_custom_method" time="0.002" /><testcase classname="tests.unit.test_common_schemas.TestResourceLink" name="test_make_link_get_default" time="0.002" /><testcase classname="tests.unit.test_common_schemas.TestLinkBuilders" name="test_user_links_has_self" time="0.002" /><testcase classname="tests.unit.test_common_schemas.TestLinkBuilders" name="test_user_links_has_assignments" time="0.001" /><testcase classname="tests.unit.test_common_schemas.TestLinkBuilders" name="test_user_links_has_attendance" time="0.001" /><testcase classname="tests.unit.test_common_schemas.TestLinkBuilders" name="test_user_links_has_cotisations" time="0.001" /><testcase classname="tests.unit.test_common_schemas.TestLinkBuilders" name="test_discipline_links_has_self_and_accused" time="0.002" /><testcase classname="tests.unit.test_common_schemas.TestLinkBuilders" name="test_assignment_links_has_event" time="0.002" /><testcase classname="tests.unit.test_common_schemas.TestLinkBuilders" name="test_attendance_links_has_user" time="0.001" /><testcase classname="tests.unit.test_common_schemas.TestApiError" name="test_minimal_construction" time="0.001" /><testcase classname="tests.unit.test_common_schemas.TestApiError" name="test_with_code" time="0.001" /><testcase classname="tests.unit.test_common_schemas.TestApiError" name="test_with_field" time="0.002" /><testcase classname="tests.unit.test_common_schemas.TestApiError" name="test_with_error_id" time="0.002" /><testcase classname="tests.unit.test_common_schemas.TestApiError" name="test_json_serializable" time="0.002" /><testcase classname="tests.unit.test_common_schemas.TestErrorCode" name="test_not_found" time="0.001" /><testcase classname="tests.unit.test_common_schemas.TestErrorCode" name="test_forbidden" time="0.002" /><testcase classname="tests.unit.test_common_schemas.TestErrorCode" name="test_conflict" time="0.001" /><testcase classname="tests.unit.test_common_schemas.TestErrorCode" name="test_validation_error" time="0.003" /><testcase classname="tests.unit.test_common_schemas.TestErrorCode" name="test_unauthorized" time="0.001" /><testcase classname="tests.unit.test_common_schemas.TestErrorCode" name="test_internal" time="0.001" /><testcase classname="tests.unit.test_common_schemas.TestErrorCode" name="test_unprocessable" time="0.001" /><testcase classname="tests.unit.test_contribution_service.TestRecordPayment" name="test_record_monthly_payment_success" time="0.008" /><testcase classname="tests.unit.test_contribution_service.TestRecordPayment" name="test_record_weekly_payment_success" time="0.011" /><testcase classname="tests.unit.test_contribution_service.TestRecordPayment" name="test_record_payment_servant_not_found" time="0.009" /><testcase classname="tests.unit.test_contribution_service.TestRecordPayment" name="test_record_payment_user_not_servant" time="0.013" /><testcase classname="tests.unit.test_contribution_service.TestGetContribution" name="test_get_contribution_success" time="0.012" /><testcase classname="tests.unit.test_contribution_service.TestGetContribution" name="test_get_contribution_not_found" time="0.008" /><testcase classname="tests.unit.test_contribution_service.TestUpdatePayment" name="test_update_payment_success" time="0.008" /><testcase classname="tests.unit.test_contribution_service.TestUpdatePayment" name="test_update_payment_not_found" time="0.006" /><testcase classname="tests.unit.test_contribution_service.TestDeletePayment" name="test_delete_payment_success" time="0.011" /><testcase classname="tests.unit.test_contribution_service.TestDeletePayment" name="test_delete_payment_not_found" time="0.006" /><testcase classname="tests.unit.test_contribution_service.TestGenerateFinancialReport" name="test_generate_report_success" time="0.007" /><testcase classname="tests.unit.test_contribution_service.TestGetServantStats" name="test_get_servant_stats_success" time="0.006" /><testcase classname="tests.unit.test_contribution_service.TestGetServantStats" name="test_get_servant_stats_servant_not_found" time="0.004" /><testcase classname="tests.unit.test_database_session" name="test_sessionmanager_returns_sqlmodel_asyncsession_with_exec" time="0.004" /><testcase classname="tests.unit.test_discipline_service" name="test_open_case_success" time="0.006" /><testcase classname="tests.unit.test_discipline_service" name="test_render_verdict_success" time="0.004" /><testcase classname="tests.unit.test_discipline_service" name="test_execute_sanction_exclusion" time="0.004" /><testcase classname="tests.unit.test_encrypted_model_mixin.TestEncryptModel" name="test_encrypts_declared_fields" time="0.091" /><testcase classname="tests.unit.test_encrypted_model_mixin.TestEncryptModel" name="test_does_not_touch_undeclared_fields" time="0.066" /><testcase classname="tests.unit.test_encrypted_model_mixin.TestEncryptModel" name="test_none_fields_left_as_none" time="0.063" /><testcase classname="tests.unit.test_encrypted_model_mixin.TestEncryptModel" name="test_hmac_computed_before_encryption" time="0.062" /><testcase classname="tests.unit.test_encrypted_model_mixin.TestEncryptModel" name="test_hmac_phone_computed" time="0.068" /><testcase classname="tests.unit.test_encrypted_model_mixin.TestEncryptModel" name="test_hmac_none_when_field_is_none" time="0.105" /><testcase classname="tests.unit.test_encrypted_model_mixin.TestEncryptModel" name="test_encrypted_field_is_base64url" time="0.073" /><testcase classname="tests.unit.test_encrypted_model_mixin.TestDecryptModel" name="test_roundtrip" time="0.068" /><testcase classname="tests.unit.test_encrypted_model_mixin.TestDecryptModel" name="test_decrypt_none_stays_none" time="0.063" /><testcase classname="tests.unit.test_encrypted_model_mixin.TestDecryptModel" name="test_decrypt_ignores_plaintext_silently" time="0.066" /><testcase classname="tests.unit.test_encrypted_model_mixin.TestDecryptList" name="test_decrypts_all_models" time="0.069" /><testcase classname="tests.unit.test_encrypted_model_mixin.TestDecryptList" name="test_empty_list_does_nothing" time="0.070" /><testcase classname="tests.unit.test_encrypted_model_mixin.TestDecryptList" name="test_list_with_none_fields" time="0.064" /><testcase classname="tests.unit.test_encrypted_model_mixin.TestEncryptIdempotency" name="test_double_encrypt_then_single_decrypt_fails" time="0.068" /><testcase classname="tests.unit.test_field_encryption.TestEncryptDecrypt" name="test_roundtrip_simple" time="0.075" /><testcase classname="tests.unit.test_field_encryption.TestEncryptDecrypt" name="test_roundtrip_unicode" time="0.064" /><testcase classname="tests.unit.test_field_encryption.TestEncryptDecrypt" name="test_roundtrip_long_string" time="0.071" /><testcase classname="tests.unit.test_field_encryption.TestEncryptDecrypt" name="test_roundtrip_email" time="0.063" /><testcase classname="tests.unit.test_field_encryption.TestEncryptDecrypt" name="test_roundtrip_phone" time="0.066" /><testcase classname="tests.unit.test_field_encryption.TestEncryptDecrypt" name="test_encrypt_none_returns_none" time="0.073" /><testcase classname="tests.unit.test_field_encryption.TestEncryptDecrypt" name="test_encrypt_empty_returns_empty" time="0.076" /><testcase classname="tests.unit.test_field_encryption.TestEncryptDecrypt" name="test_decrypt_none_returns_none" time="0.081" /><testcase classname="tests.unit.test_field_encryption.TestEncryptDecrypt" name="test_decrypt_empty_returns_empty" time="0.066" /><testcase classname="tests.unit.test_field_encryption.TestEncryptDecrypt" name="test_ciphertext_is_base64url" time="0.068" /><testcase classname="tests.unit.test_field_encryption.TestEncryptDecrypt" name="test_ciphertext_is_not_plaintext" time="0.067" /><testcase classname="tests.unit.test_field_encryption.TestEncryptDecrypt" name="test_two_encryptions_produce_different_blobs" time="0.085" /><testcase classname="tests.unit.test_field_encryption.TestEncryptDecrypt" name="test_decrypt_with_corrupted_blob_raises" time="0.074" /><testcase classname="tests.unit.test_field_encryption.TestEncryptDecrypt" name="test_decrypt_truncated_blob_raises" time="0.067" /><testcase classname="tests.unit.test_field_encryption.TestEncryptDecrypt" name="test_decrypt_wrong_key_raises" time="0.137" /><testcase classname="tests.unit.test_field_encryption.TestEncryptDecrypt" name="test_different_instances_same_key_roundtrip" time="0.126" /><testcase classname="tests.unit.test_field_encryption.TestHmacIndex" name="test_deterministic" time="0.063" /><testcase classname="tests.unit.test_field_encryption.TestHmacIndex" name="test_case_insensitive" time="0.069" /><testcase classname="tests.unit.test_field_encryption.TestHmacIndex" name="test_strips_whitespace" time="0.067" /><testcase classname="tests.unit.test_field_encryption.TestHmacIndex" name="test_different_values_different_hmac" time="0.066" /><testcase classname="tests.unit.test_field_encryption.TestHmacIndex" name="test_hmac_none_returns_none" time="0.073" /><testcase classname="tests.unit.test_field_encryption.TestHmacIndex" name="test_hmac_empty_returns_none" time="0.067" /><testcase classname="tests.unit.test_field_encryption.TestHmacIndex" name="test_hmac_is_hex_string" time="0.068" /><testcase classname="tests.unit.test_field_encryption.TestHmacIndex" name="test_different_keys_different_hmac" time="0.130" /><testcase classname="tests.unit.test_field_encryption.TestDecryptStrFields" name="test_decrypts_specified_fields" time="0.065" /><testcase classname="tests.unit.test_field_encryption.TestDecryptStrFields" name="test_ignores_none_fields" time="0.072" /><testcase classname="tests.unit.test_field_encryption.TestDecryptStrFields" name="test_ignores_plaintext_fields_silently" time="0.074" /><testcase classname="tests.unit.test_field_encryption.TestDecryptStrFields" name="test_missing_field_ignored" time="0.075" /><testcase classname="tests.unit.test_field_encryption.TestGetEncryptor" name="test_returns_field_encryptor_instance" time="0.071" /><testcase classname="tests.unit.test_field_encryption.TestGetEncryptor" name="test_singleton_same_instance" time="0.067" /><testcase classname="tests.unit.test_field_encryption.TestGetEncryptor" name="test_singleton_raises_without_key" time="0.008" /><testcase classname="tests.unit.test_financial_entry_service" name="test_create_entry" time="0.004" /><testcase classname="tests.unit.test_financial_entry_service" name="test_verify_entry" time="0.004" /><testcase classname="tests.unit.test_financial_entry_service" name="test_generate_recommendations" time="0.003" /><testcase classname="tests.unit.test_material_service" name="test_create_item" time="0.004" /><testcase classname="tests.unit.test_material_service" name="test_create_cleaning_task" time="0.008" /><testcase classname="tests.unit.test_material_service" name="test_assign_servant_to_task" time="0.006" /><testcase classname="tests.unit.test_material_service" name="test_validate_cleaning_task_not_completed" time="0.008" /><testcase classname="tests.unit.test_pagination_utils.TestPageParams" name="test_defaults" time="0.001" /><testcase classname="tests.unit.test_pagination_utils.TestPageParams" name="test_custom_values" time="0.001" /><testcase classname="tests.unit.test_pagination_utils.TestPageParams" name="test_page_zero_raises" time="0.001" /><testcase classname="tests.unit.test_pagination_utils.TestPageParams" name="test_page_negative_raises" time="0.001" /><testcase classname="tests.unit.test_pagination_utils.TestPageParams" name="test_page_size_zero_raises" time="0.001" /><testcase classname="tests.unit.test_pagination_utils.TestPageParams" name="test_page_size_over_max_raises" time="0.001" /><testcase classname="tests.unit.test_pagination_utils.TestPageParams" name="test_page_size_max_allowed" time="0.001" /><testcase classname="tests.unit.test_pagination_utils.TestPageParams" name="test_offset_first_page" time="0.001" /><testcase classname="tests.unit.test_pagination_utils.TestPageParams" name="test_offset_second_page" time="0.001" /><testcase classname="tests.unit.test_pagination_utils.TestPageParams" name="test_offset_arbitrary" time="0.001" /><testcase classname="tests.unit.test_pagination_utils.TestPageParams" name="test_total_pages_exact_multiple" time="0.001" /><testcase classname="tests.unit.test_pagination_utils.TestPageParams" name="test_total_pages_remainder" time="0.001" /><testcase classname="tests.unit.test_pagination_utils.TestPageParams" name="test_total_pages_zero_total" time="0.001" /><testcase classname="tests.unit.test_pagination_utils.TestPageParams" name="test_has_next_true" time="0.001" /><testcase classname="tests.unit.test_pagination_utils.TestPageParams" name="test_has_next_false_last_page" time="0.001" /><testcase classname="tests.unit.test_pagination_utils.TestPageParams" name="test_has_next_false_empty" time="0.001" /><testcase classname="tests.unit.test_pagination_utils.TestPageParams" name="test_has_prev_true" time="0.001" /><testcase classname="tests.unit.test_pagination_utils.TestPageParams" name="test_has_prev_false_first_page" time="0.001" /><testcase classname="tests.unit.test_pagination_utils.TestPageParams" name="test_frozen_immutable" time="0.001" /><testcase classname="tests.unit.test_pagination_utils.TestBuildLinkHeader" name="test_first_link_always_present" time="0.001" /><testcase classname="tests.unit.test_pagination_utils.TestBuildLinkHeader" name="test_last_link_always_present" time="0.001" /><testcase classname="tests.unit.test_pagination_utils.TestBuildLinkHeader" name="test_no_prev_on_first_page" time="0.004" /><testcase classname="tests.unit.test_pagination_utils.TestBuildLinkHeader" name="test_no_next_on_last_page" time="0.001" /><testcase classname="tests.unit.test_pagination_utils.TestBuildLinkHeader" name="test_prev_and_next_on_middle_page" time="0.001" /><testcase classname="tests.unit.test_pagination_utils.TestBuildLinkHeader" name="test_first_url_has_page_1" time="0.001" /><testcase classname="tests.unit.test_pagination_utils.TestBuildLinkHeader" name="test_last_url_has_correct_page" time="0.001" /><testcase classname="tests.unit.test_pagination_utils.TestBuildLinkHeader" name="test_next_url_is_page_plus_one" time="0.001" /><testcase classname="tests.unit.test_pagination_utils.TestBuildLinkHeader" name="test_prev_url_is_page_minus_one" time="0.001" /><testcase classname="tests.unit.test_pagination_utils.TestBuildLinkHeader" name="test_extra_qs_appended" time="0.001" /><testcase classname="tests.unit.test_pagination_utils.TestBuildLinkHeader" name="test_page_size_in_all_links" time="0.001" /><testcase classname="tests.unit.test_pagination_utils.TestBuildLinkHeader" name="test_single_page_no_next_no_prev" time="0.001" /><testcase classname="tests.unit.test_pagination_utils.TestPaginate" name="test_returns_pagination_result" time="0.000" /><testcase classname="tests.unit.test_pagination_utils.TestPaginate" name="test_items_preserved" time="0.000" /><testcase classname="tests.unit.test_pagination_utils.TestPaginate" name="test_total_count_header" time="0.000" /><testcase classname="tests.unit.test_pagination_utils.TestPaginate" name="test_total_pages_header" time="0.001" /><testcase classname="tests.unit.test_pagination_utils.TestPaginate" name="test_page_header" time="0.000" /><testcase classname="tests.unit.test_pagination_utils.TestPaginate" name="test_page_size_header" time="0.000" /><testcase classname="tests.unit.test_pagination_utils.TestPaginate" name="test_no_link_header_without_request" time="0.000" /><testcase classname="tests.unit.test_pagination_utils.TestPaginate" name="test_as_dict_has_required_keys" time="0.000" /><testcase classname="tests.unit.test_pagination_utils.TestPaginate" name="test_as_dict_total_pages_computed" time="0.000" /><testcase classname="tests.unit.test_pagination_utils.TestPaginate" name="test_with_mock_request_adds_link_header" time="0.001" /><testcase classname="tests.unit.test_pagination_utils.TestPaginate" name="test_link_header_preserves_extra_params" time="0.000" /><testcase classname="tests.unit.test_pagination_utils.TestPaginate" name="test_link_header_strips_page_params" time="0.001" /><testcase classname="tests.unit.test_report_service" name="test_create_report_meeting" time="0.008" /><testcase classname="tests.unit.test_report_service" name="test_create_report_activity" time="0.004" /><testcase classname="tests.unit.test_report_service" name="test_create_report_with_decisions" time="0.003" /><testcase classname="tests.unit.test_report_service" name="test_get_report_success" time="0.003" /><testcase classname="tests.unit.test_report_service" name="test_get_report_not_found" time="0.003" /><testcase classname="tests.unit.test_report_service" name="test_list_reports" time="0.004" /><testcase classname="tests.unit.test_report_service" name="test_list_reports_with_filters" time="0.003" /><testcase classname="tests.unit.test_report_service" name="test_update_report_success" time="0.004" /><testcase classname="tests.unit.test_report_service" name="test_update_published_report_fails" time="0.005" /><testcase classname="tests.unit.test_report_service" name="test_update_report_not_found" time="0.004" /><testcase classname="tests.unit.test_report_service" name="test_delete_report_success" time="0.003" /><testcase classname="tests.unit.test_report_service" name="test_delete_published_report_fails" time="0.003" /><testcase classname="tests.unit.test_report_service" name="test_publish_report_success" time="0.004" /><testcase classname="tests.unit.test_report_service" name="test_publish_already_published_fails" time="0.003" /><testcase classname="tests.unit.test_report_service" name="test_archive_report_success" time="0.004" /><testcase classname="tests.unit.test_report_service" name="test_archive_draft_fails" time="0.005" /><testcase classname="tests.unit.test_report_service" name="test_add_attachment_success" time="0.005" /><testcase classname="tests.unit.test_report_service" name="test_add_attachment_to_published_fails" time="0.005" /><testcase classname="tests.unit.test_report_service" name="test_get_attachments" time="0.004" /><testcase classname="tests.unit.test_report_service" name="test_delete_attachment_success" time="0.004" /><testcase classname="tests.unit.test_report_service" name="test_delete_attachment_from_published_fails" time="0.005" /><testcase classname="tests.unit.test_report_service" name="test_get_my_reports" time="0.004" /><testcase classname="tests.unit.test_responsable_service" name="test_create_council_meeting_success" time="0.005" /><testcase classname="tests.unit.test_responsable_service" name="test_monitor_council_attendance_destitution" time="0.006" /><testcase classname="tests.unit.test_responsable_service" name="test_monitor_council_attendance_no_destitution" time="0.006" /><testcase classname="tests.unit.test_schemas.TestUserLogin" name="test_valid" time="0.001" /><testcase classname="tests.unit.test_schemas.TestUserLogin" name="test_invalid_email" time="0.002" /><testcase classname="tests.unit.test_schemas.TestUserLogin" name="test_missing_password" time="0.001" /><testcase classname="tests.unit.test_schemas.TestUserPhoneLogin" name="test_valid" time="0.001" /><testcase classname="tests.unit.test_schemas.TestUserPhoneLogin" name="test_missing_phone" time="0.000" /><testcase classname="tests.unit.test_schemas.TestUserPhoneLogin" name="test_missing_password" time="0.001" /><testcase classname="tests.unit.test_schemas.TestUserCreatePassword" name="test_valid_password" time="0.001" /><testcase classname="tests.unit.test_schemas.TestUserCreatePassword" name="test_too_short" time="0.002" /><testcase classname="tests.unit.test_schemas.TestUserCreatePassword" name="test_no_uppercase" time="0.001" /><testcase classname="tests.unit.test_schemas.TestUserCreatePassword" name="test_no_lowercase" time="0.001" /><testcase classname="tests.unit.test_schemas.TestUserCreatePassword" name="test_no_digit" time="0.001" /><testcase classname="tests.unit.test_schemas.TestUserCreatePhone" name="test_servant_without_phone_passes_schema" time="0.001" /><testcase classname="tests.unit.test_schemas.TestUserCreatePhone" name="test_parent_without_phone_passes_schema" time="0.001" /><testcase classname="tests.unit.test_schemas.TestUserCreatePhone" name="test_invalid_phone_format_passes_schema" time="0.001" /><testcase classname="tests.unit.test_schemas.TestUserCreatePhone" name="test_admin_no_phone_required" time="0.001" /><testcase classname="tests.unit.test_schemas.TestUserCreatePhone" name="test_valid_phone_format" time="0.001" /><testcase classname="tests.unit.test_schemas.TestUserCreateWithInvite" name="test_servant_without_invitation" time="0.001" /><testcase classname="tests.unit.test_schemas.TestUserCreateWithInvite" name="test_parent_with_invitation" time="0.001" /><testcase classname="tests.unit.test_schemas.TestUserCreateWithInvite" name="test_default_role_is_servant" time="0.001" /><testcase classname="tests.unit.test_schemas.TestTokenData" name="test_valid" time="0.001" /><testcase classname="tests.unit.test_schemas.TestTokenData" name="test_missing_role_raises" time="0.001" /><testcase classname="tests.unit.test_schemas.TestTokenData" name="test_missing_email_raises" time="0.001" /><testcase classname="tests.unit.test_schemas.TestTokenData" name="test_invalid_role_raises" time="0.001" /><testcase classname="tests.unit.test_schemas.TestTokenData" name="test_all_valid_roles" time="0.001" /><testcase classname="tests.unit.test_schemas.TestOtherSchemas" name="test_token" time="0.001" /><testcase classname="tests.unit.test_schemas.TestOtherSchemas" name="test_refresh_token_request" time="0.001" /><testcase classname="tests.unit.test_schemas.TestOtherSchemas" name="test_forgot_password_request_valid_email" time="0.001" /><testcase classname="tests.unit.test_schemas.TestOtherSchemas" name="test_forgot_password_request_invalid_email" time="0.001" /><testcase classname="tests.unit.test_schemas.TestOtherSchemas" name="test_reset_password_request" time="0.001" /><testcase classname="tests.unit.test_security_utils.TestPasswordHashing" name="test_hash_is_not_plaintext" time="0.240" /><testcase classname="tests.unit.test_security_utils.TestPasswordHashing" name="test_hash_looks_like_bcrypt" time="0.213" /><testcase classname="tests.unit.test_security_utils.TestPasswordHashing" name="test_verify_correct_password" time="0.426" /><testcase classname="tests.unit.test_security_utils.TestPasswordHashing" name="test_verify_wrong_password" time="0.458" /><testcase classname="tests.unit.test_security_utils.TestPasswordHashing" name="test_two_hashes_are_different" time="0.457" /><testcase classname="tests.unit.test_security_utils.TestPasswordHashing" name="test_verify_empty_password_fails" time="0.426" /><testcase classname="tests.unit.test_security_utils.TestAccessToken" name="test_token_is_string" time="0.001" /><testcase classname="tests.unit.test_security_utils.TestAccessToken" name="test_sub_claim" time="0.002" /><testcase classname="tests.unit.test_security_utils.TestAccessToken" name="test_role_claim" time="0.001" /><testcase classname="tests.unit.test_security_utils.TestAccessToken" name="test_jti_is_unique" time="0.001" /><testcase classname="tests.unit.test_security_utils.TestAccessToken" name="test_iss_is_app_name" time="0.001" /><testcase classname="tests.unit.test_security_utils.TestAccessToken" name="test_exp_claim_present" time="0.001" /><testcase classname="tests.unit.test_security_utils.TestAccessToken" name="test_custom_expiry" time="0.001" /><testcase classname="tests.unit.test_security_utils.TestRefreshToken" name="test_type_claim_is_refresh" time="0.001" /><testcase classname="tests.unit.test_security_utils.TestRefreshToken" name="test_sub_claim" time="0.002" /><testcase classname="tests.unit.test_security_utils.TestRefreshToken" name="test_jti_is_unique" time="0.001" /><testcase classname="tests.unit.test_security_utils.TestRefreshToken" name="test_access_and_refresh_jti_different" time="0.001" /><testcase classname="tests.unit.test_security_utils.TestResetToken" name="test_type_claim_is_reset" time="0.001" /><testcase classname="tests.unit.test_security_utils.TestResetToken" name="test_short_lived_by_default" time="0.001" /><testcase classname="tests.unit.test_security_utils.TestResetToken" name="test_jti_present" time="0.001" /><testcase classname="tests.unit.test_security_utils.TestSanitizeHtml" name="test_strips_script_tag" time="0.001" /><testcase classname="tests.unit.test_security_utils.TestSanitizeHtml" name="test_strips_img_onerror" time="0.001" /><testcase classname="tests.unit.test_security_utils.TestSanitizeHtml" name="test_plain_text_unchanged" time="0.001" /><testcase classname="tests.unit.test_security_utils.TestSanitizeHtml" name="test_empty_string_returned_as_is" time="0.001" /><testcase classname="tests.unit.test_security_utils.TestSanitizeHtml" name="test_none_like_falsy_returned" time="0.001" /><testcase classname="tests.unit.test_security_utils.TestSanitizeHtml" name="test_strips_a_href" time="0.001" /><testcase classname="tests.unit.test_security_utils.TestSanitizeHtml" name="test_strips_style_attribute" time="0.001" /><testcase classname="tests.unit.test_sport_culture_service" name="test_create_event" time="0.007" /><testcase classname="tests.unit.test_sport_culture_service" name="test_register_participant_success" time="0.006" /><testcase classname="tests.unit.test_sport_culture_service" name="test_add_result" time="0.005" /><testcase classname="tests.unit.test_sport_culture_service" name="test_create_team" time="0.006" /><testcase classname="tests.unit.test_temporal_validation.TestParseMassTime" name="test_parse_standard_time" time="0.001" /><testcase classname="tests.unit.test_temporal_validation.TestParseMassTime" name="test_parse_early_morning" time="0.001" /><testcase classname="tests.unit.test_temporal_validation.TestParseMassTime" name="test_parse_evening" time="0.000" /><testcase classname="tests.unit.test_temporal_validation.TestParseMassTime" name="test_parse_exceptional_time" time="0.000" /><testcase classname="tests.unit.test_temporal_validation.TestTemporalValidationOrdinaryMasses" name="test_mass_0830_within_window" time="0.001" /><testcase classname="tests.unit.test_temporal_validation.TestTemporalValidationOrdinaryMasses" name="test_mass_0630_within_window" time="0.001" /><testcase classname="tests.unit.test_temporal_validation.TestTemporalValidationOrdinaryMasses" name="test_mass_1700_within_window" time="0.001" /><testcase classname="tests.unit.test_temporal_validation.TestTemporalValidationExceptionalMasses" name="test_exceptional_mass_0900_within_window" time="0.001" /><testcase classname="tests.unit.test_temporal_validation.TestTemporalValidationExceptionalMasses" name="test_exceptional_mass_1030_within_window" time="0.001" /><testcase classname="tests.unit.test_temporal_validation.TestMultipleMassesSameDay" name="test_independent_windows" time="0.001" /><testcase classname="tests.unit.test_temporal_validation.TestMultipleMassesSameDay" name="test_overlapping_windows" time="0.001" /><testcase classname="tests.unit.test_temporal_validation.TestEdgeCases" name="test_exact_window_boundaries" time="0.001" /><testcase classname="tests.unit.test_temporal_validation.TestEdgeCases" name="test_midnight_crossing" time="0.001" /><testcase classname="tests.unit.test_temporal_validation.TestEdgeCases" name="test_current_time_none_uses_now" time="0.001" /><testcase classname="tests.unit.test_training_service" name="test_create_session" time="0.006" /><testcase classname="tests.unit.test_training_service" name="test_register_participant_success" time="0.006" /><testcase classname="tests.unit.test_training_service" name="test_register_participant_session_full" time="0.004" /><testcase classname="tests.unit.test_training_service" name="test_evaluate_participant" time="0.004" /><testcase classname="tests.unit.test_user_service.TestUpdateProfile" name="test_update_first_name" time="0.507" /><testcase classname="tests.unit.test_user_service.TestUpdateProfile" name="test_update_last_name" time="0.467" /><testcase classname="tests.unit.test_user_service.TestUpdateProfile" name="test_update_phone_number" time="0.528" /><testcase classname="tests.unit.test_user_service.TestUpdateProfile" name="test_update_phone_conflict" time="0.668" /><testcase classname="tests.unit.test_user_service.TestUpdateProfile" name="test_partial_update_keeps_other_fields" time="0.392" /><testcase classname="tests.unit.test_user_service.TestUpdateProfile" name="test_clear_phone_number" time="0.397" /><testcase classname="tests.unit.test_user_service.TestChangePassword" name="test_change_password_success" time="1.259" /><testcase classname="tests.unit.test_user_service.TestChangePassword" name="test_wrong_current_password" time="0.612" /><testcase classname="tests.unit.test_user_service.TestChangePassword" name="test_same_password_rejected" time="0.866" /><testcase classname="tests.unit.test_user_service.TestListUsers" name="test_list_returns_all_users" time="0.830" /><testcase classname="tests.unit.test_user_service.TestListUsers" name="test_filter_by_role" time="0.841" /><testcase classname="tests.unit.test_user_service.TestListUsers" name="test_filter_by_active" time="0.828" /><testcase classname="tests.unit.test_user_service.TestListUsers" name="test_search_by_name" time="0.649" /><testcase classname="tests.unit.test_user_service.TestListUsers" name="test_search_by_email" time="0.625" /><testcase classname="tests.unit.test_user_service.TestListUsers" name="test_pagination" time="0.814" /><testcase classname="tests.unit.test_user_service.TestAdminUpdateUser" name="test_admin_updates_name" time="0.631" /><testcase classname="tests.unit.test_user_service.TestAdminUpdateUser" name="test_admin_updates_email" time="0.629" /><testcase classname="tests.unit.test_user_service.TestAdminUpdateUser" name="test_admin_email_conflict" time="0.809" /><testcase classname="tests.unit.test_user_service.TestAdminUpdateUser" name="test_admin_cannot_deactivate_self" time="0.394" /><testcase classname="tests.unit.test_user_service.TestAdminUpdateUser" name="test_update_nonexistent_user" time="0.417" /><testcase classname="tests.unit.test_user_service.TestActivateDeactivate" name="test_deactivate_user" time="0.727" /><testcase classname="tests.unit.test_user_service.TestActivateDeactivate" name="test_deactivate_already_inactive" time="0.609" /><testcase classname="tests.unit.test_user_service.TestActivateDeactivate" name="test_deactivate_self_rejected" time="0.423" /><testcase classname="tests.unit.test_user_service.TestActivateDeactivate" name="test_activate_user" time="0.615" /><testcase classname="tests.unit.test_user_service.TestActivateDeactivate" name="test_activate_already_active" time="0.668" /><testcase classname="tests.unit.test_user_service.TestAdminResetPassword" name="test_reset_password" time="1.050" /><testcase classname="tests.unit.test_user_service.TestDeleteUser" name="test_delete_user" time="0.619" /><testcase classname="tests.unit.test_user_service.TestDeleteUser" name="test_delete_self_rejected" time="0.433" /><testcase classname="tests.unit.test_user_service.TestDeleteUser" name="test_delete_last_admin_rejected" time="0.691" /><testcase classname="tests.unit.test_user_service.TestDeleteUser" name="test_delete_nonexistent_user" time="0.565" /><testcase classname="tests.unit.test_weekly_schedule_service" name="test_is_within_mass_window" time="0.001" /><testcase classname="tests.unit.test_weekly_schedule_service" name="test_create_template_success" time="0.005" /><testcase classname="tests.unit.test_weekly_schedule_service" name="test_add_servant_to_slot_outside_window" time="0.009" /></testsuite></testsuites>