<?xml version="1.0" encoding="utf-8"?><testsuites name="pytest tests"><testsuite name="pytest" errors="0" failures="1" skipped="0" tests="568" time="804.003" timestamp="2026-06-05T08:32:47.080644+01:00" hostname="DESKTOP-4PKG82K"><testcase classname="tests.e2e.test_admin_endpoints.TestCreateInvitation" name="test_admin_creates_invitation_201" time="2.655" /><testcase classname="tests.e2e.test_admin_endpoints.TestCreateInvitation" name="test_admin_creates_aumonier_invitation" time="1.409" /><testcase classname="tests.e2e.test_admin_endpoints.TestCreateInvitation" name="test_invalid_role_400" time="5.043" /><testcase classname="tests.e2e.test_admin_endpoints.TestCreateInvitation" name="test_no_auth_401" time="2.282" /><testcase classname="tests.e2e.test_admin_endpoints.TestCreateInvitation" name="test_servant_forbidden_403" time="3.307" /><testcase classname="tests.e2e.test_admin_endpoints.TestCreateInvitation" name="test_parent_forbidden_403" time="3.081" /><testcase classname="tests.e2e.test_admin_endpoints.TestCreateInvitation" name="test_aumonier_forbidden_403" time="2.781" /><testcase classname="tests.e2e.test_admin_endpoints.TestListInvitations" name="test_admin_lists_invitations" time="3.076" /><testcase classname="tests.e2e.test_admin_endpoints.TestListInvitations" name="test_no_auth_401" time="1.893" /><testcase classname="tests.e2e.test_admin_endpoints.TestListInvitations" name="test_servant_forbidden_403" time="3.029" /><testcase classname="tests.e2e.test_admin_endpoints.TestRevokeInvitation" name="test_admin_revokes_own_invitation" time="2.784" /><testcase classname="tests.e2e.test_admin_endpoints.TestRevokeInvitation" name="test_revoke_nonexistent_404" time="3.029" /><testcase classname="tests.e2e.test_admin_endpoints.TestRevokeInvitation" name="test_no_auth_401" time="3.036" /><testcase classname="tests.e2e.test_admin_endpoints.TestCreateAumonier" name="test_admin_creates_aumonier_201" time="3.807" /><testcase classname="tests.e2e.test_admin_endpoints.TestCreateAumonier" name="test_duplicate_aumonier_400" time="3.952" /><testcase classname="tests.e2e.test_admin_endpoints.TestCreateAumonier" name="test_no_auth_401" time="2.394" /><testcase classname="tests.e2e.test_admin_endpoints.TestCreateAumonier" name="test_servant_forbidden_403" time="2.848" /><testcase classname="tests.e2e.test_admin_endpoints.TestCreateParentDirect" name="test_admin_creates_parent_201" time="3.982" /><testcase classname="tests.e2e.test_admin_endpoints.TestCreateParentDirect" name="test_no_auth_401" time="1.847" /><testcase classname="tests.e2e.test_admin_endpoints.TestCreateAdmin" name="test_admin_already_exists_400" time="3.202" /><testcase classname="tests.e2e.test_admin_endpoints.TestCreateAdmin" name="test_no_auth_401" time="2.231" /><testcase classname="tests.e2e.test_assignment_endpoints.TestCreateAssignment" name="test_aumonier_creates_assignment" time="3.627" /><testcase classname="tests.e2e.test_assignment_endpoints.TestCreateAssignment" name="test_admin_creates_assignment" time="4.816" /><testcase classname="tests.e2e.test_assignment_endpoints.TestCreateAssignment" name="test_servant_cannot_create_assignment" time="3.619" /><testcase classname="tests.e2e.test_assignment_endpoints.TestCreateAssignment" name="test_parent_cannot_create_assignment" time="4.986" /><testcase classname="tests.e2e.test_assignment_endpoints.TestCreateAssignment" name="test_cannot_assign_non_servant" time="3.934" /><testcase classname="tests.e2e.test_assignment_endpoints.TestCreateAssignment" name="test_duplicate_role_rejected" time="3.790" /><testcase classname="tests.e2e.test_assignment_endpoints.TestCreateAssignment" name="test_different_roles_allowed" time="4.147" /><testcase classname="tests.e2e.test_assignment_endpoints.TestCreateAssignment" name="test_event_not_found" time="3.583" /><testcase classname="tests.e2e.test_assignment_endpoints.TestCreateAssignment" name="test_user_not_found" time="3.156" /><testcase classname="tests.e2e.test_assignment_endpoints.TestCreateAssignment" name="test_inactive_user_rejected" time="3.989" /><testcase classname="tests.e2e.test_assignment_endpoints.TestCreateAssignment" name="test_all_liturgical_roles_accepted" time="3.754" /><testcase classname="tests.e2e.test_assignment_endpoints.TestBatchCreate" name="test_batch_create_success" time="4.637" /><testcase classname="tests.e2e.test_assignment_endpoints.TestBatchCreate" name="test_batch_partial_errors" time="4.316" /><testcase classname="tests.e2e.test_assignment_endpoints.TestReadAssignments" name="test_list_assignments_paginated" time="4.018" /><testcase classname="tests.e2e.test_assignment_endpoints.TestReadAssignments" name="test_get_assignment_detail" time="3.433" /><testcase classname="tests.e2e.test_assignment_endpoints.TestReadAssignments" name="test_get_event_assignments" time="3.772" /><testcase classname="tests.e2e.test_assignment_endpoints.TestReadAssignments" name="test_my_assignments" time="3.839" /><testcase classname="tests.e2e.test_assignment_endpoints.TestReadAssignments" name="test_my_upcoming" time="3.570" /><testcase classname="tests.e2e.test_assignment_endpoints.TestReadAssignments" name="test_unauthenticated_401" time="2.424" /><testcase classname="tests.e2e.test_assignment_endpoints.TestReadAssignments" name="test_assignment_not_found_404" time="2.746" /><testcase classname="tests.e2e.test_assignment_endpoints.TestReadAssignments" name="test_filter_by_status" time="3.938" /><testcase classname="tests.e2e.test_assignment_endpoints.TestSelfServiceStatus" name="test_accept_assignment" time="3.748" /><testcase classname="tests.e2e.test_assignment_endpoints.TestSelfServiceStatus" name="test_decline_assignment" time="3.950" /><testcase classname="tests.e2e.test_assignment_endpoints.TestSelfServiceStatus" name="test_cannot_update_others_assignment" time="2.581" /><testcase classname="tests.e2e.test_assignment_endpoints.TestSelfServiceStatus" name="test_cannot_change_non_pending" time="1.210" /><testcase classname="tests.e2e.test_assignment_endpoints.TestSelfServiceStatus" name="test_invalid_status_rejected" time="1.624" /><testcase classname="tests.e2e.test_assignment_endpoints.TestUpdateAssignment" name="test_aumonier_updates_role" time="1.219" /><testcase classname="tests.e2e.test_assignment_endpoints.TestUpdateAssignment" name="test_aumonier_updates_notes" time="1.538" /><testcase classname="tests.e2e.test_assignment_endpoints.TestUpdateAssignment" name="test_servant_cannot_update_via_admin_route" time="1.229" /><testcase classname="tests.e2e.test_assignment_endpoints.TestPresence" name="test_mark_present" time="1.642" /><testcase classname="tests.e2e.test_assignment_endpoints.TestPresence" name="test_mark_absent" time="1.531" /><testcase classname="tests.e2e.test_assignment_endpoints.TestPresence" name="test_servant_cannot_mark_presence" time="1.258" /><testcase classname="tests.e2e.test_assignment_endpoints.TestCancelAndDelete" name="test_cancel_assignment" time="1.672" /><testcase classname="tests.e2e.test_assignment_endpoints.TestCancelAndDelete" name="test_cancel_already_cancelled" time="1.461" /><testcase classname="tests.e2e.test_assignment_endpoints.TestCancelAndDelete" name="test_delete_assignment" time="1.638" /><testcase classname="tests.e2e.test_assignment_endpoints.TestCancelAndDelete" name="test_servant_cannot_delete" time="1.375" /><testcase classname="tests.e2e.test_assignment_endpoints.TestCancelAndDelete" name="test_presence_on_cancelled_rejected" time="1.689" /><testcase classname="tests.e2e.test_attendance_endpoints.TestRecordAttendance" name="test_record_present" time="1.205" /><testcase classname="tests.e2e.test_attendance_endpoints.TestRecordAttendance" name="test_record_absent" time="1.600" /><testcase classname="tests.e2e.test_attendance_endpoints.TestRecordAttendance" name="test_record_duplicate_rejected" time="1.424" /><testcase classname="tests.e2e.test_attendance_endpoints.TestRecordAttendance" name="test_record_unknown_user" time="0.987" /><testcase classname="tests.e2e.test_attendance_endpoints.TestRecordAttendance" name="test_servant_cannot_record" time="1.205" /><testcase classname="tests.e2e.test_attendance_endpoints.TestBatchAttendance" name="test_batch_success" time="1.459" /><testcase classname="tests.e2e.test_attendance_endpoints.TestUpdateAttendance" name="test_justify_absence" time="1.514" /><testcase classname="tests.e2e.test_attendance_endpoints.TestAttendanceSelfService" name="test_get_my_attendances" time="1.276" /><testcase classname="tests.e2e.test_attendance_endpoints.TestAttendanceSelfService" name="test_get_my_stats" time="1.506" /><testcase classname="tests.e2e.test_attendance_endpoints.TestAttendanceAdminRead" name="test_list_all_attendances" time="1.399" /><testcase classname="tests.e2e.test_attendance_endpoints.TestAttendanceAdminRead" name="test_get_attendance_detail" time="1.524" /><testcase classname="tests.e2e.test_attendance_endpoints.TestAttendanceAdminRead" name="test_get_user_stats" time="1.529" /><testcase classname="tests.e2e.test_attendance_session_endpoints.TestAttendanceSessionEndpoints" name="test_create_session_as_censeur" time="1.392" /><testcase classname="tests.e2e.test_attendance_session_endpoints.TestAttendanceSessionEndpoints" name="test_create_session_as_servant_forbidden" time="1.193" /><testcase classname="tests.e2e.test_attendance_session_endpoints.TestAttendanceSessionEndpoints" name="test_list_sessions" time="1.353" /><testcase classname="tests.e2e.test_attendance_session_endpoints.TestAttendanceSessionEndpoints" name="test_get_session" time="1.463" /><testcase classname="tests.e2e.test_attendance_session_endpoints.TestAttendanceSessionEndpoints" name="test_mark_attendance_present" time="1.627" /><testcase classname="tests.e2e.test_attendance_session_endpoints.TestAttendanceSessionEndpoints" name="test_mark_attendance_absent" time="1.876" /><testcase classname="tests.e2e.test_attendance_session_endpoints.TestAttendanceSessionEndpoints" name="test_mark_attendance_late" time="1.653" /><testcase classname="tests.e2e.test_attendance_session_endpoints.TestAttendanceSessionEndpoints" name="test_mark_attendance_excused" time="2.020" /><testcase classname="tests.e2e.test_attendance_session_endpoints.TestAttendanceSessionEndpoints" name="test_update_attendance_record" time="1.801" /><testcase classname="tests.e2e.test_attendance_session_endpoints.TestAttendanceSessionEndpoints" name="test_get_servant_stats" time="1.419" /><testcase classname="tests.e2e.test_attendance_session_endpoints.TestAttendanceSessionEndpoints" name="test_generate_report" time="1.474" /><testcase classname="tests.e2e.test_attendance_session_endpoints.TestAttendanceSessionEndpoints" name="test_get_servants_list" time="1.187" /><testcase classname="tests.e2e.test_attendance_session_endpoints.TestAttendanceSessionPermissions" name="test_servant_cannot_create_session" time="1.183" /><testcase classname="tests.e2e.test_attendance_session_endpoints.TestAttendanceSessionPermissions" name="test_servant_can_view_sessions" time="0.974" /><testcase classname="tests.e2e.test_attendance_session_endpoints.TestAttendanceSessionPermissions" name="test_servant_can_view_own_stats" time="1.286" /><testcase classname="tests.e2e.test_attendance_session_endpoints.TestAttendanceSessionPermissions" name="test_unauthenticated_cannot_access" time="0.594" /><testcase classname="tests.e2e.test_attendance_session_endpoints.TestAttendanceSessionBusinessRules" name="test_servant_must_exist" time="1.444" /><testcase classname="tests.e2e.test_attendance_session_endpoints.TestAttendanceSessionBusinessRules" name="test_session_must_exist" time="1.476" /><testcase classname="tests.e2e.test_attendance_session_endpoints.TestAttendanceSessionBusinessRules" name="test_invalid_status_rejected" time="1.705" /><testcase classname="tests.e2e.test_auth_endpoints.TestLoginEmail" name="test_admin_login_success" time="1.328" /><testcase classname="tests.e2e.test_auth_endpoints.TestLoginEmail" name="test_aumonier_login_success" time="1.550" /><testcase classname="tests.e2e.test_auth_endpoints.TestLoginEmail" name="test_wrong_password_401" time="1.326" /><testcase classname="tests.e2e.test_auth_endpoints.TestLoginEmail" name="test_nonexistent_email_401" time="1.030" /><testcase classname="tests.e2e.test_auth_endpoints.TestLoginEmail" name="test_servant_email_login_rejected_403" time="0.939" /><testcase classname="tests.e2e.test_auth_endpoints.TestLoginEmail" name="test_parent_email_login_rejected_403" time="1.217" /><testcase classname="tests.e2e.test_auth_endpoints.TestLoginEmail" name="test_inactive_user_403" time="1.279" /><testcase classname="tests.e2e.test_auth_endpoints.TestLoginPhone" name="test_servant_phone_login_success" time="1.539" /><testcase classname="tests.e2e.test_auth_endpoints.TestLoginPhone" name="test_parent_phone_login_success" time="1.193" /><testcase classname="tests.e2e.test_auth_endpoints.TestLoginPhone" name="test_wrong_password_phone_401" time="1.455" /><testcase classname="tests.e2e.test_auth_endpoints.TestLoginPhone" name="test_nonexistent_phone_401" time="0.635" /><testcase classname="tests.e2e.test_auth_endpoints.TestLoginPhone" name="test_admin_phone_login_rejected_403" time="1.292" /><testcase classname="tests.e2e.test_auth_endpoints.TestRegister" name="test_servant_registration_success" time="0.912" /><testcase classname="tests.e2e.test_auth_endpoints.TestRegister" name="test_servant_is_default_role" time="1.254" /><testcase classname="tests.e2e.test_auth_endpoints.TestRegister" name="test_parent_with_invitation_code" time="1.170" /><testcase classname="tests.e2e.test_auth_endpoints.TestRegister" name="test_parent_without_invitation_400" time="1.041" /><testcase classname="tests.e2e.test_auth_endpoints.TestRegister" name="test_parent_invalid_invitation_400" time="0.647" /><testcase classname="tests.e2e.test_auth_endpoints.TestRegister" name="test_admin_registration_blocked_403" time="0.922" /><testcase classname="tests.e2e.test_auth_endpoints.TestRegister" name="test_aumonier_registration_blocked_403" time="0.737" /><testcase classname="tests.e2e.test_auth_endpoints.TestRegister" name="test_duplicate_email_400" time="1.225" /><testcase classname="tests.e2e.test_auth_endpoints.TestRegister" name="test_weak_password_422" time="0.642" /><testcase classname="tests.e2e.test_auth_endpoints.TestRefreshToken" name="test_valid_refresh" time="1.515" /><testcase classname="tests.e2e.test_auth_endpoints.TestRefreshToken" name="test_invalid_refresh_token_401" time="0.597" /><testcase classname="tests.e2e.test_auth_endpoints.TestRefreshToken" name="test_access_token_as_refresh_401" time="1.443" /><testcase classname="tests.e2e.test_auth_endpoints.TestPasswordReset" name="test_forgot_password_existing_email_200" time="0.933" /><testcase classname="tests.e2e.test_auth_endpoints.TestPasswordReset" name="test_forgot_password_nonexistent_email_200" time="0.907" /><testcase classname="tests.e2e.test_auth_endpoints.TestPasswordReset" name="test_reset_password_invalid_token_400" time="0.655" /><testcase classname="tests.e2e.test_auth_endpoints.TestPasswordReset" name="test_reset_password_valid_token" time="1.848" /><testcase classname="tests.e2e.test_communication_endpoints.TestSendNotification" name="test_send_notification_success" time="1.403" /><testcase classname="tests.e2e.test_communication_endpoints.TestSendNotification" name="test_send_notification_with_priority" time="1.667" /><testcase classname="tests.e2e.test_communication_endpoints.TestSendNotification" name="test_send_notification_with_related_entity" time="1.338" /><testcase classname="tests.e2e.test_communication_endpoints.TestSendNotification" name="test_send_notification_forbidden_servant" time="1.670" /><testcase classname="tests.e2e.test_communication_endpoints.TestSendNotification" name="test_send_notification_admin_success" time="1.287" /><testcase classname="tests.e2e.test_communication_endpoints.TestBroadcastNotification" name="test_broadcast_to_all" time="1.914" /><testcase classname="tests.e2e.test_communication_endpoints.TestBroadcastNotification" name="test_broadcast_to_servants" time="1.201" /><testcase classname="tests.e2e.test_communication_endpoints.TestBroadcastNotification" name="test_broadcast_to_parents" time="1.493" /><testcase classname="tests.e2e.test_communication_endpoints.TestBroadcastNotification" name="test_broadcast_forbidden_servant" time="0.993" /><testcase classname="tests.e2e.test_communication_endpoints.TestMyNotifications" name="test_get_my_notifications_empty" time="1.655" /><testcase classname="tests.e2e.test_communication_endpoints.TestMyNotifications" name="test_get_my_notifications_with_data" time="1.261" /><testcase classname="tests.e2e.test_communication_endpoints.TestMyNotifications" name="test_get_my_notifications_pagination" time="1.506" /><testcase classname="tests.e2e.test_communication_endpoints.TestNotificationDetail" name="test_get_notification_detail" time="1.230" /><testcase classname="tests.e2e.test_communication_endpoints.TestNotificationDetail" name="test_get_notification_not_found" time="1.227" /><testcase classname="tests.e2e.test_communication_endpoints.TestNotificationDetail" name="test_get_notification_wrong_user" time="1.473" /><testcase classname="tests.e2e.test_communication_endpoints.TestMarkAsRead" name="test_mark_notification_as_read" time="1.536" /><testcase classname="tests.e2e.test_communication_endpoints.TestMarkAsRead" name="test_mark_already_read_notification" time="1.167" /><testcase classname="tests.e2e.test_communication_endpoints.TestMarkAsRead" name="test_mark_wrong_user_notification" time="1.715" /><testcase classname="tests.e2e.test_communication_endpoints.TestNotificationStats" name="test_get_stats_empty" time="0.885" /><testcase classname="tests.e2e.test_communication_endpoints.TestNotificationStats" name="test_get_stats_with_notification" time="1.605" /><testcase classname="tests.e2e.test_communication_endpoints.TestNotificationPreferences" name="test_get_preferences_defaults" time="0.870" /><testcase classname="tests.e2e.test_communication_endpoints.TestNotificationPreferences" name="test_update_preference" time="1.344" /><testcase classname="tests.e2e.test_communication_endpoints.TestNotificationPreferences" name="test_update_preference_partial" time="0.928" /><testcase classname="tests.e2e.test_communication_endpoints.TestNotificationPreferences" name="test_update_preference_idempotent" time="1.204" /><testcase classname="tests.e2e.test_communication_endpoints.TestNotificationHistory" name="test_history_admin_access" time="1.289" /><testcase classname="tests.e2e.test_communication_endpoints.TestNotificationHistory" name="test_history_with_filters" time="1.563" /><testcase classname="tests.e2e.test_communication_endpoints.TestNotificationHistory" name="test_history_forbidden_servant" time="0.897" /><testcase classname="tests.e2e.test_communication_endpoints.TestNotificationHistory" name="test_history_pagination" time="1.502" /><testcase classname="tests.e2e.test_communication_endpoints.TestNotificationWorkflow" name="test_full_workflow" time="1.349" /><testcase classname="tests.e2e.test_contribution_endpoints.TestContributionEndpoints" name="test_record_payment_as_econome" time="1.815" /><testcase classname="tests.e2e.test_contribution_endpoints.TestContributionEndpoints" name="test_record_weekly_payment" time="1.594" /><testcase classname="tests.e2e.test_contribution_endpoints.TestContributionEndpoints" name="test_record_payment_invalid_amount_weekly" time="1.988" /><testcase classname="tests.e2e.test_contribution_endpoints.TestContributionEndpoints" name="test_record_payment_invalid_amount_monthly" time="1.688" /><testcase classname="tests.e2e.test_contribution_endpoints.TestContributionEndpoints" name="test_record_payment_missing_week_number" time="1.506" /><testcase classname="tests.e2e.test_contribution_endpoints.TestContributionEndpoints" name="test_record_payment_as_servant_forbidden" time="1.391" /><testcase classname="tests.e2e.test_contribution_endpoints.TestContributionEndpoints" name="test_list_contributions" time="1.478" /><testcase classname="tests.e2e.test_contribution_endpoints.TestContributionEndpoints" name="test_list_contributions_with_filters" time="1.158" /><testcase classname="tests.e2e.test_contribution_endpoints.TestContributionEndpoints" name="test_get_contribution" time="1.416" /><testcase classname="tests.e2e.test_contribution_endpoints.TestContributionEndpoints" name="test_get_contribution_not_found" time="1.528" /><testcase classname="tests.e2e.test_contribution_endpoints.TestContributionEndpoints" name="test_update_contribution" time="1.703" /><testcase classname="tests.e2e.test_contribution_endpoints.TestContributionEndpoints" name="test_delete_contribution" time="1.558" /><testcase classname="tests.e2e.test_contribution_endpoints.TestContributionEndpoints" name="test_get_servant_contributions" time="1.560" /><testcase classname="tests.e2e.test_contribution_endpoints.TestContributionEndpoints" name="test_get_servant_stats" time="1.903" /><testcase classname="tests.e2e.test_contribution_endpoints.TestContributionEndpoints" name="test_get_monthly_summary" time="1.499" /><testcase classname="tests.e2e.test_contribution_endpoints.TestContributionEndpoints" name="test_generate_financial_report" time="1.363" /><testcase classname="tests.e2e.test_contribution_endpoints.TestContributionEndpoints" name="test_generate_report_with_servant_filter" time="1.793" /><testcase classname="tests.e2e.test_contribution_endpoints.TestContributionPermissions" name="test_admin_can_manage_contributions" time="1.816" /><testcase classname="tests.e2e.test_contribution_endpoints.TestContributionPermissions" name="test_aumonier_can_manage_contributions" time="1.633" /><testcase classname="tests.e2e.test_contribution_endpoints.TestContributionPermissions" name="test_servant_can_view_own_contributions" time="1.027" /><testcase classname="tests.e2e.test_contribution_endpoints.TestContributionPermissions" name="test_servant_cannot_create_contribution" time="1.390" /><testcase classname="tests.e2e.test_contribution_endpoints.TestContributionPermissions" name="test_unauthenticated_cannot_access" time="0.611" /><testcase classname="tests.e2e.test_contribution_endpoints.TestContributionBusinessRules" name="test_weekly_payment_requires_week_number" time="1.539" /><testcase classname="tests.e2e.test_contribution_endpoints.TestContributionBusinessRules" name="test_monthly_payment_no_week_number" time="2.085" /><testcase classname="tests.e2e.test_contribution_endpoints.TestContributionBusinessRules" name="test_amount_must_be_positive" time="1.499" /><testcase classname="tests.e2e.test_contribution_endpoints.TestContributionBusinessRules" name="test_month_must_be_valid" time="2.025" /><testcase classname="tests.e2e.test_contribution_endpoints.TestContributionBusinessRules" name="test_servant_must_exist" time="1.452" /><testcase classname="tests.e2e.test_cotisation_endpoints.TestCotisationPeriods" name="test_create_period_success" time="1.584" /><testcase classname="tests.e2e.test_cotisation_endpoints.TestCotisationPeriods" name="test_create_period_invalid_dates" time="0.950" /><testcase classname="tests.e2e.test_cotisation_endpoints.TestCotisationPeriods" name="test_list_periods" time="1.852" /><testcase classname="tests.e2e.test_cotisation_endpoints.TestCotisationPeriods" name="test_get_period_detail" time="0.932" /><testcase classname="tests.e2e.test_cotisation_endpoints.TestCotisationPeriods" name="test_update_period" time="1.569" /><testcase classname="tests.e2e.test_cotisation_endpoints.TestCotisationPeriods" name="test_delete_period" time="1.151" /><testcase classname="tests.e2e.test_cotisation_endpoints.TestCotisationPeriods" name="test_servant_cannot_create_period" time="1.379" /><testcase classname="tests.e2e.test_cotisation_endpoints.TestCotisationPayments" name="test_record_full_payment" time="1.242" /><testcase classname="tests.e2e.test_cotisation_endpoints.TestCotisationPayments" name="test_record_partial_payment" time="1.617" /><testcase classname="tests.e2e.test_cotisation_endpoints.TestCotisationPayments" name="test_cumulative_payment" time="1.235" /><testcase classname="tests.e2e.test_cotisation_endpoints.TestCotisationPayments" name="test_get_period_payments" time="1.690" /><testcase classname="tests.e2e.test_cotisation_endpoints.TestCotisationPayments" name="test_get_my_cotisations" time="1.349" /><testcase classname="tests.e2e.test_cotisation_endpoints.TestCotisationBilan" name="test_get_bilan" time="1.712" /><testcase classname="tests.e2e.test_discipline_endpoints.TestOpenDisciplineCase" name="test_open_case_success" time="1.312" /><testcase classname="tests.e2e.test_discipline_endpoints.TestOpenDisciplineCase" name="test_open_case_with_custom_severity" time="1.731" /><testcase classname="tests.e2e.test_discipline_endpoints.TestOpenDisciplineCase" name="test_open_case_non_servant_rejected" time="1.274" /><testcase classname="tests.e2e.test_discipline_endpoints.TestOpenDisciplineCase" name="test_open_case_servant_forbidden" time="1.503" /><testcase classname="tests.e2e.test_discipline_endpoints.TestDisciplineWorkflow" name="test_full_workflow_with_suspension" time="1.407" /><testcase classname="tests.e2e.test_discipline_endpoints.TestDisciplineWorkflow" name="test_workflow_dismiss_case" time="1.574" /><testcase classname="tests.e2e.test_discipline_endpoints.TestDisciplineWorkflow" name="test_invalid_workflow_transition" time="1.239" /><testcase classname="tests.e2e.test_discipline_endpoints.TestDisciplineWorkflow" name="test_cannot_execute_without_verdict" time="1.549" /><testcase classname="tests.e2e.test_discipline_endpoints.TestDisciplineRead" name="test_list_cases" time="1.517" /><testcase classname="tests.e2e.test_discipline_endpoints.TestDisciplineRead" name="test_get_case_detail" time="1.159" /><testcase classname="tests.e2e.test_discipline_endpoints.TestDisciplineRead" name="test_get_case_not_found" time="0.911" /><testcase classname="tests.e2e.test_discipline_endpoints.TestDisciplineRead" name="test_get_user_stats" time="1.689" /><testcase classname="tests.e2e.test_dossier_endpoint.TestDossierAuth" name="test_unauthenticated_returns_401" time="0.976" /><testcase classname="tests.e2e.test_dossier_endpoint.TestDossierRBAC" name="test_servant_can_read_own_dossier" time="1.349" /><testcase classname="tests.e2e.test_dossier_endpoint.TestDossierRBAC" name="test_servant_cannot_read_other_servant_dossier" time="1.229" /><testcase classname="tests.e2e.test_dossier_endpoint.TestDossierRBAC" name="test_admin_can_read_any_dossier" time="1.863" /><testcase classname="tests.e2e.test_dossier_endpoint.TestDossierRBAC" name="test_aumonier_can_read_any_dossier" time="1.175" /><testcase classname="tests.e2e.test_dossier_endpoint.TestDossierRBAC" name="test_parent_can_read_any_dossier" time="1.676" /><testcase classname="tests.e2e.test_dossier_endpoint.TestDossierNotFound" name="test_nonexistent_user_returns_404" time="0.940" /><testcase classname="tests.e2e.test_dossier_endpoint.TestDossierStructure" name="test_response_has_user_info" time="1.533" /><testcase classname="tests.e2e.test_dossier_endpoint.TestDossierStructure" name="test_response_has_attendance_stats" time="0.934" /><testcase classname="tests.e2e.test_dossier_endpoint.TestDossierStructure" name="test_response_has_all_required_sections" time="1.417" /><testcase classname="tests.e2e.test_dossier_endpoint.TestDossierStructure" name="test_empty_servant_has_zero_stats" time="0.992" /><testcase classname="tests.e2e.test_dossier_endpoint.TestDossierStructure" name="test_dossier_with_attendance_records" time="1.906" /><testcase classname="tests.e2e.test_dossier_endpoint.TestDossierStructure" name="test_dossier_with_nominations" time="1.223" /><testcase classname="tests.e2e.test_dossier_endpoint.TestDossierStructure" name="test_sections_are_lists" time="0.949" /><testcase classname="tests.e2e.test_event_endpoints.TestCreateEvent" name="test_aumonier_creates_event" time="1.355" /><testcase classname="tests.e2e.test_event_endpoints.TestCreateEvent" name="test_admin_creates_event" time="0.909" /><testcase classname="tests.e2e.test_event_endpoints.TestCreateEvent" name="test_create_event_with_participants" time="1.540" /><testcase classname="tests.e2e.test_event_endpoints.TestCreateEvent" name="test_servant_cannot_create_event" time="0.946" /><testcase classname="tests.e2e.test_event_endpoints.TestCreateEvent" name="test_parent_cannot_create_event" time="1.316" /><testcase classname="tests.e2e.test_event_endpoints.TestCreateEvent" name="test_end_before_start_rejected" time="1.134" /><testcase classname="tests.e2e.test_event_endpoints.TestCreateEvent" name="test_all_event_types_accepted" time="1.452" /><testcase classname="tests.e2e.test_event_endpoints.TestReadEvents" name="test_list_events_authenticated" time="1.162" /><testcase classname="tests.e2e.test_event_endpoints.TestReadEvents" name="test_get_event_detail" time="1.639" /><testcase classname="tests.e2e.test_event_endpoints.TestReadEvents" name="test_event_not_found_404" time="0.870" /><testcase classname="tests.e2e.test_event_endpoints.TestReadEvents" name="test_unauthenticated_list_events_401" time="1.019" /><testcase classname="tests.e2e.test_event_endpoints.TestUpdateEvent" name="test_aumonier_updates_event" time="1.017" /><testcase classname="tests.e2e.test_event_endpoints.TestUpdateEvent" name="test_servant_cannot_update_event" time="1.594" /><testcase classname="tests.e2e.test_event_endpoints.TestDeleteEvent" name="test_aumonier_deletes_event" time="0.877" /><testcase classname="tests.e2e.test_event_endpoints.TestDeleteEvent" name="test_servant_cannot_delete_event" time="1.183" /><testcase classname="tests.e2e.test_event_endpoints.TestParticipants" name="test_add_participant" time="1.785" /><testcase classname="tests.e2e.test_event_endpoints.TestParticipants" name="test_duplicate_participant_rejected" time="1.299" /><testcase classname="tests.e2e.test_event_endpoints.TestParticipants" name="test_list_participants" time="1.625" /><testcase classname="tests.e2e.test_event_endpoints.TestParticipants" name="test_update_participant" time="1.223" /><testcase classname="tests.e2e.test_event_endpoints.TestParticipants" name="test_remove_participant" time="1.685" /><testcase classname="tests.e2e.test_event_endpoints.TestParticipants" name="test_servant_cannot_add_participant" time="1.193" /><testcase classname="tests.e2e.test_event_endpoints.TestMyParticipation" name="test_confirm_participation" time="1.577" /><testcase classname="tests.e2e.test_event_endpoints.TestMyParticipation" name="test_decline_participation" time="1.219" /><testcase classname="tests.e2e.test_event_endpoints.TestMyParticipation" name="test_non_participant_cannot_update" time="1.641" /><testcase classname="tests.e2e.test_event_endpoints.TestMyParticipation" name="test_my_events" time="1.180" /><testcase classname="tests.e2e.test_financial_entry_endpoints" name="test_create_entry_success" time="1.684" /><testcase classname="tests.e2e.test_financial_entry_endpoints" name="test_create_entry_unauthorized" time="0.909" /><testcase classname="tests.e2e.test_financial_entry_endpoints" name="test_list_entries" time="1.856" /><testcase classname="tests.e2e.test_financial_entry_endpoints" name="test_get_entry_detail" time="1.456" /><testcase classname="tests.e2e.test_financial_entry_endpoints" name="test_update_entry" time="1.506" /><testcase classname="tests.e2e.test_financial_entry_endpoints" name="test_verify_entry" time="1.877" /><testcase classname="tests.e2e.test_financial_entry_endpoints" name="test_get_statistics" time="1.275" /><testcase classname="tests.e2e.test_financial_entry_endpoints" name="test_generate_audit_report" time="1.573" /><testcase classname="tests.e2e.test_financial_entry_endpoints" name="test_create_discrepancy" time="1.408" /><testcase classname="tests.e2e.test_financial_entry_endpoints" name="test_resolve_discrepancy" time="2.008" /><testcase classname="tests.e2e.test_financial_entry_endpoints" name="test_filter_by_category" time="1.197" /><testcase classname="tests.e2e.test_financial_entry_endpoints" name="test_filter_by_verification_status" time="1.587" /><testcase classname="tests.e2e.test_health_endpoints.TestRootEndpoint" name="test_root_returns_200" time="0.241" /><testcase classname="tests.e2e.test_health_endpoints.TestRootEndpoint" name="test_root_contains_api_name" time="0.218" /><testcase classname="tests.e2e.test_health_endpoints.TestRootEndpoint" name="test_root_contains_health_link" time="0.171" /><testcase classname="tests.e2e.test_health_endpoints.TestRootEndpoint" name="test_root_contains_version_link" time="0.175" /><testcase classname="tests.e2e.test_health_endpoints.TestReadinessProbe" name="test_ready_returns_200_with_sqlite" time="0.275" /><testcase classname="tests.e2e.test_health_endpoints.TestReadinessProbe" name="test_ready_body_has_status_ready" time="0.219" /><testcase classname="tests.e2e.test_health_endpoints.TestHealthCheck" name="test_health_returns_200_or_degraded" time="2.411" /><testcase classname="tests.e2e.test_health_endpoints.TestHealthCheck" name="test_health_body_has_status" time="2.246" /><testcase classname="tests.e2e.test_health_endpoints.TestHealthCheck" name="test_health_body_has_checks" time="2.234" /><testcase classname="tests.e2e.test_health_endpoints.TestHealthCheck" name="test_health_database_check_ok" time="2.305" /><testcase classname="tests.e2e.test_health_endpoints.TestHealthCheck" name="test_health_body_has_version" time="2.203" /><testcase classname="tests.e2e.test_health_endpoints.TestHealthCheck" name="test_health_body_has_timestamp" time="2.162" /><testcase classname="tests.e2e.test_health_endpoints.TestHealthCheck" name="test_health_body_has_environment" time="2.202" /><testcase classname="tests.e2e.test_health_endpoints.TestApiVersion" name="test_version_returns_200" time="0.191" /><testcase classname="tests.e2e.test_health_endpoints.TestApiVersion" name="test_version_has_version_field" time="0.174" /><testcase classname="tests.e2e.test_health_endpoints.TestApiVersion" name="test_version_has_release_date" time="0.192" /><testcase classname="tests.e2e.test_health_endpoints.TestApiVersion" name="test_version_has_environment" time="0.204" /><testcase classname="tests.e2e.test_health_endpoints.TestApiVersion" name="test_version_has_min_client_version" time="0.199" /><testcase classname="tests.e2e.test_health_endpoints.TestApiVersion" name="test_version_has_deprecations_list" time="0.171" /><testcase classname="tests.e2e.test_health_endpoints.TestVersioningHeaders" name="test_every_response_has_x_api_version" time="0.175" /><testcase classname="tests.e2e.test_health_endpoints.TestVersioningHeaders" name="test_x_request_id_generated_when_absent" time="0.175" /><testcase classname="tests.e2e.test_health_endpoints.TestVersioningHeaders" name="test_x_request_id_propagated_when_provided" time="0.215" /><testcase classname="tests.e2e.test_health_endpoints.TestVersioningHeaders" name="test_x_api_version_is_semver" time="0.191" /><testcase classname="tests.e2e.test_health_endpoints.TestAuthProtection" name="test_users_list_requires_auth" time="0.619" /><testcase classname="tests.e2e.test_health_endpoints.TestAuthProtection" name="test_discipline_requires_auth" time="0.587" /><testcase classname="tests.e2e.test_health_endpoints.TestAuthProtection" name="test_events_list_requires_auth" time="0.615" /><testcase classname="tests.e2e.test_material_endpoints" name="test_create_material_item_success" time="3.391" /><testcase classname="tests.e2e.test_material_endpoints" name="test_create_material_item_forbidden" time="3.238" /><testcase classname="tests.e2e.test_material_endpoints" name="test_list_material_items" time="3.448" /><testcase classname="tests.e2e.test_material_endpoints" name="test_get_material_item" time="3.312" /><testcase classname="tests.e2e.test_material_endpoints" name="test_update_material_item" time="3.695" /><testcase classname="tests.e2e.test_material_endpoints" name="test_delete_material_item" time="1.083" /><testcase classname="tests.e2e.test_material_endpoints" name="test_get_items_needing_maintenance" time="1.357" /><testcase classname="tests.e2e.test_material_endpoints" name="test_create_cleaning_task_success" time="0.999" /><testcase classname="tests.e2e.test_material_endpoints" name="test_list_cleaning_tasks" time="1.609" /><testcase classname="tests.e2e.test_material_endpoints" name="test_get_cleaning_task" time="1.153" /><testcase classname="tests.e2e.test_material_endpoints" name="test_update_cleaning_task" time="1.824" /><testcase classname="tests.e2e.test_material_endpoints" name="test_complete_cleaning_task" time="1.631" /><testcase classname="tests.e2e.test_material_endpoints" name="test_validate_cleaning_task" time="6.962" /><testcase classname="tests.e2e.test_material_endpoints" name="test_delete_cleaning_task" time="1.071" /><testcase classname="tests.e2e.test_material_endpoints" name="test_assign_servant_to_task" time="1.672" /><testcase classname="tests.e2e.test_material_endpoints" name="test_assign_servants_batch" time="2.047" /><testcase classname="tests.e2e.test_material_endpoints" name="test_get_servant_assignments" time="1.148" /><testcase classname="tests.e2e.test_material_endpoints" name="test_remove_assignment" time="1.614" /><testcase classname="tests.e2e.test_material_endpoints" name="test_create_aube_task_success" time="1.006" /><testcase classname="tests.e2e.test_material_endpoints" name="test_list_aube_tasks" time="1.539" /><testcase classname="tests.e2e.test_material_endpoints" name="test_get_aube_task" time="0.914" /><testcase classname="tests.e2e.test_material_endpoints" name="test_update_aube_task" time="1.122" /><testcase classname="tests.e2e.test_material_endpoints" name="test_complete_aube_task" time="2.192" /><testcase classname="tests.e2e.test_material_endpoints" name="test_validate_aube_task" time="1.670" /><testcase classname="tests.e2e.test_material_endpoints" name="test_delete_aube_task" time="1.728" /><testcase classname="tests.e2e.test_material_endpoints" name="test_add_maintenance_history" time="1.141" /><testcase classname="tests.e2e.test_material_endpoints" name="test_get_item_maintenance_history" time="1.916" /><testcase classname="tests.e2e.test_material_endpoints" name="test_generate_material_report" time="1.015" /><testcase classname="tests.e2e.test_material_endpoints" name="test_get_material_stats" time="1.236" /><testcase classname="tests.e2e.test_parent_endpoints.TestGetMyChildren" name="test_unauthenticated_returns_401" time="0.544" /><testcase classname="tests.e2e.test_parent_endpoints.TestGetMyChildren" name="test_servant_gets_403" time="0.717" /><testcase classname="tests.e2e.test_parent_endpoints.TestGetMyChildren" name="test_admin_gets_403" time="1.185" /><testcase classname="tests.e2e.test_parent_endpoints.TestGetMyChildren" name="test_aumonier_gets_403" time="0.693" /><testcase classname="tests.e2e.test_parent_endpoints.TestGetMyChildren" name="test_parent_with_no_children_returns_empty_list" time="1.304" /><testcase classname="tests.e2e.test_parent_endpoints.TestGetMyChildren" name="test_parent_with_linked_child_returns_child_data" time="0.973" /><testcase classname="tests.e2e.test_parent_endpoints.TestGetMyChildren" name="test_child_summary_has_correct_fields" time="1.542" /><testcase classname="tests.e2e.test_parent_endpoints.TestCreateChildProfile" name="test_unauthenticated_returns_401" time="0.523" /><testcase classname="tests.e2e.test_parent_endpoints.TestCreateChildProfile" name="test_servant_gets_403" time="0.753" /><testcase classname="tests.e2e.test_parent_endpoints.TestCreateChildProfile" name="test_admin_gets_403" time="1.280" /><testcase classname="tests.e2e.test_parent_endpoints.TestCreateChildProfile" name="test_parent_creates_child_successfully" time="0.935" /><testcase classname="tests.e2e.test_parent_endpoints.TestCreateChildProfile" name="test_created_child_appears_in_children_list" time="1.395" /><testcase classname="tests.e2e.test_parent_endpoints.TestCreateChildProfile" name="test_child_without_phone_uses_uuid_email" time="0.998" /><testcase classname="tests.e2e.test_parent_endpoints.TestCreateChildProfile" name="test_missing_required_fields_returns_422" time="1.288" /><testcase classname="tests.e2e.test_parent_endpoints.TestCreateChildProfile" name="test_short_password_returns_422" time="0.759" /><testcase classname="tests.e2e.test_profile_photo.TestProfilePhotoUpload" name="test_upload_photo_success" time="1.086" /><testcase classname="tests.e2e.test_profile_photo.TestProfilePhotoUpload" name="test_upload_png" time="0.746" /><testcase classname="tests.e2e.test_profile_photo.TestProfilePhotoUpload" name="test_upload_webp" time="0.676" /><testcase classname="tests.e2e.test_profile_photo.TestProfilePhotoUpload" name="test_upload_replaces_existing" time="1.315" /><testcase classname="tests.e2e.test_profile_photo.TestProfilePhotoUpload" name="test_invalid_content_type_rejected" time="0.823" /><testcase classname="tests.e2e.test_profile_photo.TestProfilePhotoUpload" name="test_file_too_large_rejected" time="1.234" /><testcase classname="tests.e2e.test_profile_photo.TestProfilePhotoUpload" name="test_unauthenticated_upload_401" time="0.516" /><testcase classname="tests.e2e.test_profile_photo.TestProfilePhotoDelete" name="test_delete_photo" time="0.843" /><testcase classname="tests.e2e.test_profile_photo.TestProfilePhotoDelete" name="test_delete_no_photo_404" time="1.272" /><testcase classname="tests.e2e.test_report_endpoints" name="test_create_report_success" time="1.094" /><testcase classname="tests.e2e.test_report_endpoints" name="test_create_report_activity" time="1.917" /><testcase classname="tests.e2e.test_report_endpoints" name="test_create_report_unauthorized" time="1.231" /><testcase classname="tests.e2e.test_report_endpoints" name="test_list_reports_published_only" time="2.696" /><testcase classname="tests.e2e.test_report_endpoints" name="test_get_report_detail" time="1.306" /><testcase classname="tests.e2e.test_report_endpoints" name="test_get_report_not_found" time="1.561" /><testcase classname="tests.e2e.test_report_endpoints" name="test_update_report_success" time="1.458" /><testcase classname="tests.e2e.test_report_endpoints" name="test_update_published_report_fails" time="0.952" /><testcase classname="tests.e2e.test_report_endpoints" name="test_delete_report_success" time="1.469" /><testcase classname="tests.e2e.test_report_endpoints" name="test_delete_published_report_fails" time="1.182" /><testcase classname="tests.e2e.test_report_endpoints" name="test_publish_report_success" time="1.470" /><testcase classname="tests.e2e.test_report_endpoints" name="test_publish_already_published_fails" time="0.984" /><testcase classname="tests.e2e.test_report_endpoints" name="test_archive_report_success" time="0.934" /><testcase classname="tests.e2e.test_report_endpoints" name="test_archive_draft_fails" time="1.338" /><testcase classname="tests.e2e.test_report_endpoints" name="test_get_my_reports" time="0.937" /><testcase classname="tests.e2e.test_report_endpoints" name="test_add_attachment_success" time="1.340" /><testcase classname="tests.e2e.test_report_endpoints" name="test_add_attachment_to_published_fails" time="0.965" /><testcase classname="tests.e2e.test_report_endpoints" name="test_get_attachments" time="1.046" /><testcase classname="tests.e2e.test_report_endpoints" name="test_delete_attachment_success" time="1.344" /><testcase classname="tests.e2e.test_report_endpoints" name="test_filter_reports_by_type" time="0.971" /><testcase classname="tests.e2e.test_report_endpoints" name="test_filter_reports_by_date_range" time="1.372" /><testcase classname="tests.e2e.test_report_endpoints" name="test_pagination" time="1.023" /><testcase classname="tests.e2e.test_responsable_endpoints.TestNominations" name="test_aumonier_nominates_servant" time="1.434" /><testcase classname="tests.e2e.test_responsable_endpoints.TestNominations" name="test_admin_nominates_servant" time="1.004" /><testcase classname="tests.e2e.test_responsable_endpoints.TestNominations" name="test_servant_cannot_nominate" time="0.930" /><testcase classname="tests.e2e.test_responsable_endpoints.TestNominations" name="test_parent_cannot_nominate" time="1.419" /><testcase classname="tests.e2e.test_responsable_endpoints.TestNominations" name="test_cannot_nominate_non_servant" time="0.904" /><testcase classname="tests.e2e.test_responsable_endpoints.TestNominations" name="test_cannot_nominate_inactive_user" time="1.419" /><testcase classname="tests.e2e.test_responsable_endpoints.TestNominations" name="test_cannot_nominate_user_not_found" time="0.750" /><testcase classname="tests.e2e.test_responsable_endpoints.TestNominations" name="test_poste_already_occupied" time="1.193" /><testcase classname="tests.e2e.test_responsable_endpoints.TestNominations" name="test_servant_one_poste_only" time="1.450" /><testcase classname="tests.e2e.test_responsable_endpoints.TestNominations" name="test_all_postes_accepted" time="0.927" /><testcase classname="tests.e2e.test_responsable_endpoints.TestRevocation" name="test_aumonier_revokes_nomination" time="1.407" /><testcase classname="tests.e2e.test_responsable_endpoints.TestRevocation" name="test_cannot_revoke_already_revoked" time="0.957" /><testcase classname="tests.e2e.test_responsable_endpoints.TestRevocation" name="test_revoke_not_found" time="0.751" /><testcase classname="tests.e2e.test_responsable_endpoints.TestRevocation" name="test_servant_cannot_revoke" time="1.485" /><testcase classname="tests.e2e.test_responsable_endpoints.TestListNominations" name="test_list_active_nominations" time="0.988" /><testcase classname="tests.e2e.test_responsable_endpoints.TestListNominations" name="test_my_nominations" time="1.430" /><testcase classname="tests.e2e.test_responsable_endpoints.TestListNominations" name="test_nomination_history" time="0.908" /><testcase classname="tests.e2e.test_responsable_endpoints.TestListNominations" name="test_unauthenticated_401" time="0.517" /><testcase classname="tests.e2e.test_responsable_endpoints.TestPostesReference" name="test_list_all_postes" time="1.202" /><testcase classname="tests.e2e.test_responsable_endpoints.TestPostesReference" name="test_list_postes_with_titulaire" time="0.957" /><testcase classname="tests.e2e.test_responsable_endpoints.TestPostesReference" name="test_get_poste_detail" time="1.127" /><testcase classname="tests.e2e.test_responsable_endpoints.TestPostesReference" name="test_get_censeur_detail" time="0.750" /><testcase classname="tests.e2e.test_responsable_endpoints.TestPosteActionCreate" name="test_delegue_creates_decision" time="0.999" /><testcase classname="tests.e2e.test_responsable_endpoints.TestPosteActionCreate" name="test_censeur_creates_sanction" time="1.683" /><testcase classname="tests.e2e.test_responsable_endpoints.TestPosteActionCreate" name="test_aumonier_creates_action_for_any_poste" time="0.758" /><testcase classname="tests.e2e.test_responsable_endpoints.TestPosteActionCreate" name="test_non_responsable_cannot_create" time="0.749" /><testcase classname="tests.e2e.test_responsable_endpoints.TestPosteActionCreate" name="test_parent_cannot_create" time="1.169" /><testcase classname="tests.e2e.test_responsable_endpoints.TestPosteActionCreate" name="test_invalid_category_rejected" time="0.955" /><testcase classname="tests.e2e.test_responsable_endpoints.TestPosteActionCreate" name="test_wrong_poste_access_denied" time="1.375" /><testcase classname="tests.e2e.test_responsable_endpoints.TestPosteActionCreate" name="test_invalid_slug_404" time="0.759" /><testcase classname="tests.e2e.test_responsable_endpoints.TestPosteActionCreate" name="test_all_slugs_valid" time="1.293" /><testcase classname="tests.e2e.test_responsable_endpoints.TestPosteActionRead" name="test_list_actions" time="0.956" /><testcase classname="tests.e2e.test_responsable_endpoints.TestPosteActionRead" name="test_get_action_detail" time="0.966" /><testcase classname="tests.e2e.test_responsable_endpoints.TestPosteActionRead" name="test_filter_by_category" time="1.426" /><testcase classname="tests.e2e.test_responsable_endpoints.TestPosteActionRead" name="test_filter_by_status" time="0.997" /><testcase classname="tests.e2e.test_responsable_endpoints.TestPosteActionModify" name="test_update_action" time="1.349" /><testcase classname="tests.e2e.test_responsable_endpoints.TestPosteActionModify" name="test_other_responsable_cannot_update" time="1.220" /><testcase classname="tests.e2e.test_responsable_endpoints.TestPosteActionModify" name="test_delete_action" time="0.913" /><testcase classname="tests.e2e.test_responsable_endpoints.TestPosteActionModify" name="test_action_not_found" time="1.515" /><testcase classname="tests.e2e.test_responsable_endpoints.TestPosteDashboard" name="test_delegue_dashboard" time="0.943" /><testcase classname="tests.e2e.test_responsable_endpoints.TestPosteDashboard" name="test_aumonier_sees_all_dashboards" time="1.308" /><testcase classname="tests.e2e.test_responsable_endpoints.TestPosteDashboard" name="test_servant_no_nomination_denied" time="0.750" /><testcase classname="tests.e2e.test_responsable_endpoints.TestResponsableWorkflow" name="test_full_workflow" time="1.005" /><testcase classname="tests.e2e.test_responsable_endpoints.TestResponsableWorkflow" name="test_renomination_after_revocation" time="1.744" /><testcase classname="tests.e2e.test_sport_culture_endpoints" name="test_create_event_success" time="1.087" /><testcase classname="tests.e2e.test_sport_culture_endpoints" name="test_create_event_forbidden" time="1.115" /><testcase classname="tests.e2e.test_sport_culture_endpoints" name="test_list_events" time="0.959" /><testcase classname="tests.e2e.test_sport_culture_endpoints" name="test_get_event" time="0.952" /><testcase classname="tests.e2e.test_sport_culture_endpoints" name="test_update_event" time="1.395" /><testcase classname="tests.e2e.test_sport_culture_endpoints" name="test_delete_event" time="0.948" /><testcase classname="tests.e2e.test_sport_culture_endpoints" name="test_get_upcoming_events" time="1.204" /><testcase classname="tests.e2e.test_sport_culture_endpoints" name="test_register_to_event" time="1.276" /><testcase classname="tests.e2e.test_sport_culture_endpoints" name="test_register_batch_to_event" time="1.417" /><testcase classname="tests.e2e.test_sport_culture_endpoints" name="test_get_event_participants" time="1.498" /><testcase classname="tests.e2e.test_sport_culture_endpoints" name="test_mark_attendance" time="1.147" /><testcase classname="tests.e2e.test_sport_culture_endpoints" name="test_mark_payment" time="1.715" /><testcase classname="tests.e2e.test_sport_culture_endpoints" name="test_cancel_participation" time="1.221" /><testcase classname="tests.e2e.test_sport_culture_endpoints" name="test_get_servant_participations" time="0.992" /><testcase classname="tests.e2e.test_sport_culture_endpoints" name="test_get_servant_stats" time="1.486" /><testcase classname="tests.e2e.test_sport_culture_endpoints" name="test_add_event_result" time="0.976" /><testcase classname="tests.e2e.test_sport_culture_endpoints" name="test_get_event_results" time="1.690" /><testcase classname="tests.e2e.test_sport_culture_endpoints" name="test_delete_result" time="0.973" /><testcase classname="tests.e2e.test_sport_culture_endpoints" name="test_create_event_team" time="1.394" /><testcase classname="tests.e2e.test_sport_culture_endpoints" name="test_get_event_teams" time="1.773" /><testcase classname="tests.e2e.test_sport_culture_endpoints" name="test_update_team" time="1.373" /><testcase classname="tests.e2e.test_sport_culture_endpoints" name="test_delete_team" time="1.841" /><testcase classname="tests.e2e.test_sport_culture_endpoints" name="test_generate_report" time="1.066" /><testcase classname="tests.e2e.test_sport_culture_endpoints" name="test_get_stats" time="0.718" /><testcase classname="tests.e2e.test_sport_culture_endpoints" name="test_cannot_register_twice" time="1.720" /><testcase classname="tests.e2e.test_sport_culture_endpoints" name="test_cannot_delete_event_with_participants" time="1.224" /><testcase classname="tests.e2e.test_sport_culture_endpoints" name="test_event_full" time="2.015" /><testcase classname="tests.e2e.test_subgroup_endpoints.TestSubGroupCRUD" name="test_create_subgroup" time="0.795" /><testcase classname="tests.e2e.test_subgroup_endpoints.TestSubGroupCRUD" name="test_create_duplicate_name_rejected" time="0.772" /><testcase classname="tests.e2e.test_subgroup_endpoints.TestSubGroupCRUD" name="test_list_subgroups" time="1.295" /><testcase classname="tests.e2e.test_subgroup_endpoints.TestSubGroupCRUD" name="test_get_subgroup_detail" time="0.750" /><testcase classname="tests.e2e.test_subgroup_endpoints.TestSubGroupCRUD" name="test_update_subgroup" time="0.700" /><testcase classname="tests.e2e.test_subgroup_endpoints.TestSubGroupCRUD" name="test_delete_subgroup" time="1.302" /><testcase classname="tests.e2e.test_subgroup_endpoints.TestSubGroupCRUD" name="test_servant_cannot_create_subgroup" time="0.760" /><testcase classname="tests.e2e.test_subgroup_endpoints.TestSubGroupMembers" name="test_add_member_success" time="1.533" /><testcase classname="tests.e2e.test_subgroup_endpoints.TestSubGroupMembers" name="test_add_duplicate_member_rejected" time="0.953" /><testcase classname="tests.e2e.test_subgroup_endpoints.TestSubGroupMembers" name="test_add_non_servant_rejected" time="0.985" /><testcase classname="tests.e2e.test_subgroup_endpoints.TestSubGroupMembers" name="test_remove_member" time="1.572" /><testcase classname="tests.e2e.test_subgroup_endpoints.TestSubGroupMembers" name="test_max_members_enforced" time="1.182" /><testcase classname="tests.e2e.test_subgroup_endpoints.TestSubGroupMembers" name="test_servant_in_two_groups_rejected" time="1.006" /><testcase classname="tests.e2e.test_subgroup_endpoints.TestSubGroupSelfService" name="test_get_my_subgroup_with_membership" time="1.568" /><testcase classname="tests.e2e.test_subgroup_endpoints.TestSubGroupSelfService" name="test_get_my_subgroup_none" time="0.833" /><testcase classname="tests.e2e.test_sunday_schedule_endpoints.TestGetPublishedSundayTemplates" name="test_servant_can_get_published" time="1.228" /><testcase classname="tests.e2e.test_sunday_schedule_endpoints.TestGetPublishedSundayTemplates" name="test_parent_can_get_published" time="0.715" /><testcase classname="tests.e2e.test_sunday_schedule_endpoints.TestGetPublishedSundayTemplates" name="test_unauthenticated_returns_401" time="0.509" /><testcase classname="tests.e2e.test_sunday_schedule_endpoints.TestGetPublishedSundayTemplates" name="test_admin_can_get_published" time="1.274" /><testcase classname="tests.e2e.test_sunday_schedule_endpoints.TestCreateSundayTemplate" name="test_admin_creates_template" time="0.745" /><testcase classname="tests.e2e.test_sunday_schedule_endpoints.TestCreateSundayTemplate" name="test_aumonier_creates_template" time="1.249" /><testcase classname="tests.e2e.test_sunday_schedule_endpoints.TestCreateSundayTemplate" name="test_servant_cannot_create" time="0.717" /><testcase classname="tests.e2e.test_sunday_schedule_endpoints.TestCreateSundayTemplate" name="test_parent_cannot_create" time="0.735" /><testcase classname="tests.e2e.test_sunday_schedule_endpoints.TestCreateSundayTemplate" name="test_create_with_masses" time="1.324" /><testcase classname="tests.e2e.test_sunday_schedule_endpoints.TestCreateSundayTemplate" name="test_create_solemn_template" time="0.736" /><testcase classname="tests.e2e.test_sunday_schedule_endpoints.TestGenerateSundayTemplate" name="test_generate_ordinary_template" time="1.250" /><testcase classname="tests.e2e.test_sunday_schedule_endpoints.TestGenerateSundayTemplate" name="test_generate_exceptional_template" time="0.808" /><testcase classname="tests.e2e.test_sunday_schedule_endpoints.TestGenerateSundayTemplate" name="test_servant_cannot_generate_ordinary" time="0.711" /><testcase classname="tests.e2e.test_sunday_schedule_endpoints.TestGenerateSundayTemplate" name="test_servant_cannot_generate_exceptional" time="1.254" /><testcase classname="tests.e2e.test_sunday_schedule_endpoints.TestListSundayTemplates" name="test_admin_lists_templates" time="0.720" /><testcase classname="tests.e2e.test_sunday_schedule_endpoints.TestListSundayTemplates" name="test_servant_cannot_list_all" time="0.725" /><testcase classname="tests.e2e.test_sunday_schedule_endpoints.TestListSundayTemplates" name="test_parent_cannot_list_all" time="1.321" /><testcase classname="tests.e2e.test_sunday_schedule_endpoints.TestListSundayTemplates" name="test_list_with_pagination" time="0.791" /><testcase classname="tests.e2e.test_sunday_schedule_endpoints.TestListSundayTemplates" name="test_list_pagination_structure" time="0.696" /><testcase classname="tests.e2e.test_sunday_schedule_endpoints.TestGetSundayTemplate" name="test_get_nonexistent_returns_404" time="1.221" /><testcase classname="tests.e2e.test_sunday_schedule_endpoints.TestGetSundayTemplate" name="test_get_created_template" time="0.720" /><testcase classname="tests.e2e.test_sunday_schedule_endpoints.TestGetSundayTemplate" name="test_servant_can_get_template" time="1.465" /><testcase classname="tests.e2e.test_sunday_schedule_endpoints.TestUpdateSundayTemplate" name="test_admin_updates_template" time="0.743" /><testcase classname="tests.e2e.test_sunday_schedule_endpoints.TestUpdateSundayTemplate" name="test_servant_cannot_update" time="0.755" /><testcase classname="tests.e2e.test_sunday_schedule_endpoints.TestUpdateSundayTemplate" name="test_update_nonexistent_returns_404" time="1.215" /><testcase classname="tests.e2e.test_sunday_schedule_endpoints.TestPublishArchiveSundayTemplate" name="test_publish_template" time="0.737" /><testcase classname="tests.e2e.test_sunday_schedule_endpoints.TestPublishArchiveSundayTemplate" name="test_publish_already_published_returns_400" time="0.751" /><testcase classname="tests.e2e.test_sunday_schedule_endpoints.TestPublishArchiveSundayTemplate" name="test_archive_template" time="1.262" /><testcase classname="tests.e2e.test_sunday_schedule_endpoints.TestPublishArchiveSundayTemplate" name="test_published_template_appears_in_published_list" time="0.943" /><testcase classname="tests.e2e.test_sunday_schedule_endpoints.TestPublishArchiveSundayTemplate" name="test_servant_cannot_publish" time="1.185" /><testcase classname="tests.e2e.test_sunday_schedule_endpoints.TestPublishArchiveSundayTemplate" name="test_servant_cannot_archive" time="0.760" /><testcase classname="tests.e2e.test_sunday_schedule_endpoints.TestDeleteSundayTemplate" name="test_admin_deletes_template" time="0.757" /><testcase classname="tests.e2e.test_sunday_schedule_endpoints.TestDeleteSundayTemplate" name="test_deleted_template_not_found" time="1.257" /><testcase classname="tests.e2e.test_sunday_schedule_endpoints.TestDeleteSundayTemplate" name="test_servant_cannot_delete" time="0.716" /><testcase classname="tests.e2e.test_sunday_schedule_endpoints.TestDeleteSundayTemplate" name="test_delete_nonexistent_returns_404" time="1.220" /><testcase classname="tests.e2e.test_sunday_schedule_endpoints.TestSundayMassSlots" name="test_update_mass_notes" time="0.785" /><testcase classname="tests.e2e.test_sunday_schedule_endpoints.TestSundayMassSlots" name="test_update_mass_time" time="0.756" /><testcase classname="tests.e2e.test_sunday_schedule_endpoints.TestSundayMassSlots" name="test_update_nonexistent_mass_returns_404" time="1.439" /><testcase classname="tests.e2e.test_sunday_schedule_endpoints.TestSundayMassSlots" name="test_delete_mass" time="0.746" /><testcase classname="tests.e2e.test_sunday_schedule_endpoints.TestSundayMassSlots" name="test_delete_nonexistent_mass_returns_404" time="0.859" /><testcase classname="tests.e2e.test_sunday_schedule_endpoints.TestSundayMassSlots" name="test_servant_cannot_update_mass" time="1.319" /><testcase classname="tests.e2e.test_sunday_schedule_endpoints.TestSundayMassSlots" name="test_servant_cannot_delete_mass" time="0.748" /><testcase classname="tests.e2e.test_sunday_schedule_endpoints.TestSundayMassAssignments" name="test_add_assignment_to_nonexistent_mass_returns_404" time="0.931" /><testcase classname="tests.e2e.test_sunday_schedule_endpoints.TestSundayMassAssignments" name="test_servant_cannot_add_assignment" time="1.295" /><testcase classname="tests.e2e.test_sunday_schedule_endpoints.TestSundayMassAssignments" name="test_remove_nonexistent_assignment_returns_404" time="0.721" /><testcase classname="tests.e2e.test_sunday_schedule_endpoints.TestSundayMassAssignments" name="test_servant_cannot_remove_assignment" time="1.180" /><testcase classname="tests.e2e.test_sunday_schedule_endpoints.TestSundayMassAssignments" name="test_mark_presence_nonexistent_returns_404" time="0.775" /><testcase classname="tests.e2e.test_sunday_schedule_endpoints.TestSundayMassAssignments" name="test_mark_presence_requires_auth" time="0.523" /><testcase classname="tests.e2e.test_sunday_schedule_endpoints.TestSundayScheduleHistory" name="test_admin_can_get_history" time="1.334" /><testcase classname="tests.e2e.test_sunday_schedule_endpoints.TestSundayScheduleHistory" name="test_aumonier_can_get_history" time="1.026" /><testcase classname="tests.e2e.test_sunday_schedule_endpoints.TestSundayScheduleHistory" name="test_servant_cannot_get_history" time="0.722" /><testcase classname="tests.e2e.test_sunday_schedule_endpoints.TestSundayScheduleHistory" name="test_history_nonexistent_template_returns_empty" time="1.243" /><testcase classname="tests.e2e.test_training_endpoints" name="test_create_training_session_success" time="1.083" /><testcase classname="tests.e2e.test_training_endpoints" name="test_create_training_session_forbidden" time="0.740" /><testcase classname="tests.e2e.test_training_endpoints" name="test_list_training_sessions" time="1.634" /><testcase classname="tests.e2e.test_training_endpoints" name="test_get_training_session" time="1.092" /><testcase classname="tests.e2e.test_training_endpoints" name="test_update_training_session" time="1.832" /><testcase classname="tests.e2e.test_training_endpoints" name="test_delete_training_session" time="0.979" /><testcase classname="tests.e2e.test_training_endpoints" name="test_register_to_session" time="1.405" /><testcase classname="tests.e2e.test_training_endpoints" name="test_register_batch_to_session" time="1.885" /><testcase classname="tests.e2e.test_training_endpoints" name="test_get_session_participants" time="1.491" /><testcase classname="tests.e2e.test_training_endpoints" name="test_mark_attendance" time="1.151" /><testcase classname="tests.e2e.test_training_endpoints" name="test_evaluate_participant" time="1.874" /><testcase classname="tests.e2e.test_training_endpoints" name="test_get_servant_participations" time="0.940" /><testcase classname="tests.e2e.test_training_endpoints" name="test_get_servant_stats" time="0.924" /><testcase classname="tests.e2e.test_training_endpoints" name="test_create_training_material" time="1.469" /><testcase classname="tests.e2e.test_training_endpoints" name="test_list_training_materials" time="1.197" /><testcase classname="tests.e2e.test_training_endpoints" name="test_get_training_material" time="1.668" /><testcase classname="tests.e2e.test_training_endpoints" name="test_update_training_material" time="1.009" /><testcase classname="tests.e2e.test_training_endpoints" name="test_delete_training_material" time="0.956" /><testcase classname="tests.e2e.test_training_endpoints" name="test_generate_training_report" time="1.616" /><testcase classname="tests.e2e.test_training_endpoints" name="test_cannot_register_twice" time="1.217" /><testcase classname="tests.e2e.test_training_endpoints" name="test_cannot_delete_session_with_participants" time="1.173" /><testcase classname="tests.e2e.test_training_endpoints" name="test_session_full" time="1.979" /><testcase classname="tests.e2e.test_user_endpoints.TestGetMyProfile" name="test_get_profile_servant" time="0.732" /><testcase classname="tests.e2e.test_user_endpoints.TestGetMyProfile" name="test_get_profile_admin" time="1.202" /><testcase classname="tests.e2e.test_user_endpoints.TestGetMyProfile" name="test_unauthenticated_401" time="0.514" /><testcase classname="tests.e2e.test_user_endpoints.TestUpdateMyProfile" name="test_update_first_name" time="0.732" /><testcase classname="tests.e2e.test_user_endpoints.TestUpdateMyProfile" name="test_update_phone_number" time="1.354" /><testcase classname="tests.e2e.test_user_endpoints.TestUpdateMyProfile" name="test_update_phone_conflict" time="0.960" /><testcase classname="tests.e2e.test_user_endpoints.TestUpdateMyProfile" name="test_invalid_phone_format" time="0.741" /><testcase classname="tests.e2e.test_user_endpoints.TestUpdateMyProfile" name="test_partial_update" time="1.305" /><testcase classname="tests.e2e.test_user_endpoints.TestChangePassword" name="test_change_password_success" time="1.346" /><testcase classname="tests.e2e.test_user_endpoints.TestChangePassword" name="test_wrong_current_password" time="0.933" /><testcase classname="tests.e2e.test_user_endpoints.TestChangePassword" name="test_weak_new_password" time="1.293" /><testcase classname="tests.e2e.test_user_endpoints.TestListDirectory" name="test_servant_can_access_directory" time="1.084" /><testcase classname="tests.e2e.test_user_endpoints.TestListDirectory" name="test_parent_can_access_directory" time="0.953" /><testcase classname="tests.e2e.test_user_endpoints.TestListDirectory" name="test_admin_can_access_directory" time="1.535" /><testcase classname="tests.e2e.test_user_endpoints.TestListDirectory" name="test_unauthenticated_401" time="0.528" /><testcase classname="tests.e2e.test_user_endpoints.TestListDirectory" name="test_filter_by_role" time="1.146" /><testcase classname="tests.e2e.test_user_endpoints.TestListDirectory" name="test_pagination_defaults" time="1.723" /><testcase classname="tests.e2e.test_user_endpoints.TestListDirectory" name="test_returns_only_active_by_default" time="0.946"><failure message="AssertionError: assert '91135c24-8186-4736-85b0-0d9629725c87' not in ['91135c24-8186-4736-85b0-0d9629725c87', '6e827e7e-d1f3-4d92-ab42-8c5478def247']&#10; +  where '91135c24-8186-4736-85b0-0d9629725c87' = str(UUID('91135c24-8186-4736-85b0-0d9629725c87'))&#10; +    where UUID('91135c24-8186-4736-85b0-0d9629725c87') = User(profile_photo_url=None, phone_hmac='cdc20b45dae1d6e684813de2a5c42831314cb466759a83cde6bf6c1670de423a', birth_date=None, baptism_date=None, terms_accepted_at=None, position=None, hashed_password='$2b$12$LxuCM3EmJN4tEjEpW/G4xunCavCXpDi33WIuDRfBHyU8uPWbo1fJq', data_consent_at=None, id=UUID('91135c24-8186-4736-85b0-0d9629725c87'), created_at=datetime.datetime(2026, 6, 5, 7, 45, 27, 588864), first_name='Inactive', updated_at=datetime.datetime(2026, 6, 5, 7, 45, 27, 588864), last_name='Test', created_by=None, email_hmac='1ccf11da37e53f990ca1d5e65816ef69ebf9d4b26edc7cf79d90ab11a7964474', role=&lt;UserRole.SERVANT: 'SERVANT'&gt;, email='inactive@test.com', is_active=False, phone_number='+237600000099', invited_by=None).id">tests\e2e\test_user_endpoints.py:182: in test_returns_only_active_by_default
    assert str(inactive_user.id) not in ids
E   AssertionError: assert '91135c24-8186-4736-85b0-0d9629725c87' not in ['91135c24-8186-4736-85b0-0d9629725c87', '6e827e7e-d1f3-4d92-ab42-8c5478def247']
E    +  where '91135c24-8186-4736-85b0-0d9629725c87' = str(UUID('91135c24-8186-4736-85b0-0d9629725c87'))
E    +    where UUID('91135c24-8186-4736-85b0-0d9629725c87') = User(profile_photo_url=None, phone_hmac='cdc20b45dae1d6e684813de2a5c42831314cb466759a83cde6bf6c1670de423a', birth_date=None, baptism_date=None, terms_accepted_at=None, position=None, hashed_password='$2b$12$LxuCM3EmJN4tEjEpW/G4xunCavCXpDi33WIuDRfBHyU8uPWbo1fJq', data_consent_at=None, id=UUID('91135c24-8186-4736-85b0-0d9629725c87'), created_at=datetime.datetime(2026, 6, 5, 7, 45, 27, 588864), first_name='Inactive', updated_at=datetime.datetime(2026, 6, 5, 7, 45, 27, 588864), last_name='Test', created_by=None, email_hmac='1ccf11da37e53f990ca1d5e65816ef69ebf9d4b26edc7cf79d90ab11a7964474', role=&lt;UserRole.SERVANT: 'SERVANT'&gt;, email='inactive@test.com', is_active=False, phone_number='+237600000099', invited_by=None).id</failure></testcase><testcase classname="tests.e2e.test_user_endpoints.TestListUsers" name="test_admin_can_list" time="1.632" /><testcase classname="tests.e2e.test_user_endpoints.TestListUsers" name="test_filter_by_role" time="0.935" /><testcase classname="tests.e2e.test_user_endpoints.TestListUsers" name="test_search" time="0.981" /><testcase classname="tests.e2e.test_user_endpoints.TestListUsers" name="test_pagination" time="1.765" /><testcase classname="tests.e2e.test_user_endpoints.TestListUsers" name="test_servant_cannot_list" time="0.697" /><testcase classname="tests.e2e.test_user_endpoints.TestGetUser" name="test_admin_can_view_user" time="0.971" /><testcase classname="tests.e2e.test_user_endpoints.TestGetUser" name="test_nonexistent_user_404" time="1.400" /><testcase classname="tests.e2e.test_user_endpoints.TestAdminUpdateUser" name="test_admin_updates_name" time="0.971" /><testcase classname="tests.e2e.test_user_endpoints.TestAdminUpdateUser" name="test_admin_updates_email" time="0.964" /><testcase classname="tests.e2e.test_user_endpoints.TestActivateDeactivate" name="test_deactivate_user" time="1.630" /><testcase classname="tests.e2e.test_user_endpoints.TestActivateDeactivate" name="test_activate_user" time="1.037" /><testcase classname="tests.e2e.test_user_endpoints.TestActivateDeactivate" name="test_deactivate_self_rejected" time="0.724" /><testcase classname="tests.e2e.test_user_endpoints.TestAdminResetPassword" name="test_reset_password" time="1.695" /><testcase classname="tests.e2e.test_user_endpoints.TestDeleteUser" name="test_delete_user" time="0.988" /><testcase classname="tests.e2e.test_user_endpoints.TestDeleteUser" name="test_delete_self_rejected" time="1.196" /><testcase classname="tests.e2e.test_user_endpoints.TestDeleteUser" name="test_servant_cannot_delete" time="1.035" /><testcase classname="tests.e2e.test_weekly_schedule_endpoints.TestGetPublishedWeeklyTemplates" name="test_servant_can_get_published" time="0.768" /><testcase classname="tests.e2e.test_weekly_schedule_endpoints.TestGetPublishedWeeklyTemplates" name="test_parent_can_get_published" time="1.266" /><testcase classname="tests.e2e.test_weekly_schedule_endpoints.TestGetPublishedWeeklyTemplates" name="test_unauthenticated_returns_401" time="0.523" /><testcase classname="tests.e2e.test_weekly_schedule_endpoints.TestCreateWeeklyTemplate" name="test_admin_creates_template" time="0.762" /><testcase classname="tests.e2e.test_weekly_schedule_endpoints.TestCreateWeeklyTemplate" name="test_aumonier_creates_template" time="1.280" /><testcase classname="tests.e2e.test_weekly_schedule_endpoints.TestCreateWeeklyTemplate" name="test_servant_cannot_create" time="0.806" /><testcase classname="tests.e2e.test_weekly_schedule_endpoints.TestCreateWeeklyTemplate" name="test_parent_cannot_create" time="0.701" /><testcase classname="tests.e2e.test_weekly_schedule_endpoints.TestCreateWeeklyTemplate" name="test_end_before_start_returns_422" time="1.244" /><testcase classname="tests.e2e.test_weekly_schedule_endpoints.TestListWeeklyTemplates" name="test_admin_lists_templates" time="0.796" /><testcase classname="tests.e2e.test_weekly_schedule_endpoints.TestListWeeklyTemplates" name="test_servant_cannot_list_all" time="0.761" /><testcase classname="tests.e2e.test_weekly_schedule_endpoints.TestListWeeklyTemplates" name="test_list_with_pagination" time="1.330" /><testcase classname="tests.e2e.test_weekly_schedule_endpoints.TestGetWeeklyTemplate" name="test_get_nonexistent_returns_404" time="0.734" /><testcase classname="tests.e2e.test_weekly_schedule_endpoints.TestGetWeeklyTemplate" name="test_get_created_template" time="0.756" /><testcase classname="tests.e2e.test_weekly_schedule_endpoints.TestUpdateWeeklyTemplate" name="test_admin_updates_template" time="1.571" /><testcase classname="tests.e2e.test_weekly_schedule_endpoints.TestUpdateWeeklyTemplate" name="test_servant_cannot_update" time="0.800" /><testcase classname="tests.e2e.test_weekly_schedule_endpoints.TestPublishArchiveWeeklyTemplate" name="test_publish_template" time="0.789" /><testcase classname="tests.e2e.test_weekly_schedule_endpoints.TestPublishArchiveWeeklyTemplate" name="test_archive_template" time="1.293" /><testcase classname="tests.e2e.test_weekly_schedule_endpoints.TestPublishArchiveWeeklyTemplate" name="test_published_template_appears_in_published_list" time="1.037" /><testcase classname="tests.e2e.test_weekly_schedule_endpoints.TestDeleteWeeklyTemplate" name="test_admin_deletes_template" time="1.262" /><testcase classname="tests.e2e.test_weekly_schedule_endpoints.TestDeleteWeeklyTemplate" name="test_servant_cannot_delete" time="0.742" /><testcase classname="tests.e2e.test_weekly_schedule_endpoints.TestWeeklyScheduleSlots" name="test_create_template_with_slots" time="0.781" /><testcase classname="tests.e2e.test_weekly_schedule_endpoints.TestWeeklyScheduleSlots" name="test_add_servant_to_slot" time="1.533" /><testcase classname="tests.e2e.test_weekly_schedule_endpoints.TestWeeklyScheduleSlots" name="test_update_slot_notes" time="0.801" /><testcase classname="tests.e2e.test_weekly_schedule_endpoints.TestWeeklyScheduleSlots" name="test_delete_slot" time="0.816" /></testsuite></testsuites>