<?xml version="1.0" encoding="utf-8"?><testsuites name="pytest tests"><testsuite name="pytest" errors="0" failures="5" skipped="0" tests="45" time="45.840" timestamp="2026-05-28T03:46:05.707599+01:00" hostname="DESKTOP-4PKG82K"><testcase classname="tests.use_cases.test_uc_admin_create_aumonier.TestAdminCreatesAumonier" name="test_full_aumonier_creation_flow" time="1.712"><failure message="assert 'already exists' in &quot;un compte aum\xf4nier existe d\xe9j\xe0. il ne peut y en avoir qu'un seul.&quot;&#10; +  where &quot;un compte aum\xf4nier existe d\xe9j\xe0. il ne peut y en avoir qu'un seul.&quot; = &lt;built-in method lower of str object at 0x000001681D645F30&gt;()&#10; +    where &lt;built-in method lower of str object at 0x000001681D645F30&gt; = &quot;Un compte Aum\xf4nier existe d\xe9j\xe0. Il ne peut y en avoir qu'un seul.&quot;.lower">tests\use_cases\test_uc_admin_create_aumonier.py:84: in test_full_aumonier_creation_flow
    assert "already exists" in resp2.json()["detail"].lower()
E   assert 'already exists' in "un compte aum\xf4nier existe d\xe9j\xe0. il ne peut y en avoir qu'un seul."
E    +  where "un compte aum\xf4nier existe d\xe9j\xe0. il ne peut y en avoir qu'un seul." = &lt;built-in method lower of str object at 0x000001681D645F30&gt;()
E    +    where &lt;built-in method lower of str object at 0x000001681D645F30&gt; = "Un compte Aum\xf4nier existe d\xe9j\xe0. Il ne peut y en avoir qu'un seul.".lower</failure></testcase><testcase classname="tests.use_cases.test_uc_admin_create_aumonier.TestNonAdminCannotCreateAumonier" name="test_servant_cannot_create_aumonier" time="0.849" /><testcase classname="tests.use_cases.test_uc_admin_create_aumonier.TestNonAdminCannotCreateAumonier" name="test_parent_cannot_create_aumonier" time="0.942" /><testcase classname="tests.use_cases.test_uc_admin_create_aumonier.TestNonAdminCannotCreateAumonier" name="test_aumonier_self_register_forbidden" time="0.508" /><testcase classname="tests.use_cases.test_uc_invitation_lifecycle.TestInvitationLifecycle" name="test_create_list_revoke_cycle" time="1.053" /><testcase classname="tests.use_cases.test_uc_invitation_lifecycle.TestInvitationLifecycle" name="test_invalid_role_for_invitation_rejected" time="1.146"><failure message="assert 'invalid role' in &quot;r\xf4le invalide. seules les invitations pour les r\xf4les parent et aum\xf4nier peuvent \xeatre cr\xe9\xe9es via l'api. le r\xf4le 'servant' n'est pas autoris\xe9.&quot;&#10; +  where &quot;r\xf4le invalide. seules les invitations pour les r\xf4les parent et aum\xf4nier peuvent \xeatre cr\xe9\xe9es via l'api. le r\xf4le 'servant' n'est pas autoris\xe9.&quot; = &lt;built-in method lower of str object at 0x000001681D623770&gt;()&#10; +    where &lt;built-in method lower of str object at 0x000001681D623770&gt; = &quot;R\xf4le invalide. Seules les invitations pour les r\xf4les PARENT et AUM\xd4NIER peuvent \xeatre cr\xe9\xe9es via l'API. Le r\xf4le 'SERVANT' n'est pas autoris\xe9.&quot;.lower">tests\use_cases\test_uc_invitation_lifecycle.py:77: in test_invalid_role_for_invitation_rejected
    assert "invalid role" in resp.json()["detail"].lower()
E   assert 'invalid role' in "r\xf4le invalide. seules les invitations pour les r\xf4les parent et aum\xf4nier peuvent \xeatre cr\xe9\xe9es via l'api. le r\xf4le 'servant' n'est pas autoris\xe9."
E    +  where "r\xf4le invalide. seules les invitations pour les r\xf4les parent et aum\xf4nier peuvent \xeatre cr\xe9\xe9es via l'api. le r\xf4le 'servant' n'est pas autoris\xe9." = &lt;built-in method lower of str object at 0x000001681D623770&gt;()
E    +    where &lt;built-in method lower of str object at 0x000001681D623770&gt; = "R\xf4le invalide. Seules les invitations pour les r\xf4les PARENT et AUM\xd4NIER peuvent \xeatre cr\xe9\xe9es via l'API. Le r\xf4le 'SERVANT' n'est pas autoris\xe9.".lower</failure></testcase><testcase classname="tests.use_cases.test_uc_invitation_lifecycle.TestInvitationLifecycle" name="test_nonexistent_invitation_revoke_404" time="0.710" /><testcase classname="tests.use_cases.test_uc_invitation_lifecycle.TestCrossAdminInvitation" name="test_admin_cannot_revoke_other_admin_invitation" time="0.910" /><testcase classname="tests.use_cases.test_uc_parent_invitation.TestParentInvitationFlow" name="test_full_parent_invitation_flow" time="1.385" /><testcase classname="tests.use_cases.test_uc_parent_invitation.TestParentWithoutInvitation" name="test_parent_registration_without_code_rejected" time="0.471" /><testcase classname="tests.use_cases.test_uc_parent_invitation.TestEmailLockedInvitation" name="test_email_locked_invitation_wrong_email" time="1.004"><failure message="assert 'email' in &quot;ce code d'invitation n'est pas valide pour cette adresse e-mail.&quot;&#10; +  where &quot;ce code d'invitation n'est pas valide pour cette adresse e-mail.&quot; = &lt;built-in method lower of str object at 0x000001681DFB0880&gt;()&#10; +    where &lt;built-in method lower of str object at 0x000001681DFB0880&gt; = &quot;Ce code d'invitation n'est pas valide pour cette adresse e-mail.&quot;.lower">tests\use_cases\test_uc_parent_invitation.py:148: in test_email_locked_invitation_wrong_email
    assert "email" in resp.json()["detail"].lower()
E   assert 'email' in "ce code d'invitation n'est pas valide pour cette adresse e-mail."
E    +  where "ce code d'invitation n'est pas valide pour cette adresse e-mail." = &lt;built-in method lower of str object at 0x000001681DFB0880&gt;()
E    +    where &lt;built-in method lower of str object at 0x000001681DFB0880&gt; = "Ce code d'invitation n'est pas valide pour cette adresse e-mail.".lower</failure></testcase><testcase classname="tests.use_cases.test_uc_parent_invitation.TestEmailLockedInvitation" name="test_email_locked_invitation_correct_email" time="1.126" /><testcase classname="tests.use_cases.test_uc_password_reset.TestPasswordResetFlow" name="test_forgot_password_always_returns_200" time="0.723" /><testcase classname="tests.use_cases.test_uc_password_reset.TestPasswordResetFlow" name="test_reset_password_with_valid_token" time="1.573" /><testcase classname="tests.use_cases.test_uc_password_reset.TestPasswordResetFlow" name="test_reset_with_invalid_token" time="0.509" /><testcase classname="tests.use_cases.test_uc_password_reset.TestPasswordResetFlow" name="test_reset_with_access_token_fails" time="0.957" /><testcase classname="tests.use_cases.test_uc_role_isolation.TestLoginMethodIsolation" name="test_admin_cannot_login_by_phone" time="0.839" /><testcase classname="tests.use_cases.test_uc_role_isolation.TestLoginMethodIsolation" name="test_servant_cannot_login_by_email" time="0.698" /><testcase classname="tests.use_cases.test_uc_role_isolation.TestLoginMethodIsolation" name="test_parent_cannot_login_by_email" time="1.008" /><testcase classname="tests.use_cases.test_uc_role_isolation.TestLoginMethodIsolation" name="test_aumonier_cannot_login_by_phone" time="0.789" /><testcase classname="tests.use_cases.test_uc_role_isolation.TestAdminEndpointIsolation" name="test_servant_cannot_list_invitations" time="0.930" /><testcase classname="tests.use_cases.test_uc_role_isolation.TestAdminEndpointIsolation" name="test_parent_cannot_create_invitation" time="0.971" /><testcase classname="tests.use_cases.test_uc_role_isolation.TestAdminEndpointIsolation" name="test_unauthenticated_cannot_access_admin" time="0.600" /><testcase classname="tests.use_cases.test_uc_role_isolation.TestAdminEndpointIsolation" name="test_admin_can_access_admin_endpoints" time="0.972" /><testcase classname="tests.use_cases.test_uc_role_isolation.TestSelfRegistrationRestriction" name="test_admin_self_register_rejected" time="0.711" /><testcase classname="tests.use_cases.test_uc_role_isolation.TestSelfRegistrationRestriction" name="test_aumonier_self_register_rejected" time="0.502" /><testcase classname="tests.use_cases.test_uc_servant_registration.TestServantRegistrationAndLogin" name="test_full_servant_flow" time="1.396" /><testcase classname="tests.use_cases.test_uc_servant_registration.TestServantRegistrationAndLogin" name="test_servant_default_role_omission" time="0.908" /><testcase classname="tests.use_cases.test_uc_servant_registration.TestServantRegistrationAndLogin" name="test_servant_duplicate_email_rejected" time="1.064" /><testcase classname="tests.use_cases.test_uc_servant_registration.TestServantRegistrationAndLogin" name="test_servant_duplicate_phone_rejected" time="0.941" /><testcase classname="tests.use_cases.test_uc_token_lifecycle.TestTokenRefreshFlow" name="test_full_token_refresh_cycle" time="1.072" /><testcase classname="tests.use_cases.test_uc_token_lifecycle.TestTokenRefreshFlow" name="test_invalid_refresh_token_rejected" time="0.806" /><testcase classname="tests.use_cases.test_uc_token_lifecycle.TestTokenRefreshFlow" name="test_access_token_used_as_refresh_rejected" time="1.041" /><testcase classname="tests.use_cases.test_uc_token_lifecycle.TestTokenRefreshFlow" name="test_expired_refresh_token_rejected" time="0.762" /><testcase classname="tests.use_cases.test_uc_token_lifecycle.TestExpiredAccessToken" name="test_expired_token_denied_on_admin_endpoint" time="0.900" /><testcase classname="tests.use_cases.test_uc_unique_roles.TestAdminUniqueness" name="test_second_admin_creation_rejected" time="0.799"><failure message="assert 'already exists' in &quot;un compte administrateur existe d\xe9j\xe0. il ne peut y en avoir qu'un seul.&quot;&#10; +  where &quot;un compte administrateur existe d\xe9j\xe0. il ne peut y en avoir qu'un seul.&quot; = &lt;built-in method lower of str object at 0x000001681E4A2A30&gt;()&#10; +    where &lt;built-in method lower of str object at 0x000001681E4A2A30&gt; = &quot;Un compte Administrateur existe d\xe9j\xe0. Il ne peut y en avoir qu'un seul.&quot;.lower">tests\use_cases\test_uc_unique_roles.py:39: in test_second_admin_creation_rejected
    assert "already exists" in resp.json()["detail"].lower()
E   assert 'already exists' in "un compte administrateur existe d\xe9j\xe0. il ne peut y en avoir qu'un seul."
E    +  where "un compte administrateur existe d\xe9j\xe0. il ne peut y en avoir qu'un seul." = &lt;built-in method lower of str object at 0x000001681E4A2A30&gt;()
E    +    where &lt;built-in method lower of str object at 0x000001681E4A2A30&gt; = "Un compte Administrateur existe d\xe9j\xe0. Il ne peut y en avoir qu'un seul.".lower</failure></testcase><testcase classname="tests.use_cases.test_uc_unique_roles.TestAumonierUniqueness" name="test_second_aumonier_creation_rejected" time="1.130"><failure message="assert 'already exists' in &quot;un compte aum\xf4nier existe d\xe9j\xe0. il ne peut y en avoir qu'un seul.&quot;&#10; +  where &quot;un compte aum\xf4nier existe d\xe9j\xe0. il ne peut y en avoir qu'un seul.&quot; = &lt;built-in method lower of str object at 0x000001681F9482B0&gt;()&#10; +    where &lt;built-in method lower of str object at 0x000001681F9482B0&gt; = &quot;Un compte Aum\xf4nier existe d\xe9j\xe0. Il ne peut y en avoir qu'un seul.&quot;.lower">tests\use_cases\test_uc_unique_roles.py:75: in test_second_aumonier_creation_rejected
    assert "already exists" in resp2.json()["detail"].lower()
E   assert 'already exists' in "un compte aum\xf4nier existe d\xe9j\xe0. il ne peut y en avoir qu'un seul."
E    +  where "un compte aum\xf4nier existe d\xe9j\xe0. il ne peut y en avoir qu'un seul." = &lt;built-in method lower of str object at 0x000001681F9482B0&gt;()
E    +    where &lt;built-in method lower of str object at 0x000001681F9482B0&gt; = "Un compte Aum\xf4nier existe d\xe9j\xe0. Il ne peut y en avoir qu'un seul.".lower</failure></testcase><testcase classname="tests.use_cases.test_uc_unique_roles.TestMultipleServantParent" name="test_multiple_servants_allowed" time="1.393" /><testcase classname="tests.use_cases.test_uc_unique_roles.TestMultipleServantParent" name="test_multiple_parents_with_separate_invitations" time="1.477" /><testcase classname="tests.use_cases.test_uc_user_management.TestServantProfileManagement" name="test_full_profile_update_flow" time="1.856" /><testcase classname="tests.use_cases.test_uc_user_management.TestAdminUserManagement" name="test_admin_views_and_filters_users" time="1.363" /><testcase classname="tests.use_cases.test_uc_user_management.TestAdminUserManagement" name="test_admin_deactivates_and_reactivates_user" time="1.280" /><testcase classname="tests.use_cases.test_uc_user_management.TestAdminUserManagement" name="test_admin_resets_user_password" time="1.114" /><testcase classname="tests.use_cases.test_uc_user_management.TestDeleteGuardrails" name="test_admin_deletes_servant" time="1.097" /><testcase classname="tests.use_cases.test_uc_user_management.TestDeleteGuardrails" name="test_admin_cannot_delete_himself" time="0.894" /></testsuite></testsuites>