<?xml version="1.0" encoding="utf-8"?><testsuites name="pytest tests"><testsuite name="pytest" errors="0" failures="0" skipped="0" tests="463" time="517.134" timestamp="2026-05-28T07:19:04.255248+01:00" hostname="DESKTOP-4PKG82K"><testcase classname="tests.e2e.test_admin_endpoints.TestCreateInvitation" name="test_admin_creates_invitation_201" time="1.242" /><testcase classname="tests.e2e.test_admin_endpoints.TestCreateInvitation" name="test_admin_creates_aumonier_invitation" time="0.773" /><testcase classname="tests.e2e.test_admin_endpoints.TestCreateInvitation" name="test_invalid_role_400" time="1.323" /><testcase classname="tests.e2e.test_admin_endpoints.TestCreateInvitation" name="test_no_auth_401" time="0.704" /><testcase classname="tests.e2e.test_admin_endpoints.TestCreateInvitation" name="test_servant_forbidden_403" time="0.845" /><testcase classname="tests.e2e.test_admin_endpoints.TestCreateInvitation" name="test_parent_forbidden_403" time="0.982" /><testcase classname="tests.e2e.test_admin_endpoints.TestCreateInvitation" name="test_aumonier_forbidden_403" time="0.681" /><testcase classname="tests.e2e.test_admin_endpoints.TestListInvitations" name="test_admin_lists_invitations" time="1.041" /><testcase classname="tests.e2e.test_admin_endpoints.TestListInvitations" name="test_no_auth_401" time="0.455" /><testcase classname="tests.e2e.test_admin_endpoints.TestListInvitations" name="test_servant_forbidden_403" time="0.910" /><testcase classname="tests.e2e.test_admin_endpoints.TestRevokeInvitation" name="test_admin_revokes_own_invitation" time="0.997" /><testcase classname="tests.e2e.test_admin_endpoints.TestRevokeInvitation" name="test_revoke_nonexistent_404" time="0.708" /><testcase classname="tests.e2e.test_admin_endpoints.TestRevokeInvitation" name="test_no_auth_401" time="0.919" /><testcase classname="tests.e2e.test_admin_endpoints.TestCreateAumonier" name="test_admin_creates_aumonier_201" time="1.220" /><testcase classname="tests.e2e.test_admin_endpoints.TestCreateAumonier" name="test_duplicate_aumonier_400" time="1.285" /><testcase classname="tests.e2e.test_admin_endpoints.TestCreateAumonier" name="test_no_auth_401" time="0.811" /><testcase classname="tests.e2e.test_admin_endpoints.TestCreateAumonier" name="test_servant_forbidden_403" time="0.743" /><testcase classname="tests.e2e.test_admin_endpoints.TestCreateParentDirect" name="test_admin_creates_parent_201" time="1.201" /><testcase classname="tests.e2e.test_admin_endpoints.TestCreateParentDirect" name="test_no_auth_401" time="0.619" /><testcase classname="tests.e2e.test_admin_endpoints.TestCreateAdmin" name="test_admin_already_exists_400" time="0.878" /><testcase classname="tests.e2e.test_admin_endpoints.TestCreateAdmin" name="test_no_auth_401" time="0.664" /><testcase classname="tests.e2e.test_assignment_endpoints.TestCreateAssignment" name="test_aumonier_creates_assignment" time="0.960" /><testcase classname="tests.e2e.test_assignment_endpoints.TestCreateAssignment" name="test_admin_creates_assignment" time="1.547" /><testcase classname="tests.e2e.test_assignment_endpoints.TestCreateAssignment" name="test_servant_cannot_create_assignment" time="0.981" /><testcase classname="tests.e2e.test_assignment_endpoints.TestCreateAssignment" name="test_parent_cannot_create_assignment" time="1.460" /><testcase classname="tests.e2e.test_assignment_endpoints.TestCreateAssignment" name="test_cannot_assign_non_servant" time="0.927" /><testcase classname="tests.e2e.test_assignment_endpoints.TestCreateAssignment" name="test_duplicate_role_rejected" time="1.184" /><testcase classname="tests.e2e.test_assignment_endpoints.TestCreateAssignment" name="test_different_roles_allowed" time="1.262" /><testcase classname="tests.e2e.test_assignment_endpoints.TestCreateAssignment" name="test_event_not_found" time="0.960" /><testcase classname="tests.e2e.test_assignment_endpoints.TestCreateAssignment" name="test_user_not_found" time="0.988" /><testcase classname="tests.e2e.test_assignment_endpoints.TestCreateAssignment" name="test_inactive_user_rejected" time="1.377" /><testcase classname="tests.e2e.test_assignment_endpoints.TestCreateAssignment" name="test_all_liturgical_roles_accepted" time="1.323" /><testcase classname="tests.e2e.test_assignment_endpoints.TestBatchCreate" name="test_batch_create_success" time="1.865" /><testcase classname="tests.e2e.test_assignment_endpoints.TestBatchCreate" name="test_batch_partial_errors" time="1.287" /><testcase classname="tests.e2e.test_assignment_endpoints.TestReadAssignments" name="test_list_assignments_paginated" time="1.209" /><testcase classname="tests.e2e.test_assignment_endpoints.TestReadAssignments" name="test_get_assignment_detail" time="1.015" /><testcase classname="tests.e2e.test_assignment_endpoints.TestReadAssignments" name="test_get_event_assignments" time="1.337" /><testcase classname="tests.e2e.test_assignment_endpoints.TestReadAssignments" name="test_my_assignments" time="1.095" /><testcase classname="tests.e2e.test_assignment_endpoints.TestReadAssignments" name="test_my_upcoming" time="0.950" /><testcase classname="tests.e2e.test_assignment_endpoints.TestReadAssignments" name="test_unauthenticated_401" time="0.738" /><testcase classname="tests.e2e.test_assignment_endpoints.TestReadAssignments" name="test_assignment_not_found_404" time="0.690" /><testcase classname="tests.e2e.test_assignment_endpoints.TestReadAssignments" name="test_filter_by_status" time="1.551" /><testcase classname="tests.e2e.test_assignment_endpoints.TestSelfServiceStatus" name="test_accept_assignment" time="0.974" /><testcase classname="tests.e2e.test_assignment_endpoints.TestSelfServiceStatus" name="test_decline_assignment" time="1.153" /><testcase classname="tests.e2e.test_assignment_endpoints.TestSelfServiceStatus" name="test_cannot_update_others_assignment" time="1.420" /><testcase classname="tests.e2e.test_assignment_endpoints.TestSelfServiceStatus" name="test_cannot_change_non_pending" time="1.001" /><testcase classname="tests.e2e.test_assignment_endpoints.TestSelfServiceStatus" name="test_invalid_status_rejected" time="1.200" /><testcase classname="tests.e2e.test_assignment_endpoints.TestUpdateAssignment" name="test_aumonier_updates_role" time="0.966" /><testcase classname="tests.e2e.test_assignment_endpoints.TestUpdateAssignment" name="test_aumonier_updates_notes" time="1.146" /><testcase classname="tests.e2e.test_assignment_endpoints.TestUpdateAssignment" name="test_servant_cannot_update_via_admin_route" time="0.979" /><testcase classname="tests.e2e.test_assignment_endpoints.TestPresence" name="test_mark_present" time="1.330" /><testcase classname="tests.e2e.test_assignment_endpoints.TestPresence" name="test_mark_absent" time="1.071" /><testcase classname="tests.e2e.test_assignment_endpoints.TestPresence" name="test_servant_cannot_mark_presence" time="1.536" /><testcase classname="tests.e2e.test_assignment_endpoints.TestCancelAndDelete" name="test_cancel_assignment" time="1.174" /><testcase classname="tests.e2e.test_assignment_endpoints.TestCancelAndDelete" name="test_cancel_already_cancelled" time="0.954" /><testcase classname="tests.e2e.test_assignment_endpoints.TestCancelAndDelete" name="test_delete_assignment" time="1.230" /><testcase classname="tests.e2e.test_assignment_endpoints.TestCancelAndDelete" name="test_servant_cannot_delete" time="0.996" /><testcase classname="tests.e2e.test_assignment_endpoints.TestCancelAndDelete" name="test_presence_on_cancelled_rejected" time="1.423" /><testcase classname="tests.e2e.test_attendance_endpoints.TestRecordAttendance" name="test_record_present" time="1.232" /><testcase classname="tests.e2e.test_attendance_endpoints.TestRecordAttendance" name="test_record_absent" time="1.230" /><testcase classname="tests.e2e.test_attendance_endpoints.TestRecordAttendance" name="test_record_duplicate_rejected" time="1.219" /><testcase classname="tests.e2e.test_attendance_endpoints.TestRecordAttendance" name="test_record_unknown_user" time="0.722" /><testcase classname="tests.e2e.test_attendance_endpoints.TestRecordAttendance" name="test_servant_cannot_record" time="1.176" /><testcase classname="tests.e2e.test_attendance_endpoints.TestBatchAttendance" name="test_batch_success" time="1.118" /><testcase classname="tests.e2e.test_attendance_endpoints.TestUpdateAttendance" name="test_justify_absence" time="1.218" /><testcase classname="tests.e2e.test_attendance_endpoints.TestAttendanceSelfService" name="test_get_my_attendances" time="0.916" /><testcase classname="tests.e2e.test_attendance_endpoints.TestAttendanceSelfService" name="test_get_my_stats" time="1.592" /><testcase classname="tests.e2e.test_attendance_endpoints.TestAttendanceAdminRead" name="test_list_all_attendances" time="1.429" /><testcase classname="tests.e2e.test_attendance_endpoints.TestAttendanceAdminRead" name="test_get_attendance_detail" time="1.682" /><testcase classname="tests.e2e.test_attendance_endpoints.TestAttendanceAdminRead" name="test_get_user_stats" time="0.948" /><testcase classname="tests.e2e.test_attendance_session_endpoints.TestAttendanceSessionEndpoints" name="test_create_session_as_censeur" time="1.730" /><testcase classname="tests.e2e.test_attendance_session_endpoints.TestAttendanceSessionEndpoints" name="test_create_session_as_servant_forbidden" time="1.098" /><testcase classname="tests.e2e.test_attendance_session_endpoints.TestAttendanceSessionEndpoints" name="test_list_sessions" time="0.977" /><testcase classname="tests.e2e.test_attendance_session_endpoints.TestAttendanceSessionEndpoints" name="test_get_session" time="1.256" /><testcase classname="tests.e2e.test_attendance_session_endpoints.TestAttendanceSessionEndpoints" name="test_mark_attendance_present" time="1.598" /><testcase classname="tests.e2e.test_attendance_session_endpoints.TestAttendanceSessionEndpoints" name="test_mark_attendance_absent" time="1.450" /><testcase classname="tests.e2e.test_attendance_session_endpoints.TestAttendanceSessionEndpoints" name="test_mark_attendance_late" time="1.165" /><testcase classname="tests.e2e.test_attendance_session_endpoints.TestAttendanceSessionEndpoints" name="test_mark_attendance_excused" time="1.590" /><testcase classname="tests.e2e.test_attendance_session_endpoints.TestAttendanceSessionEndpoints" name="test_update_attendance_record" time="1.163" /><testcase classname="tests.e2e.test_attendance_session_endpoints.TestAttendanceSessionEndpoints" name="test_get_servant_stats" time="1.565" /><testcase classname="tests.e2e.test_attendance_session_endpoints.TestAttendanceSessionEndpoints" name="test_generate_report" time="0.930" /><testcase classname="tests.e2e.test_attendance_session_endpoints.TestAttendanceSessionEndpoints" name="test_get_servants_list" time="1.273" /><testcase classname="tests.e2e.test_attendance_session_endpoints.TestAttendanceSessionPermissions" name="test_servant_cannot_create_session" time="0.865" /><testcase classname="tests.e2e.test_attendance_session_endpoints.TestAttendanceSessionPermissions" name="test_servant_can_view_sessions" time="1.115" /><testcase classname="tests.e2e.test_attendance_session_endpoints.TestAttendanceSessionPermissions" name="test_servant_can_view_own_stats" time="1.211" /><testcase classname="tests.e2e.test_attendance_session_endpoints.TestAttendanceSessionPermissions" name="test_unauthenticated_cannot_access" time="0.622" /><testcase classname="tests.e2e.test_attendance_session_endpoints.TestAttendanceSessionBusinessRules" name="test_servant_must_exist" time="1.265" /><testcase classname="tests.e2e.test_attendance_session_endpoints.TestAttendanceSessionBusinessRules" name="test_session_must_exist" time="1.188" /><testcase classname="tests.e2e.test_attendance_session_endpoints.TestAttendanceSessionBusinessRules" name="test_invalid_status_rejected" time="1.581" /><testcase classname="tests.e2e.test_auth_endpoints.TestLoginEmail" name="test_admin_login_success" time="0.951" /><testcase classname="tests.e2e.test_auth_endpoints.TestLoginEmail" name="test_aumonier_login_success" time="1.279" /><testcase classname="tests.e2e.test_auth_endpoints.TestLoginEmail" name="test_wrong_password_401" time="1.066" /><testcase classname="tests.e2e.test_auth_endpoints.TestLoginEmail" name="test_nonexistent_email_401" time="0.836" /><testcase classname="tests.e2e.test_auth_endpoints.TestLoginEmail" name="test_servant_email_login_rejected_403" time="0.795" /><testcase classname="tests.e2e.test_auth_endpoints.TestLoginEmail" name="test_parent_email_login_rejected_403" time="1.005" /><testcase classname="tests.e2e.test_auth_endpoints.TestLoginEmail" name="test_inactive_user_403" time="1.004" /><testcase classname="tests.e2e.test_auth_endpoints.TestLoginPhone" name="test_servant_phone_login_success" time="1.287" /><testcase classname="tests.e2e.test_auth_endpoints.TestLoginPhone" name="test_parent_phone_login_success" time="0.907" /><testcase classname="tests.e2e.test_auth_endpoints.TestLoginPhone" name="test_wrong_password_phone_401" time="1.169" /><testcase classname="tests.e2e.test_auth_endpoints.TestLoginPhone" name="test_nonexistent_phone_401" time="0.470" /><testcase classname="tests.e2e.test_auth_endpoints.TestLoginPhone" name="test_admin_phone_login_rejected_403" time="1.112" /><testcase classname="tests.e2e.test_auth_endpoints.TestRegister" name="test_servant_registration_success" time="0.992" /><testcase classname="tests.e2e.test_auth_endpoints.TestRegister" name="test_servant_is_default_role" time="0.957" /><testcase classname="tests.e2e.test_auth_endpoints.TestRegister" name="test_parent_with_invitation_code" time="0.953" /><testcase classname="tests.e2e.test_auth_endpoints.TestRegister" name="test_parent_without_invitation_400" time="0.756" /><testcase classname="tests.e2e.test_auth_endpoints.TestRegister" name="test_parent_invalid_invitation_400" time="0.568" /><testcase classname="tests.e2e.test_auth_endpoints.TestRegister" name="test_admin_registration_blocked_403" time="0.972" /><testcase classname="tests.e2e.test_auth_endpoints.TestRegister" name="test_aumonier_registration_blocked_403" time="0.581" /><testcase classname="tests.e2e.test_auth_endpoints.TestRegister" name="test_duplicate_email_400" time="1.079" /><testcase classname="tests.e2e.test_auth_endpoints.TestRegister" name="test_weak_password_422" time="0.462" /><testcase classname="tests.e2e.test_auth_endpoints.TestRefreshToken" name="test_valid_refresh" time="1.287" /><testcase classname="tests.e2e.test_auth_endpoints.TestRefreshToken" name="test_invalid_refresh_token_401" time="0.627" /><testcase classname="tests.e2e.test_auth_endpoints.TestRefreshToken" name="test_access_token_as_refresh_401" time="1.603" /><testcase classname="tests.e2e.test_auth_endpoints.TestPasswordReset" name="test_forgot_password_existing_email_200" time="0.780" /><testcase classname="tests.e2e.test_auth_endpoints.TestPasswordReset" name="test_forgot_password_nonexistent_email_200" time="0.935" /><testcase classname="tests.e2e.test_auth_endpoints.TestPasswordReset" name="test_reset_password_invalid_token_400" time="0.514" /><testcase classname="tests.e2e.test_auth_endpoints.TestPasswordReset" name="test_reset_password_valid_token" time="1.440" /><testcase classname="tests.e2e.test_communication_endpoints.TestSendNotification" name="test_send_notification_success" time="1.212" /><testcase classname="tests.e2e.test_communication_endpoints.TestSendNotification" name="test_send_notification_with_priority" time="1.434" /><testcase classname="tests.e2e.test_communication_endpoints.TestSendNotification" name="test_send_notification_with_related_entity" time="1.377" /><testcase classname="tests.e2e.test_communication_endpoints.TestSendNotification" name="test_send_notification_forbidden_servant" time="0.930" /><testcase classname="tests.e2e.test_communication_endpoints.TestSendNotification" name="test_send_notification_admin_success" time="1.144" /><testcase classname="tests.e2e.test_communication_endpoints.TestBroadcastNotification" name="test_broadcast_to_all" time="1.584" /><testcase classname="tests.e2e.test_communication_endpoints.TestBroadcastNotification" name="test_broadcast_to_servants" time="1.283" /><testcase classname="tests.e2e.test_communication_endpoints.TestBroadcastNotification" name="test_broadcast_to_parents" time="0.913" /><testcase classname="tests.e2e.test_communication_endpoints.TestBroadcastNotification" name="test_broadcast_forbidden_servant" time="1.107" /><testcase classname="tests.e2e.test_communication_endpoints.TestMyNotifications" name="test_get_my_notifications_empty" time="0.825" /><testcase classname="tests.e2e.test_communication_endpoints.TestMyNotifications" name="test_get_my_notifications_with_data" time="1.210" /><testcase classname="tests.e2e.test_communication_endpoints.TestMyNotifications" name="test_get_my_notifications_pagination" time="0.964" /><testcase classname="tests.e2e.test_communication_endpoints.TestNotificationDetail" name="test_get_notification_detail" time="0.928" /><testcase classname="tests.e2e.test_communication_endpoints.TestNotificationDetail" name="test_get_notification_not_found" time="1.509" /><testcase classname="tests.e2e.test_communication_endpoints.TestNotificationDetail" name="test_get_notification_wrong_user" time="1.566" /><testcase classname="tests.e2e.test_communication_endpoints.TestMarkAsRead" name="test_mark_notification_as_read" time="0.935" /><testcase classname="tests.e2e.test_communication_endpoints.TestMarkAsRead" name="test_mark_already_read_notification" time="1.313" /><testcase classname="tests.e2e.test_communication_endpoints.TestMarkAsRead" name="test_mark_wrong_user_notification" time="1.313" /><testcase classname="tests.e2e.test_communication_endpoints.TestNotificationStats" name="test_get_stats_empty" time="0.969" /><testcase classname="tests.e2e.test_communication_endpoints.TestNotificationStats" name="test_get_stats_with_notification" time="1.078" /><testcase classname="tests.e2e.test_communication_endpoints.TestNotificationPreferences" name="test_get_preferences_defaults" time="0.673" /><testcase classname="tests.e2e.test_communication_endpoints.TestNotificationPreferences" name="test_update_preference" time="1.305" /><testcase classname="tests.e2e.test_communication_endpoints.TestNotificationPreferences" name="test_update_preference_partial" time="0.926" /><testcase classname="tests.e2e.test_communication_endpoints.TestNotificationPreferences" name="test_update_preference_idempotent" time="1.040" /><testcase classname="tests.e2e.test_communication_endpoints.TestNotificationHistory" name="test_history_admin_access" time="0.960" /><testcase classname="tests.e2e.test_communication_endpoints.TestNotificationHistory" name="test_history_with_filters" time="1.265" /><testcase classname="tests.e2e.test_communication_endpoints.TestNotificationHistory" name="test_history_forbidden_servant" time="1.105" /><testcase classname="tests.e2e.test_communication_endpoints.TestNotificationHistory" name="test_history_pagination" time="1.016" /><testcase classname="tests.e2e.test_communication_endpoints.TestNotificationWorkflow" name="test_full_workflow" time="1.063" /><testcase classname="tests.e2e.test_contribution_endpoints.TestContributionEndpoints" name="test_record_payment_as_econome" time="1.528" /><testcase classname="tests.e2e.test_contribution_endpoints.TestContributionEndpoints" name="test_record_weekly_payment" time="1.211" /><testcase classname="tests.e2e.test_contribution_endpoints.TestContributionEndpoints" name="test_record_payment_invalid_amount_weekly" time="1.804" /><testcase classname="tests.e2e.test_contribution_endpoints.TestContributionEndpoints" name="test_record_payment_invalid_amount_monthly" time="1.285" /><testcase classname="tests.e2e.test_contribution_endpoints.TestContributionEndpoints" name="test_record_payment_missing_week_number" time="1.490" /><testcase classname="tests.e2e.test_contribution_endpoints.TestContributionEndpoints" name="test_record_payment_as_servant_forbidden" time="1.170" /><testcase classname="tests.e2e.test_contribution_endpoints.TestContributionEndpoints" name="test_list_contributions" time="0.934" /><testcase classname="tests.e2e.test_contribution_endpoints.TestContributionEndpoints" name="test_list_contributions_with_filters" time="0.981" /><testcase classname="tests.e2e.test_contribution_endpoints.TestContributionEndpoints" name="test_get_contribution" time="1.425" /><testcase classname="tests.e2e.test_contribution_endpoints.TestContributionEndpoints" name="test_get_contribution_not_found" time="0.972" /><testcase classname="tests.e2e.test_contribution_endpoints.TestContributionEndpoints" name="test_update_contribution" time="1.605" /><testcase classname="tests.e2e.test_contribution_endpoints.TestContributionEndpoints" name="test_delete_contribution" time="1.265" /><testcase classname="tests.e2e.test_contribution_endpoints.TestContributionEndpoints" name="test_get_servant_contributions" time="1.496" /><testcase classname="tests.e2e.test_contribution_endpoints.TestContributionEndpoints" name="test_get_servant_stats" time="1.671" /><testcase classname="tests.e2e.test_contribution_endpoints.TestContributionEndpoints" name="test_get_monthly_summary" time="1.001" /><testcase classname="tests.e2e.test_contribution_endpoints.TestContributionEndpoints" name="test_generate_financial_report" time="1.001" /><testcase classname="tests.e2e.test_contribution_endpoints.TestContributionEndpoints" name="test_generate_report_with_servant_filter" time="1.801" /><testcase classname="tests.e2e.test_contribution_endpoints.TestContributionPermissions" name="test_admin_can_manage_contributions" time="1.101" /><testcase classname="tests.e2e.test_contribution_endpoints.TestContributionPermissions" name="test_aumonier_can_manage_contributions" time="1.212" /><testcase classname="tests.e2e.test_contribution_endpoints.TestContributionPermissions" name="test_servant_can_view_own_contributions" time="0.736" /><testcase classname="tests.e2e.test_contribution_endpoints.TestContributionPermissions" name="test_servant_cannot_create_contribution" time="1.258" /><testcase classname="tests.e2e.test_contribution_endpoints.TestContributionPermissions" name="test_unauthenticated_cannot_access" time="1.090" /><testcase classname="tests.e2e.test_contribution_endpoints.TestContributionBusinessRules" name="test_weekly_payment_requires_week_number" time="1.165" /><testcase classname="tests.e2e.test_contribution_endpoints.TestContributionBusinessRules" name="test_monthly_payment_no_week_number" time="1.140" /><testcase classname="tests.e2e.test_contribution_endpoints.TestContributionBusinessRules" name="test_amount_must_be_positive" time="1.456" /><testcase classname="tests.e2e.test_contribution_endpoints.TestContributionBusinessRules" name="test_month_must_be_valid" time="1.448" /><testcase classname="tests.e2e.test_contribution_endpoints.TestContributionBusinessRules" name="test_servant_must_exist" time="1.437" /><testcase classname="tests.e2e.test_cotisation_endpoints.TestCotisationPeriods" name="test_create_period_success" time="0.768" /><testcase classname="tests.e2e.test_cotisation_endpoints.TestCotisationPeriods" name="test_create_period_invalid_dates" time="1.055" /><testcase classname="tests.e2e.test_cotisation_endpoints.TestCotisationPeriods" name="test_list_periods" time="0.758" /><testcase classname="tests.e2e.test_cotisation_endpoints.TestCotisationPeriods" name="test_get_period_detail" time="1.228" /><testcase classname="tests.e2e.test_cotisation_endpoints.TestCotisationPeriods" name="test_update_period" time="1.048" /><testcase classname="tests.e2e.test_cotisation_endpoints.TestCotisationPeriods" name="test_delete_period" time="0.702" /><testcase classname="tests.e2e.test_cotisation_endpoints.TestCotisationPeriods" name="test_servant_cannot_create_period" time="0.711" /><testcase classname="tests.e2e.test_cotisation_endpoints.TestCotisationPayments" name="test_record_full_payment" time="1.379" /><testcase classname="tests.e2e.test_cotisation_endpoints.TestCotisationPayments" name="test_record_partial_payment" time="1.203" /><testcase classname="tests.e2e.test_cotisation_endpoints.TestCotisationPayments" name="test_cumulative_payment" time="1.339" /><testcase classname="tests.e2e.test_cotisation_endpoints.TestCotisationPayments" name="test_get_period_payments" time="1.186" /><testcase classname="tests.e2e.test_cotisation_endpoints.TestCotisationPayments" name="test_get_my_cotisations" time="0.925" /><testcase classname="tests.e2e.test_cotisation_endpoints.TestCotisationBilan" name="test_get_bilan" time="1.094" /><testcase classname="tests.e2e.test_discipline_endpoints.TestOpenDisciplineCase" name="test_open_case_success" time="1.612" /><testcase classname="tests.e2e.test_discipline_endpoints.TestOpenDisciplineCase" name="test_open_case_with_custom_severity" time="1.127" /><testcase classname="tests.e2e.test_discipline_endpoints.TestOpenDisciplineCase" name="test_open_case_non_servant_rejected" time="1.284" /><testcase classname="tests.e2e.test_discipline_endpoints.TestOpenDisciplineCase" name="test_open_case_servant_forbidden" time="0.896" /><testcase classname="tests.e2e.test_discipline_endpoints.TestDisciplineWorkflow" name="test_full_workflow_with_suspension" time="1.348" /><testcase classname="tests.e2e.test_discipline_endpoints.TestDisciplineWorkflow" name="test_workflow_dismiss_case" time="1.096" /><testcase classname="tests.e2e.test_discipline_endpoints.TestDisciplineWorkflow" name="test_invalid_workflow_transition" time="1.342" /><testcase classname="tests.e2e.test_discipline_endpoints.TestDisciplineWorkflow" name="test_cannot_execute_without_verdict" time="0.977" /><testcase classname="tests.e2e.test_discipline_endpoints.TestDisciplineRead" name="test_list_cases" time="1.269" /><testcase classname="tests.e2e.test_discipline_endpoints.TestDisciplineRead" name="test_get_case_detail" time="0.934" /><testcase classname="tests.e2e.test_discipline_endpoints.TestDisciplineRead" name="test_get_case_not_found" time="1.138" /><testcase classname="tests.e2e.test_discipline_endpoints.TestDisciplineRead" name="test_get_user_stats" time="0.934" /><testcase classname="tests.e2e.test_event_endpoints.TestCreateEvent" name="test_aumonier_creates_event" time="1.399" /><testcase classname="tests.e2e.test_event_endpoints.TestCreateEvent" name="test_admin_creates_event" time="0.689" /><testcase classname="tests.e2e.test_event_endpoints.TestCreateEvent" name="test_create_event_with_participants" time="1.406" /><testcase classname="tests.e2e.test_event_endpoints.TestCreateEvent" name="test_servant_cannot_create_event" time="0.828" /><testcase classname="tests.e2e.test_event_endpoints.TestCreateEvent" name="test_parent_cannot_create_event" time="1.493" /><testcase classname="tests.e2e.test_event_endpoints.TestCreateEvent" name="test_end_before_start_rejected" time="0.831" /><testcase classname="tests.e2e.test_event_endpoints.TestCreateEvent" name="test_all_event_types_accepted" time="0.938" /><testcase classname="tests.e2e.test_event_endpoints.TestReadEvents" name="test_list_events_authenticated" time="1.491" /><testcase classname="tests.e2e.test_event_endpoints.TestReadEvents" name="test_get_event_detail" time="0.948" /><testcase classname="tests.e2e.test_event_endpoints.TestReadEvents" name="test_event_not_found_404" time="1.432" /><testcase classname="tests.e2e.test_event_endpoints.TestReadEvents" name="test_unauthenticated_list_events_401" time="0.500" /><testcase classname="tests.e2e.test_event_endpoints.TestUpdateEvent" name="test_aumonier_updates_event" time="1.103" /><testcase classname="tests.e2e.test_event_endpoints.TestUpdateEvent" name="test_servant_cannot_update_event" time="0.900" /><testcase classname="tests.e2e.test_event_endpoints.TestDeleteEvent" name="test_aumonier_deletes_event" time="1.176" /><testcase classname="tests.e2e.test_event_endpoints.TestDeleteEvent" name="test_servant_cannot_delete_event" time="1.129" /><testcase classname="tests.e2e.test_event_endpoints.TestParticipants" name="test_add_participant" time="1.370" /><testcase classname="tests.e2e.test_event_endpoints.TestParticipants" name="test_duplicate_participant_rejected" time="0.910" /><testcase classname="tests.e2e.test_event_endpoints.TestParticipants" name="test_list_participants" time="1.271" /><testcase classname="tests.e2e.test_event_endpoints.TestParticipants" name="test_update_participant" time="1.273" /><testcase classname="tests.e2e.test_event_endpoints.TestParticipants" name="test_remove_participant" time="1.523" /><testcase classname="tests.e2e.test_event_endpoints.TestParticipants" name="test_servant_cannot_add_participant" time="0.997" /><testcase classname="tests.e2e.test_event_endpoints.TestMyParticipation" name="test_confirm_participation" time="0.925" /><testcase classname="tests.e2e.test_event_endpoints.TestMyParticipation" name="test_decline_participation" time="1.466" /><testcase classname="tests.e2e.test_event_endpoints.TestMyParticipation" name="test_non_participant_cannot_update" time="0.973" /><testcase classname="tests.e2e.test_event_endpoints.TestMyParticipation" name="test_my_events" time="1.438" /><testcase classname="tests.e2e.test_financial_entry_endpoints" name="test_create_entry_success" time="0.894" /><testcase classname="tests.e2e.test_financial_entry_endpoints" name="test_create_entry_unauthorized" time="1.272" /><testcase classname="tests.e2e.test_financial_entry_endpoints" name="test_list_entries" time="1.344" /><testcase classname="tests.e2e.test_financial_entry_endpoints" name="test_get_entry_detail" time="1.586" /><testcase classname="tests.e2e.test_financial_entry_endpoints" name="test_update_entry" time="1.184" /><testcase classname="tests.e2e.test_financial_entry_endpoints" name="test_verify_entry" time="1.728" /><testcase classname="tests.e2e.test_financial_entry_endpoints" name="test_get_statistics" time="1.016" /><testcase classname="tests.e2e.test_financial_entry_endpoints" name="test_generate_audit_report" time="1.038" /><testcase classname="tests.e2e.test_financial_entry_endpoints" name="test_create_discrepancy" time="1.894" /><testcase classname="tests.e2e.test_financial_entry_endpoints" name="test_resolve_discrepancy" time="1.330" /><testcase classname="tests.e2e.test_financial_entry_endpoints" name="test_filter_by_category" time="1.295" /><testcase classname="tests.e2e.test_financial_entry_endpoints" name="test_filter_by_verification_status" time="0.938" /><testcase classname="tests.e2e.test_health_endpoints.TestRootEndpoint" name="test_root_returns_200" time="0.197" /><testcase classname="tests.e2e.test_health_endpoints.TestRootEndpoint" name="test_root_contains_api_name" time="0.194" /><testcase classname="tests.e2e.test_health_endpoints.TestRootEndpoint" name="test_root_contains_health_link" time="0.154" /><testcase classname="tests.e2e.test_health_endpoints.TestRootEndpoint" name="test_root_contains_version_link" time="0.192" /><testcase classname="tests.e2e.test_health_endpoints.TestReadinessProbe" name="test_ready_returns_200_with_sqlite" time="0.224" /><testcase classname="tests.e2e.test_health_endpoints.TestReadinessProbe" name="test_ready_body_has_status_ready" time="0.193" /><testcase classname="tests.e2e.test_health_endpoints.TestHealthCheck" name="test_health_returns_200_or_degraded" time="0.470" /><testcase classname="tests.e2e.test_health_endpoints.TestHealthCheck" name="test_health_body_has_status" time="0.504" /><testcase classname="tests.e2e.test_health_endpoints.TestHealthCheck" name="test_health_body_has_checks" time="0.203" /><testcase classname="tests.e2e.test_health_endpoints.TestHealthCheck" name="test_health_database_check_ok" time="0.181" /><testcase classname="tests.e2e.test_health_endpoints.TestHealthCheck" name="test_health_body_has_version" time="0.184" /><testcase classname="tests.e2e.test_health_endpoints.TestHealthCheck" name="test_health_body_has_timestamp" time="0.181" /><testcase classname="tests.e2e.test_health_endpoints.TestHealthCheck" name="test_health_body_has_environment" time="0.206" /><testcase classname="tests.e2e.test_health_endpoints.TestApiVersion" name="test_version_returns_200" time="0.183" /><testcase classname="tests.e2e.test_health_endpoints.TestApiVersion" name="test_version_has_version_field" time="0.158" /><testcase classname="tests.e2e.test_health_endpoints.TestApiVersion" name="test_version_has_release_date" time="0.173" /><testcase classname="tests.e2e.test_health_endpoints.TestApiVersion" name="test_version_has_environment" time="0.304" /><testcase classname="tests.e2e.test_health_endpoints.TestApiVersion" name="test_version_has_min_client_version" time="0.193" /><testcase classname="tests.e2e.test_health_endpoints.TestApiVersion" name="test_version_has_deprecations_list" time="0.171" /><testcase classname="tests.e2e.test_health_endpoints.TestVersioningHeaders" name="test_every_response_has_x_api_version" time="0.154" /><testcase classname="tests.e2e.test_health_endpoints.TestVersioningHeaders" name="test_x_request_id_generated_when_absent" time="0.153" /><testcase classname="tests.e2e.test_health_endpoints.TestVersioningHeaders" name="test_x_request_id_propagated_when_provided" time="0.167" /><testcase classname="tests.e2e.test_health_endpoints.TestVersioningHeaders" name="test_x_api_version_is_semver" time="0.163" /><testcase classname="tests.e2e.test_health_endpoints.TestAuthProtection" name="test_users_list_requires_auth" time="0.162" /><testcase classname="tests.e2e.test_health_endpoints.TestAuthProtection" name="test_discipline_requires_auth" time="0.188" /><testcase classname="tests.e2e.test_health_endpoints.TestAuthProtection" name="test_events_list_requires_auth" time="0.207" /><testcase classname="tests.e2e.test_material_endpoints" name="test_create_material_item_success" time="1.083" /><testcase classname="tests.e2e.test_material_endpoints" name="test_create_material_item_forbidden" time="0.927" /><testcase classname="tests.e2e.test_material_endpoints" name="test_list_material_items" time="1.484" /><testcase classname="tests.e2e.test_material_endpoints" name="test_get_material_item" time="1.005" /><testcase classname="tests.e2e.test_material_endpoints" name="test_update_material_item" time="1.387" /><testcase classname="tests.e2e.test_material_endpoints" name="test_delete_material_item" time="1.017" /><testcase classname="tests.e2e.test_material_endpoints" name="test_get_items_needing_maintenance" time="1.165" /><testcase classname="tests.e2e.test_material_endpoints" name="test_create_cleaning_task_success" time="0.899" /><testcase classname="tests.e2e.test_material_endpoints" name="test_list_cleaning_tasks" time="1.268" /><testcase classname="tests.e2e.test_material_endpoints" name="test_get_cleaning_task" time="0.949" /><testcase classname="tests.e2e.test_material_endpoints" name="test_update_cleaning_task" time="1.565" /><testcase classname="tests.e2e.test_material_endpoints" name="test_complete_cleaning_task" time="1.045" /><testcase classname="tests.e2e.test_material_endpoints" name="test_validate_cleaning_task" time="1.152" /><testcase classname="tests.e2e.test_material_endpoints" name="test_delete_cleaning_task" time="1.505" /><testcase classname="tests.e2e.test_material_endpoints" name="test_assign_servant_to_task" time="1.161" /><testcase classname="tests.e2e.test_material_endpoints" name="test_assign_servants_batch" time="1.982" /><testcase classname="tests.e2e.test_material_endpoints" name="test_get_servant_assignments" time="1.267" /><testcase classname="tests.e2e.test_material_endpoints" name="test_remove_assignment" time="1.906" /><testcase classname="tests.e2e.test_material_endpoints" name="test_create_aube_task_success" time="1.157" /><testcase classname="tests.e2e.test_material_endpoints" name="test_list_aube_tasks" time="1.125" /><testcase classname="tests.e2e.test_material_endpoints" name="test_get_aube_task" time="1.464" /><testcase classname="tests.e2e.test_material_endpoints" name="test_update_aube_task" time="0.937" /><testcase classname="tests.e2e.test_material_endpoints" name="test_complete_aube_task" time="1.415" /><testcase classname="tests.e2e.test_material_endpoints" name="test_validate_aube_task" time="1.190" /><testcase classname="tests.e2e.test_material_endpoints" name="test_delete_aube_task" time="1.500" /><testcase classname="tests.e2e.test_material_endpoints" name="test_add_maintenance_history" time="0.988" /><testcase classname="tests.e2e.test_material_endpoints" name="test_get_item_maintenance_history" time="1.220" /><testcase classname="tests.e2e.test_material_endpoints" name="test_generate_material_report" time="1.391" /><testcase classname="tests.e2e.test_material_endpoints" name="test_get_material_stats" time="0.828" /><testcase classname="tests.e2e.test_profile_photo.TestProfilePhotoUpload" name="test_upload_photo_success" time="1.056" /><testcase classname="tests.e2e.test_profile_photo.TestProfilePhotoUpload" name="test_upload_png" time="0.704" /><testcase classname="tests.e2e.test_profile_photo.TestProfilePhotoUpload" name="test_upload_webp" time="1.137" /><testcase classname="tests.e2e.test_profile_photo.TestProfilePhotoUpload" name="test_upload_replaces_existing" time="0.718" /><testcase classname="tests.e2e.test_profile_photo.TestProfilePhotoUpload" name="test_invalid_content_type_rejected" time="0.721" /><testcase classname="tests.e2e.test_profile_photo.TestProfilePhotoUpload" name="test_file_too_large_rejected" time="1.524" /><testcase classname="tests.e2e.test_profile_photo.TestProfilePhotoUpload" name="test_unauthenticated_upload_401" time="0.473" /><testcase classname="tests.e2e.test_profile_photo.TestProfilePhotoDelete" name="test_delete_photo" time="1.129" /><testcase classname="tests.e2e.test_profile_photo.TestProfilePhotoDelete" name="test_delete_no_photo_404" time="0.695" /><testcase classname="tests.e2e.test_report_endpoints" name="test_create_report_success" time="1.339" /><testcase classname="tests.e2e.test_report_endpoints" name="test_create_report_activity" time="1.343" /><testcase classname="tests.e2e.test_report_endpoints" name="test_create_report_unauthorized" time="1.144" /><testcase classname="tests.e2e.test_report_endpoints" name="test_list_reports_published_only" time="1.214" /><testcase classname="tests.e2e.test_report_endpoints" name="test_get_report_detail" time="0.941" /><testcase classname="tests.e2e.test_report_endpoints" name="test_get_report_not_found" time="1.710" /><testcase classname="tests.e2e.test_report_endpoints" name="test_update_report_success" time="1.027" /><testcase classname="tests.e2e.test_report_endpoints" name="test_update_published_report_fails" time="1.394" /><testcase classname="tests.e2e.test_report_endpoints" name="test_delete_report_success" time="0.989" /><testcase classname="tests.e2e.test_report_endpoints" name="test_delete_published_report_fails" time="1.051" /><testcase classname="tests.e2e.test_report_endpoints" name="test_publish_report_success" time="1.418" /><testcase classname="tests.e2e.test_report_endpoints" name="test_publish_already_published_fails" time="1.188" /><testcase classname="tests.e2e.test_report_endpoints" name="test_archive_report_success" time="1.371" /><testcase classname="tests.e2e.test_report_endpoints" name="test_archive_draft_fails" time="1.062" /><testcase classname="tests.e2e.test_report_endpoints" name="test_get_my_reports" time="1.422" /><testcase classname="tests.e2e.test_report_endpoints" name="test_add_attachment_success" time="1.118" /><testcase classname="tests.e2e.test_report_endpoints" name="test_add_attachment_to_published_fails" time="1.004" /><testcase classname="tests.e2e.test_report_endpoints" name="test_get_attachments" time="1.363" /><testcase classname="tests.e2e.test_report_endpoints" name="test_delete_attachment_success" time="0.918" /><testcase classname="tests.e2e.test_report_endpoints" name="test_filter_reports_by_type" time="1.495" /><testcase classname="tests.e2e.test_report_endpoints" name="test_filter_reports_by_date_range" time="0.943" /><testcase classname="tests.e2e.test_report_endpoints" name="test_pagination" time="1.415" /><testcase classname="tests.e2e.test_responsable_endpoints.TestNominations" name="test_aumonier_nominates_servant" time="1.187" /><testcase classname="tests.e2e.test_responsable_endpoints.TestNominations" name="test_admin_nominates_servant" time="0.991" /><testcase classname="tests.e2e.test_responsable_endpoints.TestNominations" name="test_servant_cannot_nominate" time="1.526" /><testcase classname="tests.e2e.test_responsable_endpoints.TestNominations" name="test_parent_cannot_nominate" time="0.934" /><testcase classname="tests.e2e.test_responsable_endpoints.TestNominations" name="test_cannot_nominate_non_servant" time="1.462" /><testcase classname="tests.e2e.test_responsable_endpoints.TestNominations" name="test_cannot_nominate_inactive_user" time="0.905" /><testcase classname="tests.e2e.test_responsable_endpoints.TestNominations" name="test_cannot_nominate_user_not_found" time="0.722" /><testcase classname="tests.e2e.test_responsable_endpoints.TestNominations" name="test_poste_already_occupied" time="1.568" /><testcase classname="tests.e2e.test_responsable_endpoints.TestNominations" name="test_servant_one_poste_only" time="1.234" /><testcase classname="tests.e2e.test_responsable_endpoints.TestNominations" name="test_all_postes_accepted" time="1.354" /><testcase classname="tests.e2e.test_responsable_endpoints.TestRevocation" name="test_aumonier_revokes_nomination" time="0.952" /><testcase classname="tests.e2e.test_responsable_endpoints.TestRevocation" name="test_cannot_revoke_already_revoked" time="0.980" /><testcase classname="tests.e2e.test_responsable_endpoints.TestRevocation" name="test_revoke_not_found" time="1.604" /><testcase classname="tests.e2e.test_responsable_endpoints.TestRevocation" name="test_servant_cannot_revoke" time="1.053" /><testcase classname="tests.e2e.test_responsable_endpoints.TestListNominations" name="test_list_active_nominations" time="1.427" /><testcase classname="tests.e2e.test_responsable_endpoints.TestListNominations" name="test_my_nominations" time="1.073" /><testcase classname="tests.e2e.test_responsable_endpoints.TestListNominations" name="test_nomination_history" time="0.980" /><testcase classname="tests.e2e.test_responsable_endpoints.TestListNominations" name="test_unauthenticated_401" time="1.118" /><testcase classname="tests.e2e.test_responsable_endpoints.TestPostesReference" name="test_list_all_postes" time="0.810" /><testcase classname="tests.e2e.test_responsable_endpoints.TestPostesReference" name="test_list_postes_with_titulaire" time="1.404" /><testcase classname="tests.e2e.test_responsable_endpoints.TestPostesReference" name="test_get_poste_detail" time="0.750" /><testcase classname="tests.e2e.test_responsable_endpoints.TestPostesReference" name="test_get_censeur_detail" time="0.766" /><testcase classname="tests.e2e.test_responsable_endpoints.TestPosteActionCreate" name="test_delegue_creates_decision" time="1.618" /><testcase classname="tests.e2e.test_responsable_endpoints.TestPosteActionCreate" name="test_censeur_creates_sanction" time="1.257" /><testcase classname="tests.e2e.test_responsable_endpoints.TestPosteActionCreate" name="test_aumonier_creates_action_for_any_poste" time="1.149" /><testcase classname="tests.e2e.test_responsable_endpoints.TestPosteActionCreate" name="test_non_responsable_cannot_create" time="0.729" /><testcase classname="tests.e2e.test_responsable_endpoints.TestPosteActionCreate" name="test_parent_cannot_create" time="0.924" /><testcase classname="tests.e2e.test_responsable_endpoints.TestPosteActionCreate" name="test_invalid_category_rejected" time="1.427" /><testcase classname="tests.e2e.test_responsable_endpoints.TestPosteActionCreate" name="test_wrong_poste_access_denied" time="1.078" /><testcase classname="tests.e2e.test_responsable_endpoints.TestPosteActionCreate" name="test_invalid_slug_404" time="1.213" /><testcase classname="tests.e2e.test_responsable_endpoints.TestPosteActionCreate" name="test_all_slugs_valid" time="0.907" /><testcase classname="tests.e2e.test_responsable_endpoints.TestPosteActionRead" name="test_list_actions" time="0.920" /><testcase classname="tests.e2e.test_responsable_endpoints.TestPosteActionRead" name="test_get_action_detail" time="1.483" /><testcase classname="tests.e2e.test_responsable_endpoints.TestPosteActionRead" name="test_filter_by_category" time="0.984" /><testcase classname="tests.e2e.test_responsable_endpoints.TestPosteActionRead" name="test_filter_by_status" time="1.619" /><testcase classname="tests.e2e.test_responsable_endpoints.TestPosteActionModify" name="test_update_action" time="1.349" /><testcase classname="tests.e2e.test_responsable_endpoints.TestPosteActionModify" name="test_other_responsable_cannot_update" time="1.227" /><testcase classname="tests.e2e.test_responsable_endpoints.TestPosteActionModify" name="test_delete_action" time="1.441" /><testcase classname="tests.e2e.test_responsable_endpoints.TestPosteActionModify" name="test_action_not_found" time="0.998" /><testcase classname="tests.e2e.test_responsable_endpoints.TestPosteDashboard" name="test_delegue_dashboard" time="1.379" /><testcase classname="tests.e2e.test_responsable_endpoints.TestPosteDashboard" name="test_aumonier_sees_all_dashboards" time="0.912" /><testcase classname="tests.e2e.test_responsable_endpoints.TestPosteDashboard" name="test_servant_no_nomination_denied" time="0.715" /><testcase classname="tests.e2e.test_responsable_endpoints.TestResponsableWorkflow" name="test_full_workflow" time="1.781" /><testcase classname="tests.e2e.test_responsable_endpoints.TestResponsableWorkflow" name="test_renomination_after_revocation" time="1.530" /><testcase classname="tests.e2e.test_sport_culture_endpoints" name="test_create_event_success" time="1.466" /><testcase classname="tests.e2e.test_sport_culture_endpoints" name="test_create_event_forbidden" time="0.682" /><testcase classname="tests.e2e.test_sport_culture_endpoints" name="test_list_events" time="1.441" /><testcase classname="tests.e2e.test_sport_culture_endpoints" name="test_get_event" time="0.944" /><testcase classname="tests.e2e.test_sport_culture_endpoints" name="test_update_event" time="0.960" /><testcase classname="tests.e2e.test_sport_culture_endpoints" name="test_delete_event" time="1.412" /><testcase classname="tests.e2e.test_sport_culture_endpoints" name="test_get_upcoming_events" time="0.659" /><testcase classname="tests.e2e.test_sport_culture_endpoints" name="test_register_to_event" time="1.277" /><testcase classname="tests.e2e.test_sport_culture_endpoints" name="test_register_batch_to_event" time="2.084" /><testcase classname="tests.e2e.test_sport_culture_endpoints" name="test_get_event_participants" time="1.066" /><testcase classname="tests.e2e.test_sport_culture_endpoints" name="test_mark_attendance" time="1.618" /><testcase classname="tests.e2e.test_sport_culture_endpoints" name="test_mark_payment" time="1.167" /><testcase classname="tests.e2e.test_sport_culture_endpoints" name="test_cancel_participation" time="1.715" /><testcase classname="tests.e2e.test_sport_culture_endpoints" name="test_get_servant_participations" time="0.923" /><testcase classname="tests.e2e.test_sport_culture_endpoints" name="test_get_servant_stats" time="1.004" /><testcase classname="tests.e2e.test_sport_culture_endpoints" name="test_add_event_result" time="1.649" /><testcase classname="tests.e2e.test_sport_culture_endpoints" name="test_get_event_results" time="1.248" /><testcase classname="tests.e2e.test_sport_culture_endpoints" name="test_delete_result" time="0.974" /><testcase classname="tests.e2e.test_sport_culture_endpoints" name="test_create_event_team" time="1.844" /><testcase classname="tests.e2e.test_sport_culture_endpoints" name="test_get_event_teams" time="1.202" /><testcase classname="tests.e2e.test_sport_culture_endpoints" name="test_update_team" time="1.688" /><testcase classname="tests.e2e.test_sport_culture_endpoints" name="test_delete_team" time="1.327" /><testcase classname="tests.e2e.test_sport_culture_endpoints" name="test_generate_report" time="1.678" /><testcase classname="tests.e2e.test_sport_culture_endpoints" name="test_get_stats" time="0.846" /><testcase classname="tests.e2e.test_sport_culture_endpoints" name="test_cannot_register_twice" time="1.391" /><testcase classname="tests.e2e.test_sport_culture_endpoints" name="test_cannot_delete_event_with_participants" time="2.302" /><testcase classname="tests.e2e.test_sport_culture_endpoints" name="test_event_full" time="1.415" /><testcase classname="tests.e2e.test_subgroup_endpoints.TestSubGroupCRUD" name="test_create_subgroup" time="0.733" /><testcase classname="tests.e2e.test_subgroup_endpoints.TestSubGroupCRUD" name="test_create_duplicate_name_rejected" time="1.185" /><testcase classname="tests.e2e.test_subgroup_endpoints.TestSubGroupCRUD" name="test_list_subgroups" time="0.968" /><testcase classname="tests.e2e.test_subgroup_endpoints.TestSubGroupCRUD" name="test_get_subgroup_detail" time="1.325" /><testcase classname="tests.e2e.test_subgroup_endpoints.TestSubGroupCRUD" name="test_update_subgroup" time="0.754" /><testcase classname="tests.e2e.test_subgroup_endpoints.TestSubGroupCRUD" name="test_delete_subgroup" time="0.723" /><testcase classname="tests.e2e.test_subgroup_endpoints.TestSubGroupCRUD" name="test_servant_cannot_create_subgroup" time="1.176" /><testcase classname="tests.e2e.test_subgroup_endpoints.TestSubGroupMembers" name="test_add_member_success" time="1.135" /><testcase classname="tests.e2e.test_subgroup_endpoints.TestSubGroupMembers" name="test_add_duplicate_member_rejected" time="0.994" /><testcase classname="tests.e2e.test_subgroup_endpoints.TestSubGroupMembers" name="test_add_non_servant_rejected" time="1.396" /><testcase classname="tests.e2e.test_subgroup_endpoints.TestSubGroupMembers" name="test_remove_member" time="0.972" /><testcase classname="tests.e2e.test_subgroup_endpoints.TestSubGroupMembers" name="test_max_members_enforced" time="1.910" /><testcase classname="tests.e2e.test_subgroup_endpoints.TestSubGroupMembers" name="test_servant_in_two_groups_rejected" time="0.983" /><testcase classname="tests.e2e.test_subgroup_endpoints.TestSubGroupSelfService" name="test_get_my_subgroup_with_membership" time="0.965" /><testcase classname="tests.e2e.test_subgroup_endpoints.TestSubGroupSelfService" name="test_get_my_subgroup_none" time="1.132" /><testcase classname="tests.e2e.test_training_endpoints" name="test_create_training_session_success" time="0.993" /><testcase classname="tests.e2e.test_training_endpoints" name="test_create_training_session_forbidden" time="1.272" /><testcase classname="tests.e2e.test_training_endpoints" name="test_list_training_sessions" time="1.141" /><testcase classname="tests.e2e.test_training_endpoints" name="test_get_training_session" time="1.017" /><testcase classname="tests.e2e.test_training_endpoints" name="test_update_training_session" time="1.509" /><testcase classname="tests.e2e.test_training_endpoints" name="test_delete_training_session" time="1.133" /><testcase classname="tests.e2e.test_training_endpoints" name="test_register_to_session" time="1.223" /><testcase classname="tests.e2e.test_training_endpoints" name="test_register_batch_to_session" time="2.170" /><testcase classname="tests.e2e.test_training_endpoints" name="test_get_session_participants" time="1.159" /><testcase classname="tests.e2e.test_training_endpoints" name="test_mark_attendance" time="1.665" /><testcase classname="tests.e2e.test_training_endpoints" name="test_evaluate_participant" time="1.270" /><testcase classname="tests.e2e.test_training_endpoints" name="test_get_servant_participations" time="0.966" /><testcase classname="tests.e2e.test_training_endpoints" name="test_get_servant_stats" time="1.771" /><testcase classname="tests.e2e.test_training_endpoints" name="test_create_training_material" time="0.941" /><testcase classname="tests.e2e.test_training_endpoints" name="test_list_training_materials" time="1.148" /><testcase classname="tests.e2e.test_training_endpoints" name="test_get_training_material" time="1.733" /><testcase classname="tests.e2e.test_training_endpoints" name="test_update_training_material" time="0.930" /><testcase classname="tests.e2e.test_training_endpoints" name="test_delete_training_material" time="1.422" /><testcase classname="tests.e2e.test_training_endpoints" name="test_generate_training_report" time="1.030" /><testcase classname="tests.e2e.test_training_endpoints" name="test_cannot_register_twice" time="1.200" /><testcase classname="tests.e2e.test_training_endpoints" name="test_cannot_delete_session_with_participants" time="2.055" /><testcase classname="tests.e2e.test_training_endpoints" name="test_session_full" time="1.393" /><testcase classname="tests.e2e.test_user_endpoints.TestGetMyProfile" name="test_get_profile_servant" time="0.691" /><testcase classname="tests.e2e.test_user_endpoints.TestGetMyProfile" name="test_get_profile_admin" time="1.321" /><testcase classname="tests.e2e.test_user_endpoints.TestGetMyProfile" name="test_unauthenticated_401" time="0.465" /><testcase classname="tests.e2e.test_user_endpoints.TestUpdateMyProfile" name="test_update_first_name" time="1.201" /><testcase classname="tests.e2e.test_user_endpoints.TestUpdateMyProfile" name="test_update_phone_number" time="0.708" /><testcase classname="tests.e2e.test_user_endpoints.TestUpdateMyProfile" name="test_update_phone_conflict" time="0.919" /><testcase classname="tests.e2e.test_user_endpoints.TestUpdateMyProfile" name="test_invalid_phone_format" time="1.167" /><testcase classname="tests.e2e.test_user_endpoints.TestUpdateMyProfile" name="test_partial_update" time="0.993" /><testcase classname="tests.e2e.test_user_endpoints.TestChangePassword" name="test_change_password_success" time="1.400" /><testcase classname="tests.e2e.test_user_endpoints.TestChangePassword" name="test_wrong_current_password" time="1.491" /><testcase classname="tests.e2e.test_user_endpoints.TestChangePassword" name="test_weak_new_password" time="0.778" /><testcase classname="tests.e2e.test_user_endpoints.TestListDirectory" name="test_servant_can_access_directory" time="1.279" /><testcase classname="tests.e2e.test_user_endpoints.TestListDirectory" name="test_parent_can_access_directory" time="1.872" /><testcase classname="tests.e2e.test_user_endpoints.TestListDirectory" name="test_admin_can_access_directory" time="1.093" /><testcase classname="tests.e2e.test_user_endpoints.TestListDirectory" name="test_unauthenticated_401" time="1.200" /><testcase classname="tests.e2e.test_user_endpoints.TestListDirectory" name="test_filter_by_role" time="1.516" /><testcase classname="tests.e2e.test_user_endpoints.TestListDirectory" name="test_pagination_defaults" time="1.154" /><testcase classname="tests.e2e.test_user_endpoints.TestListDirectory" name="test_returns_only_active_by_default" time="1.588" /><testcase classname="tests.e2e.test_user_endpoints.TestListUsers" name="test_admin_can_list" time="1.189" /><testcase classname="tests.e2e.test_user_endpoints.TestListUsers" name="test_filter_by_role" time="0.899" /><testcase classname="tests.e2e.test_user_endpoints.TestListUsers" name="test_search" time="1.639" /><testcase classname="tests.e2e.test_user_endpoints.TestListUsers" name="test_pagination" time="1.189" /><testcase classname="tests.e2e.test_user_endpoints.TestListUsers" name="test_servant_cannot_list" time="0.706" /><testcase classname="tests.e2e.test_user_endpoints.TestGetUser" name="test_admin_can_view_user" time="1.976" /><testcase classname="tests.e2e.test_user_endpoints.TestGetUser" name="test_nonexistent_user_404" time="0.870" /><testcase classname="tests.e2e.test_user_endpoints.TestAdminUpdateUser" name="test_admin_updates_name" time="1.922" /><testcase classname="tests.e2e.test_user_endpoints.TestAdminUpdateUser" name="test_admin_updates_email" time="1.139" /><testcase classname="tests.e2e.test_user_endpoints.TestActivateDeactivate" name="test_deactivate_user" time="0.924" /><testcase classname="tests.e2e.test_user_endpoints.TestActivateDeactivate" name="test_activate_user" time="1.534" /><testcase classname="tests.e2e.test_user_endpoints.TestActivateDeactivate" name="test_deactivate_self_rejected" time="0.750" /><testcase classname="tests.e2e.test_user_endpoints.TestAdminResetPassword" name="test_reset_password" time="1.315" /><testcase classname="tests.e2e.test_user_endpoints.TestDeleteUser" name="test_delete_user" time="1.811" /><testcase classname="tests.e2e.test_user_endpoints.TestDeleteUser" name="test_delete_self_rejected" time="0.814" /><testcase classname="tests.e2e.test_user_endpoints.TestDeleteUser" name="test_servant_cannot_delete" time="1.003" /></testsuite></testsuites>